-- Boost version: 1.49.0
-- Found the following Boost libraries:
--   system
--   filesystem
-- Boost version: 1.49.0
-- Found the following Boost libraries:
--   unit_test_framework
-- Configuring done
-- Generating done
-- Build files have been written to: /home/eric/workspace/elib/build
[  4%] Building CXX object src/CMakeFiles/ObjLib.dir/rw_lock.cpp.o
/home/eric/workspace/elib/src/rw_lock.cpp:1:3: error: stray ‘#’ in program
 ls#include "elib/rw_lock.h"
   ^
/home/eric/workspace/elib/src/rw_lock.cpp:1:1: error: ‘ls’ does not name a type
 ls#include "elib/rw_lock.h"
 ^
In file included from /opt/gnu/packages/gcc-4.8.1/include/c++/4.8.1/bits/move.h:57:0,
                 from /opt/gnu/packages/gcc-4.8.1/include/c++/4.8.1/bits/stl_pair.h:59,
                 from /opt/gnu/packages/gcc-4.8.1/include/c++/4.8.1/utility:70,
                 from /opt/gnu/packages/gcc-4.8.1/include/c++/4.8.1/tuple:38,
                 from /opt/gnu/packages/gcc-4.8.1/include/c++/4.8.1/mutex:38,
                 from /home/eric/workspace/elib/src/detail/rw_lock_impl.h:4,
                 from /home/eric/workspace/elib/src/rw_lock.cpp:2:
/opt/gnu/packages/gcc-4.8.1/include/c++/4.8.1/type_traits:285:31: error: ‘std::size_t’ has not been declared
   template<typename _Tp, std::size_t _Size>
                               ^
/opt/gnu/packages/gcc-4.8.1/include/c++/4.8.1/type_traits:419:34: error: ‘nullptr_t’ is not a member of ‘std’
     struct __is_nullptr_t_helper<std::nullptr_t>
                                  ^
/opt/gnu/packages/gcc-4.8.1/include/c++/4.8.1/type_traits:419:34: error: ‘nullptr_t’ is not a member of ‘std’
/opt/gnu/packages/gcc-4.8.1/include/c++/4.8.1/type_traits:419:48: error: template argument 1 is invalid
     struct __is_nullptr_t_helper<std::nullptr_t>
                                                ^
/opt/gnu/packages/gcc-4.8.1/include/c++/4.8.1/type_traits:1239:32: error: ‘size_t’ is not a member of ‘std’
     : public integral_constant<std::size_t, __alignof__(_Tp)> { };
                                ^
/opt/gnu/packages/gcc-4.8.1/include/c++/4.8.1/type_traits:1239:32: error: ‘size_t’ is not a member of ‘std’
/opt/gnu/packages/gcc-4.8.1/include/c++/4.8.1/type_traits:1239:61: error: template argument 1 is invalid
     : public integral_constant<std::size_t, __alignof__(_Tp)> { };
                                                             ^
/opt/gnu/packages/gcc-4.8.1/include/c++/4.8.1/type_traits:1239:61: note: invalid template non-type parameter
/opt/gnu/packages/gcc-4.8.1/include/c++/4.8.1/type_traits:1244:32: error: ‘size_t’ is not a member of ‘std’
     : public integral_constant<std::size_t, 0> { };
                                ^
/opt/gnu/packages/gcc-4.8.1/include/c++/4.8.1/type_traits:1244:32: error: ‘size_t’ is not a member of ‘std’
/opt/gnu/packages/gcc-4.8.1/include/c++/4.8.1/type_traits:1244:46: error: template argument 1 is invalid
     : public integral_constant<std::size_t, 0> { };
                                              ^
/opt/gnu/packages/gcc-4.8.1/include/c++/4.8.1/type_traits:1244:46: note: invalid template non-type parameter
/opt/gnu/packages/gcc-4.8.1/include/c++/4.8.1/type_traits:1246:31: error: ‘std::size_t’ has not been declared
   template<typename _Tp, std::size_t _Size>
                               ^
/opt/gnu/packages/gcc-4.8.1/include/c++/4.8.1/type_traits:1248:32: error: ‘size_t’ is not a member of ‘std’
     : public integral_constant<std::size_t, 1 + rank<_Tp>::value> { };
                                ^
/opt/gnu/packages/gcc-4.8.1/include/c++/4.8.1/type_traits:1248:32: error: ‘size_t’ is not a member of ‘std’
/opt/gnu/packages/gcc-4.8.1/include/c++/4.8.1/type_traits:1248:65: error: template argument 1 is invalid
     : public integral_constant<std::size_t, 1 + rank<_Tp>::value> { };
                                                                 ^
/opt/gnu/packages/gcc-4.8.1/include/c++/4.8.1/type_traits:1248:65: note: invalid template non-type parameter
/opt/gnu/packages/gcc-4.8.1/include/c++/4.8.1/type_traits:1252:32: error: ‘size_t’ is not a member of ‘std’
     : public integral_constant<std::size_t, 1 + rank<_Tp>::value> { };
                                ^
/opt/gnu/packages/gcc-4.8.1/include/c++/4.8.1/type_traits:1252:32: error: ‘size_t’ is not a member of ‘std’
/opt/gnu/packages/gcc-4.8.1/include/c++/4.8.1/type_traits:1252:65: error: template argument 1 is invalid
     : public integral_constant<std::size_t, 1 + rank<_Tp>::value> { };
                                                                 ^
/opt/gnu/packages/gcc-4.8.1/include/c++/4.8.1/type_traits:1252:65: note: invalid template non-type parameter
/opt/gnu/packages/gcc-4.8.1/include/c++/4.8.1/type_traits:1257:32: error: ‘size_t’ is not a member of ‘std’
     : public integral_constant<std::size_t, 0> { };
                                ^
/opt/gnu/packages/gcc-4.8.1/include/c++/4.8.1/type_traits:1257:32: error: ‘size_t’ is not a member of ‘std’
/opt/gnu/packages/gcc-4.8.1/include/c++/4.8.1/type_traits:1257:46: error: template argument 1 is invalid
     : public integral_constant<std::size_t, 0> { };
                                              ^
/opt/gnu/packages/gcc-4.8.1/include/c++/4.8.1/type_traits:1257:46: note: invalid template non-type parameter
/opt/gnu/packages/gcc-4.8.1/include/c++/4.8.1/type_traits:1259:47: error: ‘std::size_t’ has not been declared
   template<typename _Tp, unsigned _Uint, std::size_t _Size>
                                               ^
/opt/gnu/packages/gcc-4.8.1/include/c++/4.8.1/type_traits:1261:32: error: ‘size_t’ is not a member of ‘std’
     : public integral_constant<std::size_t,
                                ^
/opt/gnu/packages/gcc-4.8.1/include/c++/4.8.1/type_traits:1261:32: error: ‘size_t’ is not a member of ‘std’
/opt/gnu/packages/gcc-4.8.1/include/c++/4.8.1/type_traits:1263:28: error: template argument 1 is invalid
           _Uint - 1>::value>
                            ^
/opt/gnu/packages/gcc-4.8.1/include/c++/4.8.1/type_traits:1263:28: note: invalid template non-type parameter
/opt/gnu/packages/gcc-4.8.1/include/c++/4.8.1/type_traits:1268:32: error: ‘size_t’ is not a member of ‘std’
     : public integral_constant<std::size_t,
                                ^
/opt/gnu/packages/gcc-4.8.1/include/c++/4.8.1/type_traits:1268:32: error: ‘size_t’ is not a member of ‘std’
/opt/gnu/packages/gcc-4.8.1/include/c++/4.8.1/type_traits:1270:31: error: template argument 1 is invalid
              _Uint - 1>::value>
                               ^
/opt/gnu/packages/gcc-4.8.1/include/c++/4.8.1/type_traits:1270:31: note: invalid template non-type parameter
/opt/gnu/packages/gcc-4.8.1/include/c++/4.8.1/type_traits:1627:31: error: ‘std::size_t’ has not been declared
   template<typename _Tp, std::size_t _Size>
                               ^
/opt/gnu/packages/gcc-4.8.1/include/c++/4.8.1/type_traits:1640:31: error: ‘std::size_t’ has not been declared
   template<typename _Tp, std::size_t _Size>
                               ^
/opt/gnu/packages/gcc-4.8.1/include/c++/4.8.1/type_traits:1671:17: error: ‘std::size_t’ has not been declared
   template<std::size_t _Len>
                 ^
/opt/gnu/packages/gcc-4.8.1/include/c++/4.8.1/type_traits:1691:17: error: ‘std::size_t’ has not been declared
   template<std::size_t _Len, std::size_t _Align =
                 ^
/opt/gnu/packages/gcc-4.8.1/include/c++/4.8.1/type_traits:1691:35: error: ‘std::size_t’ has not been declared
   template<std::size_t _Len, std::size_t _Align =
                                   ^
In file included from /opt/gnu/packages/gcc-4.8.1/include/c++/4.8.1/bits/stl_pair.h:59:0,
                 from /opt/gnu/packages/gcc-4.8.1/include/c++/4.8.1/utility:70,
                 from /opt/gnu/packages/gcc-4.8.1/include/c++/4.8.1/tuple:38,
                 from /opt/gnu/packages/gcc-4.8.1/include/c++/4.8.1/mutex:38,
                 from /home/eric/workspace/elib/src/detail/rw_lock_impl.h:4,
                 from /home/eric/workspace/elib/src/rw_lock.cpp:2:
/opt/gnu/packages/gcc-4.8.1/include/c++/4.8.1/bits/move.h:183:26: error: ‘size_t’ has not been declared
   template<typename _Tp, size_t _Nm>
                          ^
/opt/gnu/packages/gcc-4.8.1/include/c++/4.8.1/bits/move.h: In function ‘void std::swap(_Tp (&)[_Nm], _Tp (&)[_Nm])’:
/opt/gnu/packages/gcc-4.8.1/include/c++/4.8.1/bits/move.h:190:12: error: ‘size_t’ was not declared in this scope
       for (size_t __n = 0; __n < _Nm; ++__n)
            ^
/opt/gnu/packages/gcc-4.8.1/include/c++/4.8.1/bits/move.h:190:19: error: expected ‘;’ before ‘__n’
       for (size_t __n = 0; __n < _Nm; ++__n)
                   ^
/opt/gnu/packages/gcc-4.8.1/include/c++/4.8.1/bits/move.h:190:28: error: ‘__n’ was not declared in this scope
       for (size_t __n = 0; __n < _Nm; ++__n)
                            ^
In file included from /opt/gnu/packages/gcc-4.8.1/include/c++/4.8.1/utility:70:0,
                 from /opt/gnu/packages/gcc-4.8.1/include/c++/4.8.1/tuple:38,
                 from /opt/gnu/packages/gcc-4.8.1/include/c++/4.8.1/mutex:38,
                 from /home/eric/workspace/elib/src/detail/rw_lock_impl.h:4,
                 from /home/eric/workspace/elib/src/rw_lock.cpp:2:
/opt/gnu/packages/gcc-4.8.1/include/c++/4.8.1/bits/stl_pair.h: At global scope:
/opt/gnu/packages/gcc-4.8.1/include/c++/4.8.1/bits/stl_pair.h:85:17: error: ‘std::size_t’ has not been declared
   template<std::size_t...>
                 ^
/opt/gnu/packages/gcc-4.8.1/include/c++/4.8.1/bits/stl_pair.h:204:41: error: ‘std::size_t’ has not been declared
       template<typename... _Args1, std::size_t... _Indexes1,
                                         ^
/opt/gnu/packages/gcc-4.8.1/include/c++/4.8.1/bits/stl_pair.h:205:41: error: ‘std::size_t’ has not been declared
                typename... _Args2, std::size_t... _Indexes2>
                                         ^
In file included from /opt/gnu/packages/gcc-4.8.1/include/c++/4.8.1/utility:74:0,
                 from /opt/gnu/packages/gcc-4.8.1/include/c++/4.8.1/tuple:38,
                 from /opt/gnu/packages/gcc-4.8.1/include/c++/4.8.1/mutex:38,
                 from /home/eric/workspace/elib/src/detail/rw_lock_impl.h:4,
                 from /home/eric/workspace/elib/src/rw_lock.cpp:2:
/opt/gnu/packages/gcc-4.8.1/include/c++/4.8.1/initializer_list:53:15: error: ‘size_t’ does not name a type
       typedef size_t   size_type;
               ^
/opt/gnu/packages/gcc-4.8.1/include/c++/4.8.1/initializer_list:59:7: error: ‘size_type’ does not name a type
       size_type   _M_len;
       ^
/opt/gnu/packages/gcc-4.8.1/include/c++/4.8.1/initializer_list:62:54: error: ‘size_type’ has not been declared
       constexpr initializer_list(const_iterator __a, size_type __l)
                                                      ^
/opt/gnu/packages/gcc-4.8.1/include/c++/4.8.1/initializer_list:70:17: error: ‘size_type’ does not name a type
       constexpr size_type
                 ^
/opt/gnu/packages/gcc-4.8.1/include/c++/4.8.1/initializer_list: In constructor ‘constexpr std::initializer_list<_E>::initializer_list(std::initializer_list<_E>::const_iterator, int)’:
/opt/gnu/packages/gcc-4.8.1/include/c++/4.8.1/initializer_list:63:24: error: class ‘std::initializer_list<_E>’ does not have any field named ‘_M_len’
       : _M_array(__a), _M_len(__l) { }
                        ^
/opt/gnu/packages/gcc-4.8.1/include/c++/4.8.1/initializer_list: In constructor ‘constexpr std::initializer_list<_E>::initializer_list()’:
/opt/gnu/packages/gcc-4.8.1/include/c++/4.8.1/initializer_list:67:22: error: class ‘std::initializer_list<_E>’ does not have any field named ‘_M_len’
       : _M_array(0), _M_len(0) { }
                      ^
/opt/gnu/packages/gcc-4.8.1/include/c++/4.8.1/initializer_list: In member function ‘constexpr const _E* std::initializer_list<_E>::end() const’:
/opt/gnu/packages/gcc-4.8.1/include/c++/4.8.1/initializer_list:79:52: error: there are no arguments to ‘size’ that depend on a template parameter, so a declaration of ‘size’ must be available [-fpermissive]
       end() const noexcept { return begin() + size(); }
                                                    ^
/opt/gnu/packages/gcc-4.8.1/include/c++/4.8.1/initializer_list:79:52: note: (if you use ‘-fpermissive’, G++ will accept your code, but allowing the use of an undeclared name is deprecated)
In file included from /opt/gnu/packages/gcc-4.8.1/include/c++/4.8.1/tuple:38:0,
                 from /opt/gnu/packages/gcc-4.8.1/include/c++/4.8.1/mutex:38,
                 from /home/eric/workspace/elib/src/detail/rw_lock_impl.h:4,
                 from /home/eric/workspace/elib/src/rw_lock.cpp:2:
/opt/gnu/packages/gcc-4.8.1/include/c++/4.8.1/utility: At global scope:
/opt/gnu/packages/gcc-4.8.1/include/c++/4.8.1/utility:83:17: error: ‘std::size_t’ has not been declared
   template<std::size_t _Int, class _Tp>
                 ^
/opt/gnu/packages/gcc-4.8.1/include/c++/4.8.1/utility:89:32: error: ‘size_t’ is not a member of ‘std’
     : public integral_constant<std::size_t, 2> { };
                                ^
/opt/gnu/packages/gcc-4.8.1/include/c++/4.8.1/utility:89:32: error: ‘size_t’ is not a member of ‘std’
/opt/gnu/packages/gcc-4.8.1/include/c++/4.8.1/utility:89:46: error: template argument 1 is invalid
     : public integral_constant<std::size_t, 2> { };
                                              ^
/opt/gnu/packages/gcc-4.8.1/include/c++/4.8.1/utility:89:46: note: invalid template non-type parameter
/opt/gnu/packages/gcc-4.8.1/include/c++/4.8.1/utility:99:17: error: ‘std::size_t’ has not been declared
   template<std::size_t _Int>
                 ^
/opt/gnu/packages/gcc-4.8.1/include/c++/4.8.1/utility:140:17: error: ‘std::size_t’ has not been declared
   template<std::size_t _Int, class _Tp1, class _Tp2>
                 ^
/opt/gnu/packages/gcc-4.8.1/include/c++/4.8.1/utility:145:17: error: ‘std::size_t’ has not been declared
   template<std::size_t _Int, class _Tp1, class _Tp2>
                 ^
/opt/gnu/packages/gcc-4.8.1/include/c++/4.8.1/utility:150:17: error: ‘std::size_t’ has not been declared
   template<std::size_t _Int, class _Tp1, class _Tp2>
                 ^
In file included from /opt/gnu/packages/gcc-4.8.1/include/c++/4.8.1/exception:152:0,
                 from /opt/gnu/packages/gcc-4.8.1/include/c++/4.8.1/stdexcept:38,
                 from /opt/gnu/packages/gcc-4.8.1/include/c++/4.8.1/array:38,
                 from /opt/gnu/packages/gcc-4.8.1/include/c++/4.8.1/tuple:39,
                 from /opt/gnu/packages/gcc-4.8.1/include/c++/4.8.1/mutex:38,
                 from /home/eric/workspace/elib/src/detail/rw_lock_impl.h:4,
                 from /home/eric/workspace/elib/src/rw_lock.cpp:2:
/opt/gnu/packages/gcc-4.8.1/include/c++/4.8.1/bits/exception_ptr.h:95:30: error: field ‘nullptr_t’ has incomplete type
       exception_ptr(nullptr_t) noexcept
                              ^
/opt/gnu/packages/gcc-4.8.1/include/c++/4.8.1/bits/exception_ptr.h:95:30: error: expected ‘;’ at end of member declaration
/opt/gnu/packages/gcc-4.8.1/include/c++/4.8.1/bits/exception_ptr.h:95:32: error: expected unqualified-id before ‘noexcept’
       exception_ptr(nullptr_t) noexcept
                                ^
In file included from /opt/gnu/packages/gcc-4.8.1/include/c++/4.8.1/bits/stl_algobase.h:65:0,
                 from /opt/gnu/packages/gcc-4.8.1/include/c++/4.8.1/bits/char_traits.h:39,
                 from /opt/gnu/packages/gcc-4.8.1/include/c++/4.8.1/string:40,
                 from /opt/gnu/packages/gcc-4.8.1/include/c++/4.8.1/stdexcept:39,
                 from /opt/gnu/packages/gcc-4.8.1/include/c++/4.8.1/array:38,
                 from /opt/gnu/packages/gcc-4.8.1/include/c++/4.8.1/tuple:39,
                 from /opt/gnu/packages/gcc-4.8.1/include/c++/4.8.1/mutex:38,
                 from /home/eric/workspace/elib/src/detail/rw_lock_impl.h:4,
                 from /home/eric/workspace/elib/src/rw_lock.cpp:2:
/opt/gnu/packages/gcc-4.8.1/include/c++/4.8.1/bits/stl_iterator_base_types.h:116:67: error: expected type-specifier before ‘ptrdiff_t’
   template<typename _Category, typename _Tp, typename _Distance = ptrdiff_t,
                                                                   ^
/opt/gnu/packages/gcc-4.8.1/include/c++/4.8.1/bits/stl_iterator_base_types.h:116:67: error: expected ‘>’ before ‘ptrdiff_t’
/opt/gnu/packages/gcc-4.8.1/include/c++/4.8.1/bits/stl_iterator_base_types.h:127:15: error: ‘_Pointer’ does not name a type
       typedef _Pointer   pointer;
               ^
/opt/gnu/packages/gcc-4.8.1/include/c++/4.8.1/bits/stl_iterator_base_types.h:129:15: error: ‘_Reference’ does not name a type
       typedef _Reference reference;
               ^
/opt/gnu/packages/gcc-4.8.1/include/c++/4.8.1/bits/stl_iterator_base_types.h:179:15: error: ‘ptrdiff_t’ does not name a type
       typedef ptrdiff_t                   difference_type;
               ^
/opt/gnu/packages/gcc-4.8.1/include/c++/4.8.1/bits/stl_iterator_base_types.h:190:15: error: ‘ptrdiff_t’ does not name a type
       typedef ptrdiff_t                   difference_type;
               ^
In file included from /opt/gnu/packages/gcc-4.8.1/include/c++/4.8.1/bits/stl_algobase.h:67:0,
                 from /opt/gnu/packages/gcc-4.8.1/include/c++/4.8.1/bits/char_traits.h:39,
                 from /opt/gnu/packages/gcc-4.8.1/include/c++/4.8.1/string:40,
                 from /opt/gnu/packages/gcc-4.8.1/include/c++/4.8.1/stdexcept:39,
                 from /opt/gnu/packages/gcc-4.8.1/include/c++/4.8.1/array:38,
                 from /opt/gnu/packages/gcc-4.8.1/include/c++/4.8.1/tuple:39,
                 from /opt/gnu/packages/gcc-4.8.1/include/c++/4.8.1/mutex:38,
                 from /home/eric/workspace/elib/src/detail/rw_lock_impl.h:4,
                 from /home/eric/workspace/elib/src/rw_lock.cpp:2:
/opt/gnu/packages/gcc-4.8.1/include/c++/4.8.1/bits/stl_iterator.h:101:69: error: wrong number of template arguments (5, should be 3)
                       typename iterator_traits<_Iterator>::reference>
                                                                     ^
In file included from /opt/gnu/packages/gcc-4.8.1/include/c++/4.8.1/bits/stl_algobase.h:65:0,
                 from /opt/gnu/packages/gcc-4.8.1/include/c++/4.8.1/bits/char_traits.h:39,
                 from /opt/gnu/packages/gcc-4.8.1/include/c++/4.8.1/string:40,
                 from /opt/gnu/packages/gcc-4.8.1/include/c++/4.8.1/stdexcept:39,
                 from /opt/gnu/packages/gcc-4.8.1/include/c++/4.8.1/array:38,
                 from /opt/gnu/packages/gcc-4.8.1/include/c++/4.8.1/tuple:39,
                 from /opt/gnu/packages/gcc-4.8.1/include/c++/4.8.1/mutex:38,
                 from /home/eric/workspace/elib/src/detail/rw_lock_impl.h:4,
                 from /home/eric/workspace/elib/src/rw_lock.cpp:2:
/opt/gnu/packages/gcc-4.8.1/include/c++/4.8.1/bits/stl_iterator_base_types.h:118:12: error: provided for ‘template<class _Category, class _Tp, class _Distance> struct std::iterator’
     struct iterator
            ^
In file included from /opt/gnu/packages/gcc-4.8.1/include/c++/4.8.1/bits/stl_algobase.h:67:0,
                 from /opt/gnu/packages/gcc-4.8.1/include/c++/4.8.1/bits/char_traits.h:39,
                 from /opt/gnu/packages/gcc-4.8.1/include/c++/4.8.1/string:40,
                 from /opt/gnu/packages/gcc-4.8.1/include/c++/4.8.1/stdexcept:39,
                 from /opt/gnu/packages/gcc-4.8.1/include/c++/4.8.1/array:38,
                 from /opt/gnu/packages/gcc-4.8.1/include/c++/4.8.1/tuple:39,
                 from /opt/gnu/packages/gcc-4.8.1/include/c++/4.8.1/mutex:38,
                 from /home/eric/workspace/elib/src/detail/rw_lock_impl.h:4,
                 from /home/eric/workspace/elib/src/rw_lock.cpp:2:
/opt/gnu/packages/gcc-4.8.1/include/c++/4.8.1/bits/stl_iterator.h:403:66: error: wrong number of template arguments (5, should be 3)
     : public iterator<output_iterator_tag, void, void, void, void>
                                                                  ^
In file included from /opt/gnu/packages/gcc-4.8.1/include/c++/4.8.1/bits/stl_algobase.h:65:0,
                 from /opt/gnu/packages/gcc-4.8.1/include/c++/4.8.1/bits/char_traits.h:39,
                 from /opt/gnu/packages/gcc-4.8.1/include/c++/4.8.1/string:40,
                 from /opt/gnu/packages/gcc-4.8.1/include/c++/4.8.1/stdexcept:39,
                 from /opt/gnu/packages/gcc-4.8.1/include/c++/4.8.1/array:38,
                 from /opt/gnu/packages/gcc-4.8.1/include/c++/4.8.1/tuple:39,
                 from /opt/gnu/packages/gcc-4.8.1/include/c++/4.8.1/mutex:38,
                 from /home/eric/workspace/elib/src/detail/rw_lock_impl.h:4,
                 from /home/eric/workspace/elib/src/rw_lock.cpp:2:
/opt/gnu/packages/gcc-4.8.1/include/c++/4.8.1/bits/stl_iterator_base_types.h:118:12: error: provided for ‘template<class _Category, class _Tp, class _Distance> struct std::iterator’
     struct iterator
            ^
In file included from /opt/gnu/packages/gcc-4.8.1/include/c++/4.8.1/bits/stl_algobase.h:67:0,
                 from /opt/gnu/packages/gcc-4.8.1/include/c++/4.8.1/bits/char_traits.h:39,
                 from /opt/gnu/packages/gcc-4.8.1/include/c++/4.8.1/string:40,
                 from /opt/gnu/packages/gcc-4.8.1/include/c++/4.8.1/stdexcept:39,
                 from /opt/gnu/packages/gcc-4.8.1/include/c++/4.8.1/array:38,
                 from /opt/gnu/packages/gcc-4.8.1/include/c++/4.8.1/tuple:39,
                 from /opt/gnu/packages/gcc-4.8.1/include/c++/4.8.1/mutex:38,
                 from /home/eric/workspace/elib/src/detail/rw_lock_impl.h:4,
                 from /home/eric/workspace/elib/src/rw_lock.cpp:2:
/opt/gnu/packages/gcc-4.8.1/include/c++/4.8.1/bits/stl_iterator.h:494:66: error: wrong number of template arguments (5, should be 3)
     : public iterator<output_iterator_tag, void, void, void, void>
                                                                  ^
In file included from /opt/gnu/packages/gcc-4.8.1/include/c++/4.8.1/bits/stl_algobase.h:65:0,
                 from /opt/gnu/packages/gcc-4.8.1/include/c++/4.8.1/bits/char_traits.h:39,
                 from /opt/gnu/packages/gcc-4.8.1/include/c++/4.8.1/string:40,
                 from /opt/gnu/packages/gcc-4.8.1/include/c++/4.8.1/stdexcept:39,
                 from /opt/gnu/packages/gcc-4.8.1/include/c++/4.8.1/array:38,
                 from /opt/gnu/packages/gcc-4.8.1/include/c++/4.8.1/tuple:39,
                 from /opt/gnu/packages/gcc-4.8.1/include/c++/4.8.1/mutex:38,
                 from /home/eric/workspace/elib/src/detail/rw_lock_impl.h:4,
                 from /home/eric/workspace/elib/src/rw_lock.cpp:2:
/opt/gnu/packages/gcc-4.8.1/include/c++/4.8.1/bits/stl_iterator_base_types.h:118:12: error: provided for ‘template<class _Category, class _Tp, class _Distance> struct std::iterator’
     struct iterator
            ^
In file included from /opt/gnu/packages/gcc-4.8.1/include/c++/4.8.1/bits/stl_algobase.h:67:0,
                 from /opt/gnu/packages/gcc-4.8.1/include/c++/4.8.1/bits/char_traits.h:39,
                 from /opt/gnu/packages/gcc-4.8.1/include/c++/4.8.1/string:40,
                 from /opt/gnu/packages/gcc-4.8.1/include/c++/4.8.1/stdexcept:39,
                 from /opt/gnu/packages/gcc-4.8.1/include/c++/4.8.1/array:38,
                 from /opt/gnu/packages/gcc-4.8.1/include/c++/4.8.1/tuple:39,
                 from /opt/gnu/packages/gcc-4.8.1/include/c++/4.8.1/mutex:38,
                 from /home/eric/workspace/elib/src/detail/rw_lock_impl.h:4,
                 from /home/eric/workspace/elib/src/rw_lock.cpp:2:
/opt/gnu/packages/gcc-4.8.1/include/c++/4.8.1/bits/stl_iterator.h:588:66: error: wrong number of template arguments (5, should be 3)
     : public iterator<output_iterator_tag, void, void, void, void>
                                                                  ^
In file included from /opt/gnu/packages/gcc-4.8.1/include/c++/4.8.1/bits/stl_algobase.h:65:0,
                 from /opt/gnu/packages/gcc-4.8.1/include/c++/4.8.1/bits/char_traits.h:39,
                 from /opt/gnu/packages/gcc-4.8.1/include/c++/4.8.1/string:40,
                 from /opt/gnu/packages/gcc-4.8.1/include/c++/4.8.1/stdexcept:39,
                 from /opt/gnu/packages/gcc-4.8.1/include/c++/4.8.1/array:38,
                 from /opt/gnu/packages/gcc-4.8.1/include/c++/4.8.1/tuple:39,
                 from /opt/gnu/packages/gcc-4.8.1/include/c++/4.8.1/mutex:38,
                 from /home/eric/workspace/elib/src/detail/rw_lock_impl.h:4,
                 from /home/eric/workspace/elib/src/rw_lock.cpp:2:
/opt/gnu/packages/gcc-4.8.1/include/c++/4.8.1/bits/stl_iterator_base_types.h:118:12: error: provided for ‘template<class _Category, class _Tp, class _Distance> struct std::iterator’
     struct iterator
            ^
In file included from /opt/gnu/packages/gcc-4.8.1/include/c++/4.8.1/bits/char_traits.h:39:0,
                 from /opt/gnu/packages/gcc-4.8.1/include/c++/4.8.1/string:40,
                 from /opt/gnu/packages/gcc-4.8.1/include/c++/4.8.1/stdexcept:39,
                 from /opt/gnu/packages/gcc-4.8.1/include/c++/4.8.1/array:38,
                 from /opt/gnu/packages/gcc-4.8.1/include/c++/4.8.1/tuple:39,
                 from /opt/gnu/packages/gcc-4.8.1/include/c++/4.8.1/mutex:38,
                 from /home/eric/workspace/elib/src/detail/rw_lock_impl.h:4,
                 from /home/eric/workspace/elib/src/rw_lock.cpp:2:
/opt/gnu/packages/gcc-4.8.1/include/c++/4.8.1/bits/stl_algobase.h: In static member function ‘static _Tp* std::__copy_move<_IsMove, true, std::random_access_iterator_tag>::__copy_m(const _Tp*, const _Tp*, _Tp*)’:
/opt/gnu/packages/gcc-4.8.1/include/c++/4.8.1/bits/stl_algobase.h:370:10: error: ‘ptrdiff_t’ does not name a type
    const ptrdiff_t _Num = __last - __first;
          ^
/opt/gnu/packages/gcc-4.8.1/include/c++/4.8.1/bits/stl_algobase.h:371:8: error: ‘_Num’ was not declared in this scope
    if (_Num)
        ^
/opt/gnu/packages/gcc-4.8.1/include/c++/4.8.1/bits/stl_algobase.h:373:22: error: ‘_Num’ was not declared in this scope
    return __result + _Num;
                      ^
/opt/gnu/packages/gcc-4.8.1/include/c++/4.8.1/bits/stl_algobase.h: In static member function ‘static _Tp* std::__copy_move_backward<_IsMove, true, std::random_access_iterator_tag>::__copy_move_b(const _Tp*, const _Tp*, _Tp*)’:
/opt/gnu/packages/gcc-4.8.1/include/c++/4.8.1/bits/stl_algobase.h:565:10: error: ‘ptrdiff_t’ does not name a type
    const ptrdiff_t _Num = __last - __first;
          ^
/opt/gnu/packages/gcc-4.8.1/include/c++/4.8.1/bits/stl_algobase.h:566:8: error: ‘_Num’ was not declared in this scope
    if (_Num)
        ^
/opt/gnu/packages/gcc-4.8.1/include/c++/4.8.1/bits/stl_algobase.h:568:22: error: ‘_Num’ was not declared in this scope
    return __result - _Num;
                      ^
/opt/gnu/packages/gcc-4.8.1/include/c++/4.8.1/bits/stl_algobase.h: In static member function ‘static bool std::__lexicographical_compare<true>::__lc(const _Tp*, const _Tp*, const _Up*, const _Up*)’:
/opt/gnu/packages/gcc-4.8.1/include/c++/4.8.1/bits/stl_algobase.h:904:10: error: ‘size_t’ does not name a type
    const size_t __len1 = __last1 - __first1;
          ^
/opt/gnu/packages/gcc-4.8.1/include/c++/4.8.1/bits/stl_algobase.h:905:10: error: ‘size_t’ does not name a type
    const size_t __len2 = __last2 - __first2;
          ^
/opt/gnu/packages/gcc-4.8.1/include/c++/4.8.1/bits/stl_algobase.h:907:16: error: ‘__len1’ was not declared in this scope
       std::min(__len1, __len2));
                ^
/opt/gnu/packages/gcc-4.8.1/include/c++/4.8.1/bits/stl_algobase.h:907:24: error: ‘__len2’ was not declared in this scope
       std::min(__len1, __len2));
                        ^
In file included from /opt/gnu/packages/gcc-4.8.1/include/c++/4.8.1/bits/char_traits.h:40:0,
                 from /opt/gnu/packages/gcc-4.8.1/include/c++/4.8.1/string:40,
                 from /opt/gnu/packages/gcc-4.8.1/include/c++/4.8.1/stdexcept:39,
                 from /opt/gnu/packages/gcc-4.8.1/include/c++/4.8.1/array:38,
                 from /opt/gnu/packages/gcc-4.8.1/include/c++/4.8.1/tuple:39,
                 from /opt/gnu/packages/gcc-4.8.1/include/c++/4.8.1/mutex:38,
                 from /home/eric/workspace/elib/src/detail/rw_lock_impl.h:4,
                 from /home/eric/workspace/elib/src/rw_lock.cpp:2:
/opt/gnu/packages/gcc-4.8.1/include/c++/4.8.1/bits/postypes.h: At global scope:
/opt/gnu/packages/gcc-4.8.1/include/c++/4.8.1/bits/postypes.h:98:11: error: ‘ptrdiff_t’ does not name a type
   typedef ptrdiff_t streamsize; // Signed integral type
           ^
In file included from /opt/gnu/packages/gcc-4.8.1/include/c++/4.8.1/string:40:0,
                 from /opt/gnu/packages/gcc-4.8.1/include/c++/4.8.1/stdexcept:39,
                 from /opt/gnu/packages/gcc-4.8.1/include/c++/4.8.1/array:38,
                 from /opt/gnu/packages/gcc-4.8.1/include/c++/4.8.1/tuple:39,
                 from /opt/gnu/packages/gcc-4.8.1/include/c++/4.8.1/mutex:38,
                 from /home/eric/workspace/elib/src/detail/rw_lock_impl.h:4,
                 from /home/eric/workspace/elib/src/rw_lock.cpp:2:
/opt/gnu/packages/gcc-4.8.1/include/c++/4.8.1/bits/char_traits.h:104:66: error: ‘std::size_t’ has not been declared
       compare(const char_type* __s1, const char_type* __s2, std::size_t __n);
                                                                  ^
/opt/gnu/packages/gcc-4.8.1/include/c++/4.8.1/bits/char_traits.h:106:14: error: ‘size_t’ in namespace ‘std’ does not name a type
       static std::size_t
              ^
/opt/gnu/packages/gcc-4.8.1/include/c++/4.8.1/bits/char_traits.h:110:39: error: ‘std::size_t’ has not been declared
       find(const char_type* __s, std::size_t __n, const char_type& __a);
                                       ^
/opt/gnu/packages/gcc-4.8.1/include/c++/4.8.1/bits/char_traits.h:113:57: error: ‘std::size_t’ has not been declared
       move(char_type* __s1, const char_type* __s2, std::size_t __n);
                                                         ^
/opt/gnu/packages/gcc-4.8.1/include/c++/4.8.1/bits/char_traits.h:116:57: error: ‘std::size_t’ has not been declared
       copy(char_type* __s1, const char_type* __s2, std::size_t __n);
                                                         ^
/opt/gnu/packages/gcc-4.8.1/include/c++/4.8.1/bits/char_traits.h:119:35: error: ‘std::size_t’ has not been declared
       assign(char_type* __s, std::size_t __n, char_type __a);
                                   ^
/opt/gnu/packages/gcc-4.8.1/include/c++/4.8.1/bits/char_traits.h:145:64: error: ‘std::size_t’ has not been declared
     compare(const char_type* __s1, const char_type* __s2, std::size_t __n)
                                                                ^
/opt/gnu/packages/gcc-4.8.1/include/c++/4.8.1/bits/char_traits.h: In static member function ‘static int __gnu_cxx::char_traits<_CharT>::compare(const char_type*, const char_type*, int)’:
/opt/gnu/packages/gcc-4.8.1/include/c++/4.8.1/bits/char_traits.h:147:12: error: ‘size_t’ is not a member of ‘std’
       for (std::size_t __i = 0; __i < __n; ++__i)
            ^
/opt/gnu/packages/gcc-4.8.1/include/c++/4.8.1/bits/char_traits.h:147:12: note: suggested alternative:
In file included from /usr/include/wchar.h:51:0,
                 from /opt/gnu/packages/gcc-4.8.1/include/c++/4.8.1/cwchar:44,
                 from /opt/gnu/packages/gcc-4.8.1/include/c++/4.8.1/bits/postypes.h:40,
                 from /opt/gnu/packages/gcc-4.8.1/include/c++/4.8.1/bits/char_traits.h:40,
                 from /opt/gnu/packages/gcc-4.8.1/include/c++/4.8.1/string:40,
                 from /opt/gnu/packages/gcc-4.8.1/include/c++/4.8.1/stdexcept:39,
                 from /opt/gnu/packages/gcc-4.8.1/include/c++/4.8.1/array:38,
                 from /opt/gnu/packages/gcc-4.8.1/include/c++/4.8.1/tuple:39,
                 from /opt/gnu/packages/gcc-4.8.1/include/c++/4.8.1/mutex:38,
                 from /home/eric/workspace/elib/src/detail/rw_lock_impl.h:4,
                 from /home/eric/workspace/elib/src/rw_lock.cpp:2:
/opt/gnu/packages/gcc-4.8.1/lib/gcc/x86_64-unknown-linux-gnu/4.8.1/include/stddef.h:212:23: note:   ‘size_t’
 typedef __SIZE_TYPE__ size_t;
                       ^
In file included from /opt/gnu/packages/gcc-4.8.1/include/c++/4.8.1/string:40:0,
                 from /opt/gnu/packages/gcc-4.8.1/include/c++/4.8.1/stdexcept:39,
                 from /opt/gnu/packages/gcc-4.8.1/include/c++/4.8.1/array:38,
                 from /opt/gnu/packages/gcc-4.8.1/include/c++/4.8.1/tuple:39,
                 from /opt/gnu/packages/gcc-4.8.1/include/c++/4.8.1/mutex:38,
                 from /home/eric/workspace/elib/src/detail/rw_lock_impl.h:4,
                 from /home/eric/workspace/elib/src/rw_lock.cpp:2:
/opt/gnu/packages/gcc-4.8.1/include/c++/4.8.1/bits/char_traits.h:147:24: error: expected ‘;’ before ‘__i’
       for (std::size_t __i = 0; __i < __n; ++__i)
                        ^
/opt/gnu/packages/gcc-4.8.1/include/c++/4.8.1/bits/char_traits.h:147:33: error: ‘__i’ was not declared in this scope
       for (std::size_t __i = 0; __i < __n; ++__i)
                                 ^
/opt/gnu/packages/gcc-4.8.1/include/c++/4.8.1/bits/char_traits.h: At global scope:
/opt/gnu/packages/gcc-4.8.1/include/c++/4.8.1/bits/char_traits.h:156:5: error: ‘size_t’ in namespace ‘std’ does not name a type
     std::size_t
     ^
/opt/gnu/packages/gcc-4.8.1/include/c++/4.8.1/bits/char_traits.h:169:37: error: ‘std::size_t’ has not been declared
     find(const char_type* __s, std::size_t __n, const char_type& __a)
                                     ^
/opt/gnu/packages/gcc-4.8.1/include/c++/4.8.1/bits/char_traits.h: In static member function ‘static const char_type* __gnu_cxx::char_traits<_CharT>::find(const char_type*, int, const char_type&)’:
/opt/gnu/packages/gcc-4.8.1/include/c++/4.8.1/bits/char_traits.h:171:12: error: ‘size_t’ is not a member of ‘std’
       for (std::size_t __i = 0; __i < __n; ++__i)
            ^
/opt/gnu/packages/gcc-4.8.1/include/c++/4.8.1/bits/char_traits.h:171:12: note: suggested alternative:
In file included from /usr/include/wchar.h:51:0,
                 from /opt/gnu/packages/gcc-4.8.1/include/c++/4.8.1/cwchar:44,
                 from /opt/gnu/packages/gcc-4.8.1/include/c++/4.8.1/bits/postypes.h:40,
                 from /opt/gnu/packages/gcc-4.8.1/include/c++/4.8.1/bits/char_traits.h:40,
                 from /opt/gnu/packages/gcc-4.8.1/include/c++/4.8.1/string:40,
                 from /opt/gnu/packages/gcc-4.8.1/include/c++/4.8.1/stdexcept:39,
                 from /opt/gnu/packages/gcc-4.8.1/include/c++/4.8.1/array:38,
                 from /opt/gnu/packages/gcc-4.8.1/include/c++/4.8.1/tuple:39,
                 from /opt/gnu/packages/gcc-4.8.1/include/c++/4.8.1/mutex:38,
                 from /home/eric/workspace/elib/src/detail/rw_lock_impl.h:4,
                 from /home/eric/workspace/elib/src/rw_lock.cpp:2:
/opt/gnu/packages/gcc-4.8.1/lib/gcc/x86_64-unknown-linux-gnu/4.8.1/include/stddef.h:212:23: note:   ‘size_t’
 typedef __SIZE_TYPE__ size_t;
                       ^
In file included from /opt/gnu/packages/gcc-4.8.1/include/c++/4.8.1/string:40:0,
                 from /opt/gnu/packages/gcc-4.8.1/include/c++/4.8.1/stdexcept:39,
                 from /opt/gnu/packages/gcc-4.8.1/include/c++/4.8.1/array:38,
                 from /opt/gnu/packages/gcc-4.8.1/include/c++/4.8.1/tuple:39,
                 from /opt/gnu/packages/gcc-4.8.1/include/c++/4.8.1/mutex:38,
                 from /home/eric/workspace/elib/src/detail/rw_lock_impl.h:4,
                 from /home/eric/workspace/elib/src/rw_lock.cpp:2:
/opt/gnu/packages/gcc-4.8.1/include/c++/4.8.1/bits/char_traits.h:171:24: error: expected ‘;’ before ‘__i’
       for (std::size_t __i = 0; __i < __n; ++__i)
                        ^
/opt/gnu/packages/gcc-4.8.1/include/c++/4.8.1/bits/char_traits.h:171:33: error: ‘__i’ was not declared in this scope
       for (std::size_t __i = 0; __i < __n; ++__i)
                                 ^
/opt/gnu/packages/gcc-4.8.1/include/c++/4.8.1/bits/char_traits.h: At global scope:
/opt/gnu/packages/gcc-4.8.1/include/c++/4.8.1/bits/char_traits.h:180:55: error: ‘std::size_t’ has not been declared
     move(char_type* __s1, const char_type* __s2, std::size_t __n)
                                                       ^
/opt/gnu/packages/gcc-4.8.1/include/c++/4.8.1/bits/char_traits.h:189:55: error: ‘std::size_t’ has not been declared
     copy(char_type* __s1, const char_type* __s2, std::size_t __n)
                                                       ^
/opt/gnu/packages/gcc-4.8.1/include/c++/4.8.1/bits/char_traits.h:199:33: error: ‘std::size_t’ has not been declared
     assign(char_type* __s, std::size_t __n, char_type __a)
                                 ^
In file included from /opt/gnu/packages/gcc-4.8.1/include/c++/4.8.1/ext/new_allocator.h:33:0,
                 from /opt/gnu/packages/gcc-4.8.1/include/c++/4.8.1/x86_64-unknown-linux-gnu/bits/c++allocator.h:33,
                 from /opt/gnu/packages/gcc-4.8.1/include/c++/4.8.1/bits/allocator.h:46,
                 from /opt/gnu/packages/gcc-4.8.1/include/c++/4.8.1/string:41,
                 from /opt/gnu/packages/gcc-4.8.1/include/c++/4.8.1/stdexcept:39,
                 from /opt/gnu/packages/gcc-4.8.1/include/c++/4.8.1/array:38,
                 from /opt/gnu/packages/gcc-4.8.1/include/c++/4.8.1/tuple:39,
                 from /opt/gnu/packages/gcc-4.8.1/include/c++/4.8.1/mutex:38,
                 from /home/eric/workspace/elib/src/detail/rw_lock_impl.h:4,
                 from /home/eric/workspace/elib/src/rw_lock.cpp:2:
/opt/gnu/packages/gcc-4.8.1/include/c++/4.8.1/new:91:31: error: declaration of ‘operator new’ as non-function
 void* operator new(std::size_t) _GLIBCXX_THROW (std::bad_alloc)
                               ^
/opt/gnu/packages/gcc-4.8.1/include/c++/4.8.1/new:91:20: error: ‘size_t’ is not a member of ‘std’
 void* operator new(std::size_t) _GLIBCXX_THROW (std::bad_alloc)
                    ^
/opt/gnu/packages/gcc-4.8.1/include/c++/4.8.1/new:91:20: note: suggested alternative:
In file included from /usr/include/wchar.h:51:0,
                 from /opt/gnu/packages/gcc-4.8.1/include/c++/4.8.1/cwchar:44,
                 from /opt/gnu/packages/gcc-4.8.1/include/c++/4.8.1/bits/postypes.h:40,
                 from /opt/gnu/packages/gcc-4.8.1/include/c++/4.8.1/bits/char_traits.h:40,
                 from /opt/gnu/packages/gcc-4.8.1/include/c++/4.8.1/string:40,
                 from /opt/gnu/packages/gcc-4.8.1/include/c++/4.8.1/stdexcept:39,
                 from /opt/gnu/packages/gcc-4.8.1/include/c++/4.8.1/array:38,
                 from /opt/gnu/packages/gcc-4.8.1/include/c++/4.8.1/tuple:39,
                 from /opt/gnu/packages/gcc-4.8.1/include/c++/4.8.1/mutex:38,
                 from /home/eric/workspace/elib/src/detail/rw_lock_impl.h:4,
                 from /home/eric/workspace/elib/src/rw_lock.cpp:2:
/opt/gnu/packages/gcc-4.8.1/lib/gcc/x86_64-unknown-linux-gnu/4.8.1/include/stddef.h:212:23: note:   ‘size_t’
 typedef __SIZE_TYPE__ size_t;
                       ^
In file included from /opt/gnu/packages/gcc-4.8.1/include/c++/4.8.1/ext/new_allocator.h:33:0,
                 from /opt/gnu/packages/gcc-4.8.1/include/c++/4.8.1/x86_64-unknown-linux-gnu/bits/c++allocator.h:33,
                 from /opt/gnu/packages/gcc-4.8.1/include/c++/4.8.1/bits/allocator.h:46,
                 from /opt/gnu/packages/gcc-4.8.1/include/c++/4.8.1/string:41,
                 from /opt/gnu/packages/gcc-4.8.1/include/c++/4.8.1/stdexcept:39,
                 from /opt/gnu/packages/gcc-4.8.1/include/c++/4.8.1/array:38,
                 from /opt/gnu/packages/gcc-4.8.1/include/c++/4.8.1/tuple:39,
                 from /opt/gnu/packages/gcc-4.8.1/include/c++/4.8.1/mutex:38,
                 from /home/eric/workspace/elib/src/detail/rw_lock_impl.h:4,
                 from /home/eric/workspace/elib/src/rw_lock.cpp:2:
/opt/gnu/packages/gcc-4.8.1/include/c++/4.8.1/new:93:33: error: declaration of ‘operator new []’ as non-function
 void* operator new[](std::size_t) _GLIBCXX_THROW (std::bad_alloc)
                                 ^
/opt/gnu/packages/gcc-4.8.1/include/c++/4.8.1/new:93:22: error: ‘size_t’ is not a member of ‘std’
 void* operator new[](std::size_t) _GLIBCXX_THROW (std::bad_alloc)
                      ^
/opt/gnu/packages/gcc-4.8.1/include/c++/4.8.1/new:93:22: note: suggested alternative:
In file included from /usr/include/wchar.h:51:0,
                 from /opt/gnu/packages/gcc-4.8.1/include/c++/4.8.1/cwchar:44,
                 from /opt/gnu/packages/gcc-4.8.1/include/c++/4.8.1/bits/postypes.h:40,
                 from /opt/gnu/packages/gcc-4.8.1/include/c++/4.8.1/bits/char_traits.h:40,
                 from /opt/gnu/packages/gcc-4.8.1/include/c++/4.8.1/string:40,
                 from /opt/gnu/packages/gcc-4.8.1/include/c++/4.8.1/stdexcept:39,
                 from /opt/gnu/packages/gcc-4.8.1/include/c++/4.8.1/array:38,
                 from /opt/gnu/packages/gcc-4.8.1/include/c++/4.8.1/tuple:39,
                 from /opt/gnu/packages/gcc-4.8.1/include/c++/4.8.1/mutex:38,
                 from /home/eric/workspace/elib/src/detail/rw_lock_impl.h:4,
                 from /home/eric/workspace/elib/src/rw_lock.cpp:2:
/opt/gnu/packages/gcc-4.8.1/lib/gcc/x86_64-unknown-linux-gnu/4.8.1/include/stddef.h:212:23: note:   ‘size_t’
 typedef __SIZE_TYPE__ size_t;
                       ^
In file included from /opt/gnu/packages/gcc-4.8.1/include/c++/4.8.1/ext/new_allocator.h:33:0,
                 from /opt/gnu/packages/gcc-4.8.1/include/c++/4.8.1/x86_64-unknown-linux-gnu/bits/c++allocator.h:33,
                 from /opt/gnu/packages/gcc-4.8.1/include/c++/4.8.1/bits/allocator.h:46,
                 from /opt/gnu/packages/gcc-4.8.1/include/c++/4.8.1/string:41,
                 from /opt/gnu/packages/gcc-4.8.1/include/c++/4.8.1/stdexcept:39,
                 from /opt/gnu/packages/gcc-4.8.1/include/c++/4.8.1/array:38,
                 from /opt/gnu/packages/gcc-4.8.1/include/c++/4.8.1/tuple:39,
                 from /opt/gnu/packages/gcc-4.8.1/include/c++/4.8.1/mutex:38,
                 from /home/eric/workspace/elib/src/detail/rw_lock_impl.h:4,
                 from /home/eric/workspace/elib/src/rw_lock.cpp:2:
/opt/gnu/packages/gcc-4.8.1/include/c++/4.8.1/new:99:25: error: declaration of ‘operator new’ as non-function
 void* operator new(std::size_t, const std::nothrow_t&) _GLIBCXX_USE_NOEXCEPT
                         ^
/opt/gnu/packages/gcc-4.8.1/include/c++/4.8.1/new:99:20: error: ‘size_t’ is not a member of ‘std’
 void* operator new(std::size_t, const std::nothrow_t&) _GLIBCXX_USE_NOEXCEPT
                    ^
/opt/gnu/packages/gcc-4.8.1/include/c++/4.8.1/new:99:20: note: suggested alternative:
In file included from /usr/include/wchar.h:51:0,
                 from /opt/gnu/packages/gcc-4.8.1/include/c++/4.8.1/cwchar:44,
                 from /opt/gnu/packages/gcc-4.8.1/include/c++/4.8.1/bits/postypes.h:40,
                 from /opt/gnu/packages/gcc-4.8.1/include/c++/4.8.1/bits/char_traits.h:40,
                 from /opt/gnu/packages/gcc-4.8.1/include/c++/4.8.1/string:40,
                 from /opt/gnu/packages/gcc-4.8.1/include/c++/4.8.1/stdexcept:39,
                 from /opt/gnu/packages/gcc-4.8.1/include/c++/4.8.1/array:38,
                 from /opt/gnu/packages/gcc-4.8.1/include/c++/4.8.1/tuple:39,
                 from /opt/gnu/packages/gcc-4.8.1/include/c++/4.8.1/mutex:38,
                 from /home/eric/workspace/elib/src/detail/rw_lock_impl.h:4,
                 from /home/eric/workspace/elib/src/rw_lock.cpp:2:
/opt/gnu/packages/gcc-4.8.1/lib/gcc/x86_64-unknown-linux-gnu/4.8.1/include/stddef.h:212:23: note:   ‘size_t’
 typedef __SIZE_TYPE__ size_t;
                       ^
In file included from /opt/gnu/packages/gcc-4.8.1/include/c++/4.8.1/ext/new_allocator.h:33:0,
                 from /opt/gnu/packages/gcc-4.8.1/include/c++/4.8.1/x86_64-unknown-linux-gnu/bits/c++allocator.h:33,
                 from /opt/gnu/packages/gcc-4.8.1/include/c++/4.8.1/bits/allocator.h:46,
                 from /opt/gnu/packages/gcc-4.8.1/include/c++/4.8.1/string:41,
                 from /opt/gnu/packages/gcc-4.8.1/include/c++/4.8.1/stdexcept:39,
                 from /opt/gnu/packages/gcc-4.8.1/include/c++/4.8.1/array:38,
                 from /opt/gnu/packages/gcc-4.8.1/include/c++/4.8.1/tuple:39,
                 from /opt/gnu/packages/gcc-4.8.1/include/c++/4.8.1/mutex:38,
                 from /home/eric/workspace/elib/src/detail/rw_lock_impl.h:4,
                 from /home/eric/workspace/elib/src/rw_lock.cpp:2:
/opt/gnu/packages/gcc-4.8.1/include/c++/4.8.1/new:99:33: error: expected primary-expression before ‘const’
 void* operator new(std::size_t, const std::nothrow_t&) _GLIBCXX_USE_NOEXCEPT
                                 ^
/opt/gnu/packages/gcc-4.8.1/include/c++/4.8.1/new:101:27: error: declaration of ‘operator new []’ as non-function
 void* operator new[](std::size_t, const std::nothrow_t&) _GLIBCXX_USE_NOEXCEPT
                           ^
/opt/gnu/packages/gcc-4.8.1/include/c++/4.8.1/new:101:22: error: ‘size_t’ is not a member of ‘std’
 void* operator new[](std::size_t, const std::nothrow_t&) _GLIBCXX_USE_NOEXCEPT
                      ^
/opt/gnu/packages/gcc-4.8.1/include/c++/4.8.1/new:101:22: note: suggested alternative:
In file included from /usr/include/wchar.h:51:0,
                 from /opt/gnu/packages/gcc-4.8.1/include/c++/4.8.1/cwchar:44,
                 from /opt/gnu/packages/gcc-4.8.1/include/c++/4.8.1/bits/postypes.h:40,
                 from /opt/gnu/packages/gcc-4.8.1/include/c++/4.8.1/bits/char_traits.h:40,
                 from /opt/gnu/packages/gcc-4.8.1/include/c++/4.8.1/string:40,
                 from /opt/gnu/packages/gcc-4.8.1/include/c++/4.8.1/stdexcept:39,
                 from /opt/gnu/packages/gcc-4.8.1/include/c++/4.8.1/array:38,
                 from /opt/gnu/packages/gcc-4.8.1/include/c++/4.8.1/tuple:39,
                 from /opt/gnu/packages/gcc-4.8.1/include/c++/4.8.1/mutex:38,
                 from /home/eric/workspace/elib/src/detail/rw_lock_impl.h:4,
                 from /home/eric/workspace/elib/src/rw_lock.cpp:2:
/opt/gnu/packages/gcc-4.8.1/lib/gcc/x86_64-unknown-linux-gnu/4.8.1/include/stddef.h:212:23: note:   ‘size_t’
 typedef __SIZE_TYPE__ size_t;
                       ^
In file included from /opt/gnu/packages/gcc-4.8.1/include/c++/4.8.1/ext/new_allocator.h:33:0,
                 from /opt/gnu/packages/gcc-4.8.1/include/c++/4.8.1/x86_64-unknown-linux-gnu/bits/c++allocator.h:33,
                 from /opt/gnu/packages/gcc-4.8.1/include/c++/4.8.1/bits/allocator.h:46,
                 from /opt/gnu/packages/gcc-4.8.1/include/c++/4.8.1/string:41,
                 from /opt/gnu/packages/gcc-4.8.1/include/c++/4.8.1/stdexcept:39,
                 from /opt/gnu/packages/gcc-4.8.1/include/c++/4.8.1/array:38,
                 from /opt/gnu/packages/gcc-4.8.1/include/c++/4.8.1/tuple:39,
                 from /opt/gnu/packages/gcc-4.8.1/include/c++/4.8.1/mutex:38,
                 from /home/eric/workspace/elib/src/detail/rw_lock_impl.h:4,
                 from /home/eric/workspace/elib/src/rw_lock.cpp:2:
/opt/gnu/packages/gcc-4.8.1/include/c++/4.8.1/new:101:35: error: expected primary-expression before ‘const’
 void* operator new[](std::size_t, const std::nothrow_t&) _GLIBCXX_USE_NOEXCEPT
                                   ^
/opt/gnu/packages/gcc-4.8.1/include/c++/4.8.1/new:109:32: error: declaration of ‘operator new’ as non-function
 inline void* operator new(std::size_t, void* __p) _GLIBCXX_USE_NOEXCEPT
                                ^
/opt/gnu/packages/gcc-4.8.1/include/c++/4.8.1/new:109:27: error: ‘size_t’ is not a member of ‘std’
 inline void* operator new(std::size_t, void* __p) _GLIBCXX_USE_NOEXCEPT
                           ^
/opt/gnu/packages/gcc-4.8.1/include/c++/4.8.1/new:109:27: note: suggested alternative:
In file included from /usr/include/wchar.h:51:0,
                 from /opt/gnu/packages/gcc-4.8.1/include/c++/4.8.1/cwchar:44,
                 from /opt/gnu/packages/gcc-4.8.1/include/c++/4.8.1/bits/postypes.h:40,
                 from /opt/gnu/packages/gcc-4.8.1/include/c++/4.8.1/bits/char_traits.h:40,
                 from /opt/gnu/packages/gcc-4.8.1/include/c++/4.8.1/string:40,
                 from /opt/gnu/packages/gcc-4.8.1/include/c++/4.8.1/stdexcept:39,
                 from /opt/gnu/packages/gcc-4.8.1/include/c++/4.8.1/array:38,
                 from /opt/gnu/packages/gcc-4.8.1/include/c++/4.8.1/tuple:39,
                 from /opt/gnu/packages/gcc-4.8.1/include/c++/4.8.1/mutex:38,
                 from /home/eric/workspace/elib/src/detail/rw_lock_impl.h:4,
                 from /home/eric/workspace/elib/src/rw_lock.cpp:2:
/opt/gnu/packages/gcc-4.8.1/lib/gcc/x86_64-unknown-linux-gnu/4.8.1/include/stddef.h:212:23: note:   ‘size_t’
 typedef __SIZE_TYPE__ size_t;
                       ^
In file included from /opt/gnu/packages/gcc-4.8.1/include/c++/4.8.1/ext/new_allocator.h:33:0,
                 from /opt/gnu/packages/gcc-4.8.1/include/c++/4.8.1/x86_64-unknown-linux-gnu/bits/c++allocator.h:33,
                 from /opt/gnu/packages/gcc-4.8.1/include/c++/4.8.1/bits/allocator.h:46,
                 from /opt/gnu/packages/gcc-4.8.1/include/c++/4.8.1/string:41,
                 from /opt/gnu/packages/gcc-4.8.1/include/c++/4.8.1/stdexcept:39,
                 from /opt/gnu/packages/gcc-4.8.1/include/c++/4.8.1/array:38,
                 from /opt/gnu/packages/gcc-4.8.1/include/c++/4.8.1/tuple:39,
                 from /opt/gnu/packages/gcc-4.8.1/include/c++/4.8.1/mutex:38,
                 from /home/eric/workspace/elib/src/detail/rw_lock_impl.h:4,
                 from /home/eric/workspace/elib/src/rw_lock.cpp:2:
/opt/gnu/packages/gcc-4.8.1/include/c++/4.8.1/new:109:40: error: expected primary-expression before ‘void’
 inline void* operator new(std::size_t, void* __p) _GLIBCXX_USE_NOEXCEPT
                                        ^
/opt/gnu/packages/gcc-4.8.1/include/c++/4.8.1/new:111:34: error: declaration of ‘operator new []’ as non-function
 inline void* operator new[](std::size_t, void* __p) _GLIBCXX_USE_NOEXCEPT
                                  ^
/opt/gnu/packages/gcc-4.8.1/include/c++/4.8.1/new:111:29: error: ‘size_t’ is not a member of ‘std’
 inline void* operator new[](std::size_t, void* __p) _GLIBCXX_USE_NOEXCEPT
                             ^
/opt/gnu/packages/gcc-4.8.1/include/c++/4.8.1/new:111:29: note: suggested alternative:
In file included from /usr/include/wchar.h:51:0,
                 from /opt/gnu/packages/gcc-4.8.1/include/c++/4.8.1/cwchar:44,
                 from /opt/gnu/packages/gcc-4.8.1/include/c++/4.8.1/bits/postypes.h:40,
                 from /opt/gnu/packages/gcc-4.8.1/include/c++/4.8.1/bits/char_traits.h:40,
                 from /opt/gnu/packages/gcc-4.8.1/include/c++/4.8.1/string:40,
                 from /opt/gnu/packages/gcc-4.8.1/include/c++/4.8.1/stdexcept:39,
                 from /opt/gnu/packages/gcc-4.8.1/include/c++/4.8.1/array:38,
                 from /opt/gnu/packages/gcc-4.8.1/include/c++/4.8.1/tuple:39,
                 from /opt/gnu/packages/gcc-4.8.1/include/c++/4.8.1/mutex:38,
                 from /home/eric/workspace/elib/src/detail/rw_lock_impl.h:4,
                 from /home/eric/workspace/elib/src/rw_lock.cpp:2:
/opt/gnu/packages/gcc-4.8.1/lib/gcc/x86_64-unknown-linux-gnu/4.8.1/include/stddef.h:212:23: note:   ‘size_t’
 typedef __SIZE_TYPE__ size_t;
                       ^
In file included from /opt/gnu/packages/gcc-4.8.1/include/c++/4.8.1/ext/new_allocator.h:33:0,
                 from /opt/gnu/packages/gcc-4.8.1/include/c++/4.8.1/x86_64-unknown-linux-gnu/bits/c++allocator.h:33,
                 from /opt/gnu/packages/gcc-4.8.1/include/c++/4.8.1/bits/allocator.h:46,
                 from /opt/gnu/packages/gcc-4.8.1/include/c++/4.8.1/string:41,
                 from /opt/gnu/packages/gcc-4.8.1/include/c++/4.8.1/stdexcept:39,
                 from /opt/gnu/packages/gcc-4.8.1/include/c++/4.8.1/array:38,
                 from /opt/gnu/packages/gcc-4.8.1/include/c++/4.8.1/tuple:39,
                 from /opt/gnu/packages/gcc-4.8.1/include/c++/4.8.1/mutex:38,
                 from /home/eric/workspace/elib/src/detail/rw_lock_impl.h:4,
                 from /home/eric/workspace/elib/src/rw_lock.cpp:2:
/opt/gnu/packages/gcc-4.8.1/include/c++/4.8.1/new:111:42: error: expected primary-expression before ‘void’
 inline void* operator new[](std::size_t, void* __p) _GLIBCXX_USE_NOEXCEPT
                                          ^
In file included from /opt/gnu/packages/gcc-4.8.1/include/c++/4.8.1/x86_64-unknown-linux-gnu/bits/c++allocator.h:33:0,
                 from /opt/gnu/packages/gcc-4.8.1/include/c++/4.8.1/bits/allocator.h:46,
                 from /opt/gnu/packages/gcc-4.8.1/include/c++/4.8.1/string:41,
                 from /opt/gnu/packages/gcc-4.8.1/include/c++/4.8.1/stdexcept:39,
                 from /opt/gnu/packages/gcc-4.8.1/include/c++/4.8.1/array:38,
                 from /opt/gnu/packages/gcc-4.8.1/include/c++/4.8.1/tuple:39,
                 from /opt/gnu/packages/gcc-4.8.1/include/c++/4.8.1/mutex:38,
                 from /home/eric/workspace/elib/src/detail/rw_lock_impl.h:4,
                 from /home/eric/workspace/elib/src/rw_lock.cpp:2:
/opt/gnu/packages/gcc-4.8.1/include/c++/4.8.1/ext/new_allocator.h:44:14: error: ‘std::size_t’ has not been declared
   using std::size_t;
              ^
/opt/gnu/packages/gcc-4.8.1/include/c++/4.8.1/ext/new_allocator.h:45:14: error: ‘std::ptrdiff_t’ has not been declared
   using std::ptrdiff_t;
              ^
/opt/gnu/packages/gcc-4.8.1/include/c++/4.8.1/ext/new_allocator.h:62:15: error: ‘ptrdiff_t’ does not name a type
       typedef ptrdiff_t  difference_type;
               ^
In file included from /opt/gnu/packages/gcc-4.8.1/include/c++/4.8.1/string:41:0,
                 from /opt/gnu/packages/gcc-4.8.1/include/c++/4.8.1/stdexcept:39,
                 from /opt/gnu/packages/gcc-4.8.1/include/c++/4.8.1/array:38,
                 from /opt/gnu/packages/gcc-4.8.1/include/c++/4.8.1/tuple:39,
                 from /opt/gnu/packages/gcc-4.8.1/include/c++/4.8.1/mutex:38,
                 from /home/eric/workspace/elib/src/detail/rw_lock_impl.h:4,
                 from /home/eric/workspace/elib/src/rw_lock.cpp:2:
/opt/gnu/packages/gcc-4.8.1/include/c++/4.8.1/bits/allocator.h:67:15: error: ‘ptrdiff_t’ does not name a type
       typedef ptrdiff_t   difference_type;
               ^
/opt/gnu/packages/gcc-4.8.1/include/c++/4.8.1/bits/allocator.h:96:15: error: ‘ptrdiff_t’ does not name a type
       typedef ptrdiff_t  difference_type;
               ^
In file included from /opt/gnu/packages/gcc-4.8.1/include/c++/4.8.1/string:44:0,
                 from /opt/gnu/packages/gcc-4.8.1/include/c++/4.8.1/stdexcept:39,
                 from /opt/gnu/packages/gcc-4.8.1/include/c++/4.8.1/array:38,
                 from /opt/gnu/packages/gcc-4.8.1/include/c++/4.8.1/tuple:39,
                 from /opt/gnu/packages/gcc-4.8.1/include/c++/4.8.1/mutex:38,
                 from /home/eric/workspace/elib/src/detail/rw_lock_impl.h:4,
                 from /home/eric/workspace/elib/src/rw_lock.cpp:2:
/opt/gnu/packages/gcc-4.8.1/include/c++/4.8.1/bits/ostream_insert.h:45:26: error: ‘streamsize’ has not been declared
       const _CharT* __s, streamsize __n)
                          ^
/opt/gnu/packages/gcc-4.8.1/include/c++/4.8.1/bits/ostream_insert.h: In function ‘void std::__ostream_write(std::basic_ostream<_CharT, _Traits>&, const _CharT*, int)’:
/opt/gnu/packages/gcc-4.8.1/include/c++/4.8.1/bits/ostream_insert.h:50:13: error: ‘streamsize’ does not name a type
       const streamsize __put = __out.rdbuf()->sputn(__s, __n);
             ^
/opt/gnu/packages/gcc-4.8.1/include/c++/4.8.1/bits/ostream_insert.h:51:11: error: ‘__put’ was not declared in this scope
       if (__put != __n)
           ^
/opt/gnu/packages/gcc-4.8.1/include/c++/4.8.1/bits/ostream_insert.h: At global scope:
/opt/gnu/packages/gcc-4.8.1/include/c++/4.8.1/bits/ostream_insert.h:57:59: error: ‘streamsize’ has not been declared
     __ostream_fill(basic_ostream<_CharT, _Traits>& __out, streamsize __n)
                                                           ^
/opt/gnu/packages/gcc-4.8.1/include/c++/4.8.1/bits/ostream_insert.h:77:27: error: ‘streamsize’ has not been declared
        const _CharT* __s, streamsize __n)
                           ^
/opt/gnu/packages/gcc-4.8.1/include/c++/4.8.1/bits/ostream_insert.h: In function ‘std::basic_ostream<_CharT, _Traits>& std::__ostream_insert(std::basic_ostream<_CharT, _Traits>&, const _CharT*, int)’:
/opt/gnu/packages/gcc-4.8.1/include/c++/4.8.1/bits/ostream_insert.h:87:14: error: ‘streamsize’ does not name a type
        const streamsize __w = __out.width();
              ^
/opt/gnu/packages/gcc-4.8.1/include/c++/4.8.1/bits/ostream_insert.h:88:12: error: ‘__w’ was not declared in this scope
        if (__w > __n)
            ^
/opt/gnu/packages/gcc-4.8.1/include/c++/4.8.1/bits/ostream_insert.h: At global scope:
/opt/gnu/packages/gcc-4.8.1/include/c++/4.8.1/bits/ostream_insert.h:118:68: error: ‘streamsize’ has not been declared
   extern template ostream& __ostream_insert(ostream&, const char*, streamsize);
                                                                    ^
/opt/gnu/packages/gcc-4.8.1/include/c++/4.8.1/bits/ostream_insert.h:122:11: error: ‘streamsize’ has not been declared
           streamsize);
           ^
In file included from /opt/gnu/packages/gcc-4.8.1/include/c++/4.8.1/bits/basic_string.h:2815:0,
                 from /opt/gnu/packages/gcc-4.8.1/include/c++/4.8.1/string:52,
                 from /opt/gnu/packages/gcc-4.8.1/include/c++/4.8.1/stdexcept:39,
                 from /opt/gnu/packages/gcc-4.8.1/include/c++/4.8.1/array:38,
                 from /opt/gnu/packages/gcc-4.8.1/include/c++/4.8.1/tuple:39,
                 from /opt/gnu/packages/gcc-4.8.1/include/c++/4.8.1/mutex:38,
                 from /home/eric/workspace/elib/src/detail/rw_lock_impl.h:4,
                 from /home/eric/workspace/elib/src/rw_lock.cpp:2:
/opt/gnu/packages/gcc-4.8.1/include/c++/4.8.1/ext/string_conversions.h:55:51: error: ‘std::size_t’ has not been declared
     const char* __name, const _CharT* __str, std::size_t* __idx,
                                                   ^
/opt/gnu/packages/gcc-4.8.1/include/c++/4.8.1/ext/string_conversions.h:83:48: error: ‘std::size_t’ has not been declared
     __to_xstring(int (*__convf) (_CharT*, std::size_t, const _CharT*,
                                                ^
/opt/gnu/packages/gcc-4.8.1/include/c++/4.8.1/ext/string_conversions.h:84:31: error: ‘std::size_t’ has not been declared
      __builtin_va_list), std::size_t __n,
                               ^
In file included from /opt/gnu/packages/gcc-4.8.1/include/c++/4.8.1/string:52:0,
                 from /opt/gnu/packages/gcc-4.8.1/include/c++/4.8.1/stdexcept:39,
                 from /opt/gnu/packages/gcc-4.8.1/include/c++/4.8.1/array:38,
                 from /opt/gnu/packages/gcc-4.8.1/include/c++/4.8.1/tuple:39,
                 from /opt/gnu/packages/gcc-4.8.1/include/c++/4.8.1/mutex:38,
                 from /home/eric/workspace/elib/src/detail/rw_lock_impl.h:4,
                 from /home/eric/workspace/elib/src/rw_lock.cpp:2:
/opt/gnu/packages/gcc-4.8.1/include/c++/4.8.1/bits/basic_string.h: In instantiation of ‘class std::basic_string<char>’:
/opt/gnu/packages/gcc-4.8.1/include/c++/4.8.1/bits/basic_string.h:2824:68:   required from here
/opt/gnu/packages/gcc-4.8.1/include/c++/4.8.1/bits/basic_string.h:122:61: error: no type named ‘difference_type’ in ‘std::basic_string<char>::_CharT_alloc_type {aka class std::allocator<char>}’
       typedef typename _CharT_alloc_type::difference_type   difference_type;
                                                             ^
In file included from /opt/gnu/packages/gcc-4.8.1/include/c++/4.8.1/string:52:0,
                 from /opt/gnu/packages/gcc-4.8.1/include/c++/4.8.1/stdexcept:39,
                 from /opt/gnu/packages/gcc-4.8.1/include/c++/4.8.1/array:38,
                 from /opt/gnu/packages/gcc-4.8.1/include/c++/4.8.1/tuple:39,
                 from /opt/gnu/packages/gcc-4.8.1/include/c++/4.8.1/mutex:38,
                 from /home/eric/workspace/elib/src/detail/rw_lock_impl.h:4,
                 from /home/eric/workspace/elib/src/rw_lock.cpp:2:
/opt/gnu/packages/gcc-4.8.1/include/c++/4.8.1/bits/basic_string.h: In function ‘int std::stoi(const string&, size_t*, int)’:
/opt/gnu/packages/gcc-4.8.1/include/c++/4.8.1/bits/basic_string.h:2825:19: error: no matching function for call to ‘__stoa(long int (*)(const char*, char**, int)throw (), const char [5], const char*, size_t*&, int&)’
      __idx, __base); }
                   ^
/opt/gnu/packages/gcc-4.8.1/include/c++/4.8.1/bits/basic_string.h:2825:19: note: candidate is:
In file included from /opt/gnu/packages/gcc-4.8.1/include/c++/4.8.1/bits/basic_string.h:2815:0,
                 from /opt/gnu/packages/gcc-4.8.1/include/c++/4.8.1/string:52,
                 from /opt/gnu/packages/gcc-4.8.1/include/c++/4.8.1/stdexcept:39,
                 from /opt/gnu/packages/gcc-4.8.1/include/c++/4.8.1/array:38,
                 from /opt/gnu/packages/gcc-4.8.1/include/c++/4.8.1/tuple:39,
                 from /opt/gnu/packages/gcc-4.8.1/include/c++/4.8.1/mutex:38,
                 from /home/eric/workspace/elib/src/detail/rw_lock_impl.h:4,
                 from /home/eric/workspace/elib/src/rw_lock.cpp:2:
/opt/gnu/packages/gcc-4.8.1/include/c++/4.8.1/ext/string_conversions.h:54:5: note: template<class _TRet, class _Ret, class _CharT, class ... _Base> _Ret __gnu_cxx::__stoa(_TRet (*)(const _CharT*, _CharT**, _Base ...), const char*, const _CharT*, int*, _Base ...)
     __stoa(_TRet (*__convf) (const _CharT*, _CharT**, _Base...),
     ^
/opt/gnu/packages/gcc-4.8.1/include/c++/4.8.1/ext/string_conversions.h:54:5: note:   template argument deduction/substitution failed:
In file included from /opt/gnu/packages/gcc-4.8.1/include/c++/4.8.1/string:52:0,
                 from /opt/gnu/packages/gcc-4.8.1/include/c++/4.8.1/stdexcept:39,
                 from /opt/gnu/packages/gcc-4.8.1/include/c++/4.8.1/array:38,
                 from /opt/gnu/packages/gcc-4.8.1/include/c++/4.8.1/tuple:39,
                 from /opt/gnu/packages/gcc-4.8.1/include/c++/4.8.1/mutex:38,
                 from /home/eric/workspace/elib/src/detail/rw_lock_impl.h:4,
                 from /home/eric/workspace/elib/src/rw_lock.cpp:2:
/opt/gnu/packages/gcc-4.8.1/include/c++/4.8.1/bits/basic_string.h:2825:19: note:   cannot convert ‘__idx’ (type ‘size_t* {aka long unsigned int*}’) to type ‘int*’
      __idx, __base); }
                   ^
/opt/gnu/packages/gcc-4.8.1/include/c++/4.8.1/bits/basic_string.h: In function ‘long int std::stol(const string&, size_t*, int)’:
/opt/gnu/packages/gcc-4.8.1/include/c++/4.8.1/bits/basic_string.h:2830:22: error: no matching function for call to ‘__stoa(long int (*)(const char*, char**, int)throw (), const char [5], const char*, size_t*&, int&)’
         __idx, __base); }
                      ^
/opt/gnu/packages/gcc-4.8.1/include/c++/4.8.1/bits/basic_string.h:2830:22: note: candidate is:
In file included from /opt/gnu/packages/gcc-4.8.1/include/c++/4.8.1/bits/basic_string.h:2815:0,
                 from /opt/gnu/packages/gcc-4.8.1/include/c++/4.8.1/string:52,
                 from /opt/gnu/packages/gcc-4.8.1/include/c++/4.8.1/stdexcept:39,
                 from /opt/gnu/packages/gcc-4.8.1/include/c++/4.8.1/array:38,
                 from /opt/gnu/packages/gcc-4.8.1/include/c++/4.8.1/tuple:39,
                 from /opt/gnu/packages/gcc-4.8.1/include/c++/4.8.1/mutex:38,
                 from /home/eric/workspace/elib/src/detail/rw_lock_impl.h:4,
                 from /home/eric/workspace/elib/src/rw_lock.cpp:2:
/opt/gnu/packages/gcc-4.8.1/include/c++/4.8.1/ext/string_conversions.h:54:5: note: template<class _TRet, class _Ret, class _CharT, class ... _Base> _Ret __gnu_cxx::__stoa(_TRet (*)(const _CharT*, _CharT**, _Base ...), const char*, const _CharT*, int*, _Base ...)
     __stoa(_TRet (*__convf) (const _CharT*, _CharT**, _Base...),
     ^
/opt/gnu/packages/gcc-4.8.1/include/c++/4.8.1/ext/string_conversions.h:54:5: note:   template argument deduction/substitution failed:
In file included from /opt/gnu/packages/gcc-4.8.1/include/c++/4.8.1/string:52:0,
                 from /opt/gnu/packages/gcc-4.8.1/include/c++/4.8.1/stdexcept:39,
                 from /opt/gnu/packages/gcc-4.8.1/include/c++/4.8.1/array:38,
                 from /opt/gnu/packages/gcc-4.8.1/include/c++/4.8.1/tuple:39,
                 from /opt/gnu/packages/gcc-4.8.1/include/c++/4.8.1/mutex:38,
                 from /home/eric/workspace/elib/src/detail/rw_lock_impl.h:4,
                 from /home/eric/workspace/elib/src/rw_lock.cpp:2:
/opt/gnu/packages/gcc-4.8.1/include/c++/4.8.1/bits/basic_string.h:2830:22: note:   cannot convert ‘__idx’ (type ‘size_t* {aka long unsigned int*}’) to type ‘int*’
         __idx, __base); }
                      ^
/opt/gnu/packages/gcc-4.8.1/include/c++/4.8.1/bits/basic_string.h: In function ‘long unsigned int std::stoul(const string&, size_t*, int)’:
/opt/gnu/packages/gcc-4.8.1/include/c++/4.8.1/bits/basic_string.h:2835:22: error: no matching function for call to ‘__stoa(long unsigned int (*)(const char*, char**, int)throw (), const char [6], const char*, size_t*&, int&)’
         __idx, __base); }
                      ^
/opt/gnu/packages/gcc-4.8.1/include/c++/4.8.1/bits/basic_string.h:2835:22: note: candidate is:
In file included from /opt/gnu/packages/gcc-4.8.1/include/c++/4.8.1/bits/basic_string.h:2815:0,
                 from /opt/gnu/packages/gcc-4.8.1/include/c++/4.8.1/string:52,
                 from /opt/gnu/packages/gcc-4.8.1/include/c++/4.8.1/stdexcept:39,
                 from /opt/gnu/packages/gcc-4.8.1/include/c++/4.8.1/array:38,
                 from /opt/gnu/packages/gcc-4.8.1/include/c++/4.8.1/tuple:39,
                 from /opt/gnu/packages/gcc-4.8.1/include/c++/4.8.1/mutex:38,
                 from /home/eric/workspace/elib/src/detail/rw_lock_impl.h:4,
                 from /home/eric/workspace/elib/src/rw_lock.cpp:2:
/opt/gnu/packages/gcc-4.8.1/include/c++/4.8.1/ext/string_conversions.h:54:5: note: template<class _TRet, class _Ret, class _CharT, class ... _Base> _Ret __gnu_cxx::__stoa(_TRet (*)(const _CharT*, _CharT**, _Base ...), const char*, const _CharT*, int*, _Base ...)
     __stoa(_TRet (*__convf) (const _CharT*, _CharT**, _Base...),
     ^
/opt/gnu/packages/gcc-4.8.1/include/c++/4.8.1/ext/string_conversions.h:54:5: note:   template argument deduction/substitution failed:
In file included from /opt/gnu/packages/gcc-4.8.1/include/c++/4.8.1/string:52:0,
                 from /opt/gnu/packages/gcc-4.8.1/include/c++/4.8.1/stdexcept:39,
                 from /opt/gnu/packages/gcc-4.8.1/include/c++/4.8.1/array:38,
                 from /opt/gnu/packages/gcc-4.8.1/include/c++/4.8.1/tuple:39,
                 from /opt/gnu/packages/gcc-4.8.1/include/c++/4.8.1/mutex:38,
                 from /home/eric/workspace/elib/src/detail/rw_lock_impl.h:4,
                 from /home/eric/workspace/elib/src/rw_lock.cpp:2:
/opt/gnu/packages/gcc-4.8.1/include/c++/4.8.1/bits/basic_string.h:2835:22: note:   cannot convert ‘__idx’ (type ‘size_t* {aka long unsigned int*}’) to type ‘int*’
         __idx, __base); }
                      ^
/opt/gnu/packages/gcc-4.8.1/include/c++/4.8.1/bits/basic_string.h: In function ‘long long int std::stoll(const string&, size_t*, int)’:
/opt/gnu/packages/gcc-4.8.1/include/c++/4.8.1/bits/basic_string.h:2840:22: error: no matching function for call to ‘__stoa(long long int (*)(const char*, char**, int)throw (), const char [6], const char*, size_t*&, int&)’
         __idx, __base); }
                      ^
/opt/gnu/packages/gcc-4.8.1/include/c++/4.8.1/bits/basic_string.h:2840:22: note: candidate is:
In file included from /opt/gnu/packages/gcc-4.8.1/include/c++/4.8.1/bits/basic_string.h:2815:0,
                 from /opt/gnu/packages/gcc-4.8.1/include/c++/4.8.1/string:52,
                 from /opt/gnu/packages/gcc-4.8.1/include/c++/4.8.1/stdexcept:39,
                 from /opt/gnu/packages/gcc-4.8.1/include/c++/4.8.1/array:38,
                 from /opt/gnu/packages/gcc-4.8.1/include/c++/4.8.1/tuple:39,
                 from /opt/gnu/packages/gcc-4.8.1/include/c++/4.8.1/mutex:38,
                 from /home/eric/workspace/elib/src/detail/rw_lock_impl.h:4,
                 from /home/eric/workspace/elib/src/rw_lock.cpp:2:
/opt/gnu/packages/gcc-4.8.1/include/c++/4.8.1/ext/string_conversions.h:54:5: note: template<class _TRet, class _Ret, class _CharT, class ... _Base> _Ret __gnu_cxx::__stoa(_TRet (*)(const _CharT*, _CharT**, _Base ...), const char*, const _CharT*, int*, _Base ...)
     __stoa(_TRet (*__convf) (const _CharT*, _CharT**, _Base...),
     ^
/opt/gnu/packages/gcc-4.8.1/include/c++/4.8.1/ext/string_conversions.h:54:5: note:   template argument deduction/substitution failed:
In file included from /opt/gnu/packages/gcc-4.8.1/include/c++/4.8.1/string:52:0,
                 from /opt/gnu/packages/gcc-4.8.1/include/c++/4.8.1/stdexcept:39,
                 from /opt/gnu/packages/gcc-4.8.1/include/c++/4.8.1/array:38,
                 from /opt/gnu/packages/gcc-4.8.1/include/c++/4.8.1/tuple:39,
                 from /opt/gnu/packages/gcc-4.8.1/include/c++/4.8.1/mutex:38,
                 from /home/eric/workspace/elib/src/detail/rw_lock_impl.h:4,
                 from /home/eric/workspace/elib/src/rw_lock.cpp:2:
/opt/gnu/packages/gcc-4.8.1/include/c++/4.8.1/bits/basic_string.h:2840:22: note:   cannot convert ‘__idx’ (type ‘size_t* {aka long unsigned int*}’) to type ‘int*’
         __idx, __base); }
                      ^
/opt/gnu/packages/gcc-4.8.1/include/c++/4.8.1/bits/basic_string.h: In function ‘long long unsigned int std::stoull(const string&, size_t*, int)’:
/opt/gnu/packages/gcc-4.8.1/include/c++/4.8.1/bits/basic_string.h:2845:22: error: no matching function for call to ‘__stoa(long long unsigned int (*)(const char*, char**, int)throw (), const char [7], const char*, size_t*&, int&)’
         __idx, __base); }
                      ^
/opt/gnu/packages/gcc-4.8.1/include/c++/4.8.1/bits/basic_string.h:2845:22: note: candidate is:
In file included from /opt/gnu/packages/gcc-4.8.1/include/c++/4.8.1/bits/basic_string.h:2815:0,
                 from /opt/gnu/packages/gcc-4.8.1/include/c++/4.8.1/string:52,
                 from /opt/gnu/packages/gcc-4.8.1/include/c++/4.8.1/stdexcept:39,
                 from /opt/gnu/packages/gcc-4.8.1/include/c++/4.8.1/array:38,
                 from /opt/gnu/packages/gcc-4.8.1/include/c++/4.8.1/tuple:39,
                 from /opt/gnu/packages/gcc-4.8.1/include/c++/4.8.1/mutex:38,
                 from /home/eric/workspace/elib/src/detail/rw_lock_impl.h:4,
                 from /home/eric/workspace/elib/src/rw_lock.cpp:2:
/opt/gnu/packages/gcc-4.8.1/include/c++/4.8.1/ext/string_conversions.h:54:5: note: template<class _TRet, class _Ret, class _CharT, class ... _Base> _Ret __gnu_cxx::__stoa(_TRet (*)(const _CharT*, _CharT**, _Base ...), const char*, const _CharT*, int*, _Base ...)
     __stoa(_TRet (*__convf) (const _CharT*, _CharT**, _Base...),
     ^
/opt/gnu/packages/gcc-4.8.1/include/c++/4.8.1/ext/string_conversions.h:54:5: note:   template argument deduction/substitution failed:
In file included from /opt/gnu/packages/gcc-4.8.1/include/c++/4.8.1/string:52:0,
                 from /opt/gnu/packages/gcc-4.8.1/include/c++/4.8.1/stdexcept:39,
                 from /opt/gnu/packages/gcc-4.8.1/include/c++/4.8.1/array:38,
                 from /opt/gnu/packages/gcc-4.8.1/include/c++/4.8.1/tuple:39,
                 from /opt/gnu/packages/gcc-4.8.1/include/c++/4.8.1/mutex:38,
                 from /home/eric/workspace/elib/src/detail/rw_lock_impl.h:4,
                 from /home/eric/workspace/elib/src/rw_lock.cpp:2:
/opt/gnu/packages/gcc-4.8.1/include/c++/4.8.1/bits/basic_string.h:2845:22: note:   cannot convert ‘__idx’ (type ‘size_t* {aka long unsigned int*}’) to type ‘int*’
         __idx, __base); }
                      ^
/opt/gnu/packages/gcc-4.8.1/include/c++/4.8.1/bits/basic_string.h: In function ‘float std::stof(const string&, size_t*)’:
/opt/gnu/packages/gcc-4.8.1/include/c++/4.8.1/bits/basic_string.h:2850:72: error: no matching function for call to ‘__stoa(float (*)(const char*, char**)throw (), const char [5], const char*, size_t*&)’
   { return __gnu_cxx::__stoa(&std::strtof, "stof", __str.c_str(), __idx); }
                                                                        ^
/opt/gnu/packages/gcc-4.8.1/include/c++/4.8.1/bits/basic_string.h:2850:72: note: candidate is:
In file included from /opt/gnu/packages/gcc-4.8.1/include/c++/4.8.1/bits/basic_string.h:2815:0,
                 from /opt/gnu/packages/gcc-4.8.1/include/c++/4.8.1/string:52,
                 from /opt/gnu/packages/gcc-4.8.1/include/c++/4.8.1/stdexcept:39,
                 from /opt/gnu/packages/gcc-4.8.1/include/c++/4.8.1/array:38,
                 from /opt/gnu/packages/gcc-4.8.1/include/c++/4.8.1/tuple:39,
                 from /opt/gnu/packages/gcc-4.8.1/include/c++/4.8.1/mutex:38,
                 from /home/eric/workspace/elib/src/detail/rw_lock_impl.h:4,
                 from /home/eric/workspace/elib/src/rw_lock.cpp:2:
/opt/gnu/packages/gcc-4.8.1/include/c++/4.8.1/ext/string_conversions.h:54:5: note: template<class _TRet, class _Ret, class _CharT, class ... _Base> _Ret __gnu_cxx::__stoa(_TRet (*)(const _CharT*, _CharT**, _Base ...), const char*, const _CharT*, int*, _Base ...)
     __stoa(_TRet (*__convf) (const _CharT*, _CharT**, _Base...),
     ^
/opt/gnu/packages/gcc-4.8.1/include/c++/4.8.1/ext/string_conversions.h:54:5: note:   template argument deduction/substitution failed:
In file included from /opt/gnu/packages/gcc-4.8.1/include/c++/4.8.1/string:52:0,
                 from /opt/gnu/packages/gcc-4.8.1/include/c++/4.8.1/stdexcept:39,
                 from /opt/gnu/packages/gcc-4.8.1/include/c++/4.8.1/array:38,
                 from /opt/gnu/packages/gcc-4.8.1/include/c++/4.8.1/tuple:39,
                 from /opt/gnu/packages/gcc-4.8.1/include/c++/4.8.1/mutex:38,
                 from /home/eric/workspace/elib/src/detail/rw_lock_impl.h:4,
                 from /home/eric/workspace/elib/src/rw_lock.cpp:2:
/opt/gnu/packages/gcc-4.8.1/include/c++/4.8.1/bits/basic_string.h:2850:72: note:   cannot convert ‘__idx’ (type ‘size_t* {aka long unsigned int*}’) to type ‘int*’
   { return __gnu_cxx::__stoa(&std::strtof, "stof", __str.c_str(), __idx); }
                                                                        ^
/opt/gnu/packages/gcc-4.8.1/include/c++/4.8.1/bits/basic_string.h: In function ‘double std::stod(const string&, size_t*)’:
/opt/gnu/packages/gcc-4.8.1/include/c++/4.8.1/bits/basic_string.h:2854:72: error: no matching function for call to ‘__stoa(double (*)(const char*, char**)throw (), const char [5], const char*, size_t*&)’
   { return __gnu_cxx::__stoa(&std::strtod, "stod", __str.c_str(), __idx); }
                                                                        ^
/opt/gnu/packages/gcc-4.8.1/include/c++/4.8.1/bits/basic_string.h:2854:72: note: candidate is:
In file included from /opt/gnu/packages/gcc-4.8.1/include/c++/4.8.1/bits/basic_string.h:2815:0,
                 from /opt/gnu/packages/gcc-4.8.1/include/c++/4.8.1/string:52,
                 from /opt/gnu/packages/gcc-4.8.1/include/c++/4.8.1/stdexcept:39,
                 from /opt/gnu/packages/gcc-4.8.1/include/c++/4.8.1/array:38,
                 from /opt/gnu/packages/gcc-4.8.1/include/c++/4.8.1/tuple:39,
                 from /opt/gnu/packages/gcc-4.8.1/include/c++/4.8.1/mutex:38,
                 from /home/eric/workspace/elib/src/detail/rw_lock_impl.h:4,
                 from /home/eric/workspace/elib/src/rw_lock.cpp:2:
/opt/gnu/packages/gcc-4.8.1/include/c++/4.8.1/ext/string_conversions.h:54:5: note: template<class _TRet, class _Ret, class _CharT, class ... _Base> _Ret __gnu_cxx::__stoa(_TRet (*)(const _CharT*, _CharT**, _Base ...), const char*, const _CharT*, int*, _Base ...)
     __stoa(_TRet (*__convf) (const _CharT*, _CharT**, _Base...),
     ^
/opt/gnu/packages/gcc-4.8.1/include/c++/4.8.1/ext/string_conversions.h:54:5: note:   template argument deduction/substitution failed:
In file included from /opt/gnu/packages/gcc-4.8.1/include/c++/4.8.1/string:52:0,
                 from /opt/gnu/packages/gcc-4.8.1/include/c++/4.8.1/stdexcept:39,
                 from /opt/gnu/packages/gcc-4.8.1/include/c++/4.8.1/array:38,
                 from /opt/gnu/packages/gcc-4.8.1/include/c++/4.8.1/tuple:39,
                 from /opt/gnu/packages/gcc-4.8.1/include/c++/4.8.1/mutex:38,
                 from /home/eric/workspace/elib/src/detail/rw_lock_impl.h:4,
                 from /home/eric/workspace/elib/src/rw_lock.cpp:2:
/opt/gnu/packages/gcc-4.8.1/include/c++/4.8.1/bits/basic_string.h:2854:72: note:   cannot convert ‘__idx’ (type ‘size_t* {aka long unsigned int*}’) to type ‘int*’
   { return __gnu_cxx::__stoa(&std::strtod, "stod", __str.c_str(), __idx); }
                                                                        ^
/opt/gnu/packages/gcc-4.8.1/include/c++/4.8.1/bits/basic_string.h: In function ‘long double std::stold(const string&, size_t*)’:
/opt/gnu/packages/gcc-4.8.1/include/c++/4.8.1/bits/basic_string.h:2858:74: error: no matching function for call to ‘__stoa(long double (*)(const char*, char**)throw (), const char [6], const char*, size_t*&)’
   { return __gnu_cxx::__stoa(&std::strtold, "stold", __str.c_str(), __idx); }
                                                                          ^
/opt/gnu/packages/gcc-4.8.1/include/c++/4.8.1/bits/basic_string.h:2858:74: note: candidate is:
In file included from /opt/gnu/packages/gcc-4.8.1/include/c++/4.8.1/bits/basic_string.h:2815:0,
                 from /opt/gnu/packages/gcc-4.8.1/include/c++/4.8.1/string:52,
                 from /opt/gnu/packages/gcc-4.8.1/include/c++/4.8.1/stdexcept:39,
                 from /opt/gnu/packages/gcc-4.8.1/include/c++/4.8.1/array:38,
                 from /opt/gnu/packages/gcc-4.8.1/include/c++/4.8.1/tuple:39,
                 from /opt/gnu/packages/gcc-4.8.1/include/c++/4.8.1/mutex:38,
                 from /home/eric/workspace/elib/src/detail/rw_lock_impl.h:4,
                 from /home/eric/workspace/elib/src/rw_lock.cpp:2:
/opt/gnu/packages/gcc-4.8.1/include/c++/4.8.1/ext/string_conversions.h:54:5: note: template<class _TRet, class _Ret, class _CharT, class ... _Base> _Ret __gnu_cxx::__stoa(_TRet (*)(const _CharT*, _CharT**, _Base ...), const char*, const _CharT*, int*, _Base ...)
     __stoa(_TRet (*__convf) (const _CharT*, _CharT**, _Base...),
     ^
/opt/gnu/packages/gcc-4.8.1/include/c++/4.8.1/ext/string_conversions.h:54:5: note:   template argument deduction/substitution failed:
In file included from /opt/gnu/packages/gcc-4.8.1/include/c++/4.8.1/string:52:0,
                 from /opt/gnu/packages/gcc-4.8.1/include/c++/4.8.1/stdexcept:39,
                 from /opt/gnu/packages/gcc-4.8.1/include/c++/4.8.1/array:38,
                 from /opt/gnu/packages/gcc-4.8.1/include/c++/4.8.1/tuple:39,
                 from /opt/gnu/packages/gcc-4.8.1/include/c++/4.8.1/mutex:38,
                 from /home/eric/workspace/elib/src/detail/rw_lock_impl.h:4,
                 from /home/eric/workspace/elib/src/rw_lock.cpp:2:
/opt/gnu/packages/gcc-4.8.1/include/c++/4.8.1/bits/basic_string.h:2858:74: note:   cannot convert ‘__idx’ (type ‘size_t* {aka long unsigned int*}’) to type ‘int*’
   { return __gnu_cxx::__stoa(&std::strtold, "stold", __str.c_str(), __idx); }
                                                                          ^
/opt/gnu/packages/gcc-4.8.1/include/c++/4.8.1/bits/basic_string.h: In function ‘std::string std::to_string(int)’:
/opt/gnu/packages/gcc-4.8.1/include/c++/4.8.1/bits/basic_string.h:2866:20: error: no matching function for call to ‘__to_xstring(int (*)(char*, size_t, const char*, __va_list_tag*)throw (), long unsigned int, const char [3], int&)’
         "%d", __val); }
                    ^
/opt/gnu/packages/gcc-4.8.1/include/c++/4.8.1/bits/basic_string.h:2866:20: note: candidate is:
In file included from /opt/gnu/packages/gcc-4.8.1/include/c++/4.8.1/bits/basic_string.h:2815:0,
                 from /opt/gnu/packages/gcc-4.8.1/include/c++/4.8.1/string:52,
                 from /opt/gnu/packages/gcc-4.8.1/include/c++/4.8.1/stdexcept:39,
                 from /opt/gnu/packages/gcc-4.8.1/include/c++/4.8.1/array:38,
                 from /opt/gnu/packages/gcc-4.8.1/include/c++/4.8.1/tuple:39,
                 from /opt/gnu/packages/gcc-4.8.1/include/c++/4.8.1/mutex:38,
                 from /home/eric/workspace/elib/src/detail/rw_lock_impl.h:4,
                 from /home/eric/workspace/elib/src/rw_lock.cpp:2:
/opt/gnu/packages/gcc-4.8.1/include/c++/4.8.1/ext/string_conversions.h:83:5: note: template<class _String, class _CharT> _String __gnu_cxx::__to_xstring(int (*)(_CharT*, int, const _CharT*, __va_list_tag*), int, const _CharT*, ...)
     __to_xstring(int (*__convf) (_CharT*, std::size_t, const _CharT*,
     ^
/opt/gnu/packages/gcc-4.8.1/include/c++/4.8.1/ext/string_conversions.h:83:5: note:   template argument deduction/substitution failed:
In file included from /opt/gnu/packages/gcc-4.8.1/include/c++/4.8.1/string:52:0,
                 from /opt/gnu/packages/gcc-4.8.1/include/c++/4.8.1/stdexcept:39,
                 from /opt/gnu/packages/gcc-4.8.1/include/c++/4.8.1/array:38,
                 from /opt/gnu/packages/gcc-4.8.1/include/c++/4.8.1/tuple:39,
                 from /opt/gnu/packages/gcc-4.8.1/include/c++/4.8.1/mutex:38,
                 from /home/eric/workspace/elib/src/detail/rw_lock_impl.h:4,
                 from /home/eric/workspace/elib/src/rw_lock.cpp:2:
/opt/gnu/packages/gcc-4.8.1/include/c++/4.8.1/bits/basic_string.h:2866:20: note:   mismatched types ‘int’ and ‘size_t {aka long unsigned int}’
         "%d", __val); }
                    ^
/opt/gnu/packages/gcc-4.8.1/include/c++/4.8.1/bits/basic_string.h: In function ‘std::string std::to_string(unsigned int)’:
/opt/gnu/packages/gcc-4.8.1/include/c++/4.8.1/bits/basic_string.h:2872:20: error: no matching function for call to ‘__to_xstring(int (*)(char*, size_t, const char*, __va_list_tag*)throw (), long unsigned int, const char [3], unsigned int&)’
         "%u", __val); }
                    ^
/opt/gnu/packages/gcc-4.8.1/include/c++/4.8.1/bits/basic_string.h:2872:20: note: candidate is:
In file included from /opt/gnu/packages/gcc-4.8.1/include/c++/4.8.1/bits/basic_string.h:2815:0,
                 from /opt/gnu/packages/gcc-4.8.1/include/c++/4.8.1/string:52,
                 from /opt/gnu/packages/gcc-4.8.1/include/c++/4.8.1/stdexcept:39,
                 from /opt/gnu/packages/gcc-4.8.1/include/c++/4.8.1/array:38,
                 from /opt/gnu/packages/gcc-4.8.1/include/c++/4.8.1/tuple:39,
                 from /opt/gnu/packages/gcc-4.8.1/include/c++/4.8.1/mutex:38,
                 from /home/eric/workspace/elib/src/detail/rw_lock_impl.h:4,
                 from /home/eric/workspace/elib/src/rw_lock.cpp:2:
/opt/gnu/packages/gcc-4.8.1/include/c++/4.8.1/ext/string_conversions.h:83:5: note: template<class _String, class _CharT> _String __gnu_cxx::__to_xstring(int (*)(_CharT*, int, const _CharT*, __va_list_tag*), int, const _CharT*, ...)
     __to_xstring(int (*__convf) (_CharT*, std::size_t, const _CharT*,
     ^
/opt/gnu/packages/gcc-4.8.1/include/c++/4.8.1/ext/string_conversions.h:83:5: note:   template argument deduction/substitution failed:
In file included from /opt/gnu/packages/gcc-4.8.1/include/c++/4.8.1/string:52:0,
                 from /opt/gnu/packages/gcc-4.8.1/include/c++/4.8.1/stdexcept:39,
                 from /opt/gnu/packages/gcc-4.8.1/include/c++/4.8.1/array:38,
                 from /opt/gnu/packages/gcc-4.8.1/include/c++/4.8.1/tuple:39,
                 from /opt/gnu/packages/gcc-4.8.1/include/c++/4.8.1/mutex:38,
                 from /home/eric/workspace/elib/src/detail/rw_lock_impl.h:4,
                 from /home/eric/workspace/elib/src/rw_lock.cpp:2:
/opt/gnu/packages/gcc-4.8.1/include/c++/4.8.1/bits/basic_string.h:2872:20: note:   mismatched types ‘int’ and ‘size_t {aka long unsigned int}’
         "%u", __val); }
                    ^
/opt/gnu/packages/gcc-4.8.1/include/c++/4.8.1/bits/basic_string.h: In function ‘std::string std::to_string(long int)’:
/opt/gnu/packages/gcc-4.8.1/include/c++/4.8.1/bits/basic_string.h:2877:21: error: no matching function for call to ‘__to_xstring(int (*)(char*, size_t, const char*, __va_list_tag*)throw (), long unsigned int, const char [4], long int&)’
         "%ld", __val); }
                     ^
/opt/gnu/packages/gcc-4.8.1/include/c++/4.8.1/bits/basic_string.h:2877:21: note: candidate is:
In file included from /opt/gnu/packages/gcc-4.8.1/include/c++/4.8.1/bits/basic_string.h:2815:0,
                 from /opt/gnu/packages/gcc-4.8.1/include/c++/4.8.1/string:52,
                 from /opt/gnu/packages/gcc-4.8.1/include/c++/4.8.1/stdexcept:39,
                 from /opt/gnu/packages/gcc-4.8.1/include/c++/4.8.1/array:38,
                 from /opt/gnu/packages/gcc-4.8.1/include/c++/4.8.1/tuple:39,
                 from /opt/gnu/packages/gcc-4.8.1/include/c++/4.8.1/mutex:38,
                 from /home/eric/workspace/elib/src/detail/rw_lock_impl.h:4,
                 from /home/eric/workspace/elib/src/rw_lock.cpp:2:
/opt/gnu/packages/gcc-4.8.1/include/c++/4.8.1/ext/string_conversions.h:83:5: note: template<class _String, class _CharT> _String __gnu_cxx::__to_xstring(int (*)(_CharT*, int, const _CharT*, __va_list_tag*), int, const _CharT*, ...)
     __to_xstring(int (*__convf) (_CharT*, std::size_t, const _CharT*,
     ^
/opt/gnu/packages/gcc-4.8.1/include/c++/4.8.1/ext/string_conversions.h:83:5: note:   template argument deduction/substitution failed:
In file included from /opt/gnu/packages/gcc-4.8.1/include/c++/4.8.1/string:52:0,
                 from /opt/gnu/packages/gcc-4.8.1/include/c++/4.8.1/stdexcept:39,
                 from /opt/gnu/packages/gcc-4.8.1/include/c++/4.8.1/array:38,
                 from /opt/gnu/packages/gcc-4.8.1/include/c++/4.8.1/tuple:39,
                 from /opt/gnu/packages/gcc-4.8.1/include/c++/4.8.1/mutex:38,
                 from /home/eric/workspace/elib/src/detail/rw_lock_impl.h:4,
                 from /home/eric/workspace/elib/src/rw_lock.cpp:2:
/opt/gnu/packages/gcc-4.8.1/include/c++/4.8.1/bits/basic_string.h:2877:21: note:   mismatched types ‘int’ and ‘size_t {aka long unsigned int}’
         "%ld", __val); }
                     ^
/opt/gnu/packages/gcc-4.8.1/include/c++/4.8.1/bits/basic_string.h: In function ‘std::string std::to_string(long unsigned int)’:
/opt/gnu/packages/gcc-4.8.1/include/c++/4.8.1/bits/basic_string.h:2883:21: error: no matching function for call to ‘__to_xstring(int (*)(char*, size_t, const char*, __va_list_tag*)throw (), long unsigned int, const char [4], long unsigned int&)’
         "%lu", __val); }
                     ^
/opt/gnu/packages/gcc-4.8.1/include/c++/4.8.1/bits/basic_string.h:2883:21: note: candidate is:
In file included from /opt/gnu/packages/gcc-4.8.1/include/c++/4.8.1/bits/basic_string.h:2815:0,
                 from /opt/gnu/packages/gcc-4.8.1/include/c++/4.8.1/string:52,
                 from /opt/gnu/packages/gcc-4.8.1/include/c++/4.8.1/stdexcept:39,
                 from /opt/gnu/packages/gcc-4.8.1/include/c++/4.8.1/array:38,
                 from /opt/gnu/packages/gcc-4.8.1/include/c++/4.8.1/tuple:39,
                 from /opt/gnu/packages/gcc-4.8.1/include/c++/4.8.1/mutex:38,
                 from /home/eric/workspace/elib/src/detail/rw_lock_impl.h:4,
                 from /home/eric/workspace/elib/src/rw_lock.cpp:2:
/opt/gnu/packages/gcc-4.8.1/include/c++/4.8.1/ext/string_conversions.h:83:5: note: template<class _String, class _CharT> _String __gnu_cxx::__to_xstring(int (*)(_CharT*, int, const _CharT*, __va_list_tag*), int, const _CharT*, ...)
     __to_xstring(int (*__convf) (_CharT*, std::size_t, const _CharT*,
     ^
/opt/gnu/packages/gcc-4.8.1/include/c++/4.8.1/ext/string_conversions.h:83:5: note:   template argument deduction/substitution failed:
In file included from /opt/gnu/packages/gcc-4.8.1/include/c++/4.8.1/string:52:0,
                 from /opt/gnu/packages/gcc-4.8.1/include/c++/4.8.1/stdexcept:39,
                 from /opt/gnu/packages/gcc-4.8.1/include/c++/4.8.1/array:38,
                 from /opt/gnu/packages/gcc-4.8.1/include/c++/4.8.1/tuple:39,
                 from /opt/gnu/packages/gcc-4.8.1/include/c++/4.8.1/mutex:38,
                 from /home/eric/workspace/elib/src/detail/rw_lock_impl.h:4,
                 from /home/eric/workspace/elib/src/rw_lock.cpp:2:
/opt/gnu/packages/gcc-4.8.1/include/c++/4.8.1/bits/basic_string.h:2883:21: note:   mismatched types ‘int’ and ‘size_t {aka long unsigned int}’
         "%lu", __val); }
                     ^
/opt/gnu/packages/gcc-4.8.1/include/c++/4.8.1/bits/basic_string.h: In function ‘std::string std::to_string(long long int)’:
/opt/gnu/packages/gcc-4.8.1/include/c++/4.8.1/bits/basic_string.h:2889:22: error: no matching function for call to ‘__to_xstring(int (*)(char*, size_t, const char*, __va_list_tag*)throw (), long unsigned int, const char [5], long long int&)’
         "%lld", __val); }
                      ^
/opt/gnu/packages/gcc-4.8.1/include/c++/4.8.1/bits/basic_string.h:2889:22: note: candidate is:
In file included from /opt/gnu/packages/gcc-4.8.1/include/c++/4.8.1/bits/basic_string.h:2815:0,
                 from /opt/gnu/packages/gcc-4.8.1/include/c++/4.8.1/string:52,
                 from /opt/gnu/packages/gcc-4.8.1/include/c++/4.8.1/stdexcept:39,
                 from /opt/gnu/packages/gcc-4.8.1/include/c++/4.8.1/array:38,
                 from /opt/gnu/packages/gcc-4.8.1/include/c++/4.8.1/tuple:39,
                 from /opt/gnu/packages/gcc-4.8.1/include/c++/4.8.1/mutex:38,
                 from /home/eric/workspace/elib/src/detail/rw_lock_impl.h:4,
                 from /home/eric/workspace/elib/src/rw_lock.cpp:2:
/opt/gnu/packages/gcc-4.8.1/include/c++/4.8.1/ext/string_conversions.h:83:5: note: template<class _String, class _CharT> _String __gnu_cxx::__to_xstring(int (*)(_CharT*, int, const _CharT*, __va_list_tag*), int, const _CharT*, ...)
     __to_xstring(int (*__convf) (_CharT*, std::size_t, const _CharT*,
     ^
/opt/gnu/packages/gcc-4.8.1/include/c++/4.8.1/ext/string_conversions.h:83:5: note:   template argument deduction/substitution failed:
In file included from /opt/gnu/packages/gcc-4.8.1/include/c++/4.8.1/string:52:0,
                 from /opt/gnu/packages/gcc-4.8.1/include/c++/4.8.1/stdexcept:39,
                 from /opt/gnu/packages/gcc-4.8.1/include/c++/4.8.1/array:38,
                 from /opt/gnu/packages/gcc-4.8.1/include/c++/4.8.1/tuple:39,
                 from /opt/gnu/packages/gcc-4.8.1/include/c++/4.8.1/mutex:38,
                 from /home/eric/workspace/elib/src/detail/rw_lock_impl.h:4,
                 from /home/eric/workspace/elib/src/rw_lock.cpp:2:
/opt/gnu/packages/gcc-4.8.1/include/c++/4.8.1/bits/basic_string.h:2889:22: note:   mismatched types ‘int’ and ‘size_t {aka long unsigned int}’
         "%lld", __val); }
                      ^
/opt/gnu/packages/gcc-4.8.1/include/c++/4.8.1/bits/basic_string.h: In function ‘std::string std::to_string(long long unsigned int)’:
/opt/gnu/packages/gcc-4.8.1/include/c++/4.8.1/bits/basic_string.h:2895:22: error: no matching function for call to ‘__to_xstring(int (*)(char*, size_t, const char*, __va_list_tag*)throw (), long unsigned int, const char [5], long long unsigned int&)’
         "%llu", __val); }
                      ^
/opt/gnu/packages/gcc-4.8.1/include/c++/4.8.1/bits/basic_string.h:2895:22: note: candidate is:
In file included from /opt/gnu/packages/gcc-4.8.1/include/c++/4.8.1/bits/basic_string.h:2815:0,
                 from /opt/gnu/packages/gcc-4.8.1/include/c++/4.8.1/string:52,
                 from /opt/gnu/packages/gcc-4.8.1/include/c++/4.8.1/stdexcept:39,
                 from /opt/gnu/packages/gcc-4.8.1/include/c++/4.8.1/array:38,
                 from /opt/gnu/packages/gcc-4.8.1/include/c++/4.8.1/tuple:39,
                 from /opt/gnu/packages/gcc-4.8.1/include/c++/4.8.1/mutex:38,
                 from /home/eric/workspace/elib/src/detail/rw_lock_impl.h:4,
                 from /home/eric/workspace/elib/src/rw_lock.cpp:2:
/opt/gnu/packages/gcc-4.8.1/include/c++/4.8.1/ext/string_conversions.h:83:5: note: template<class _String, class _CharT> _String __gnu_cxx::__to_xstring(int (*)(_CharT*, int, const _CharT*, __va_list_tag*), int, const _CharT*, ...)
     __to_xstring(int (*__convf) (_CharT*, std::size_t, const _CharT*,
     ^
/opt/gnu/packages/gcc-4.8.1/include/c++/4.8.1/ext/string_conversions.h:83:5: note:   template argument deduction/substitution failed:
In file included from /opt/gnu/packages/gcc-4.8.1/include/c++/4.8.1/string:52:0,
                 from /opt/gnu/packages/gcc-4.8.1/include/c++/4.8.1/stdexcept:39,
                 from /opt/gnu/packages/gcc-4.8.1/include/c++/4.8.1/array:38,
                 from /opt/gnu/packages/gcc-4.8.1/include/c++/4.8.1/tuple:39,
                 from /opt/gnu/packages/gcc-4.8.1/include/c++/4.8.1/mutex:38,
                 from /home/eric/workspace/elib/src/detail/rw_lock_impl.h:4,
                 from /home/eric/workspace/elib/src/rw_lock.cpp:2:
/opt/gnu/packages/gcc-4.8.1/include/c++/4.8.1/bits/basic_string.h:2895:22: note:   mismatched types ‘int’ and ‘size_t {aka long unsigned int}’
         "%llu", __val); }
                      ^
/opt/gnu/packages/gcc-4.8.1/include/c++/4.8.1/bits/basic_string.h: In function ‘std::string std::to_string(float)’:
/opt/gnu/packages/gcc-4.8.1/include/c++/4.8.1/bits/basic_string.h:2903:20: error: no matching function for call to ‘__to_xstring(int (*)(char*, size_t, const char*, __va_list_tag*)throw (), const int&, const char [3], float&)’
         "%f", __val);
                    ^
/opt/gnu/packages/gcc-4.8.1/include/c++/4.8.1/bits/basic_string.h:2903:20: note: candidate is:
In file included from /opt/gnu/packages/gcc-4.8.1/include/c++/4.8.1/bits/basic_string.h:2815:0,
                 from /opt/gnu/packages/gcc-4.8.1/include/c++/4.8.1/string:52,
                 from /opt/gnu/packages/gcc-4.8.1/include/c++/4.8.1/stdexcept:39,
                 from /opt/gnu/packages/gcc-4.8.1/include/c++/4.8.1/array:38,
                 from /opt/gnu/packages/gcc-4.8.1/include/c++/4.8.1/tuple:39,
                 from /opt/gnu/packages/gcc-4.8.1/include/c++/4.8.1/mutex:38,
                 from /home/eric/workspace/elib/src/detail/rw_lock_impl.h:4,
                 from /home/eric/workspace/elib/src/rw_lock.cpp:2:
/opt/gnu/packages/gcc-4.8.1/include/c++/4.8.1/ext/string_conversions.h:83:5: note: template<class _String, class _CharT> _String __gnu_cxx::__to_xstring(int (*)(_CharT*, int, const _CharT*, __va_list_tag*), int, const _CharT*, ...)
     __to_xstring(int (*__convf) (_CharT*, std::size_t, const _CharT*,
     ^
/opt/gnu/packages/gcc-4.8.1/include/c++/4.8.1/ext/string_conversions.h:83:5: note:   template argument deduction/substitution failed:
In file included from /opt/gnu/packages/gcc-4.8.1/include/c++/4.8.1/string:52:0,
                 from /opt/gnu/packages/gcc-4.8.1/include/c++/4.8.1/stdexcept:39,
                 from /opt/gnu/packages/gcc-4.8.1/include/c++/4.8.1/array:38,
                 from /opt/gnu/packages/gcc-4.8.1/include/c++/4.8.1/tuple:39,
                 from /opt/gnu/packages/gcc-4.8.1/include/c++/4.8.1/mutex:38,
                 from /home/eric/workspace/elib/src/detail/rw_lock_impl.h:4,
                 from /home/eric/workspace/elib/src/rw_lock.cpp:2:
/opt/gnu/packages/gcc-4.8.1/include/c++/4.8.1/bits/basic_string.h:2903:20: note:   mismatched types ‘int’ and ‘size_t {aka long unsigned int}’
         "%f", __val);
                    ^
/opt/gnu/packages/gcc-4.8.1/include/c++/4.8.1/bits/basic_string.h: In function ‘std::string std::to_string(double)’:
/opt/gnu/packages/gcc-4.8.1/include/c++/4.8.1/bits/basic_string.h:2912:20: error: no matching function for call to ‘__to_xstring(int (*)(char*, size_t, const char*, __va_list_tag*)throw (), const int&, const char [3], double&)’
         "%f", __val);
                    ^
/opt/gnu/packages/gcc-4.8.1/include/c++/4.8.1/bits/basic_string.h:2912:20: note: candidate is:
In file included from /opt/gnu/packages/gcc-4.8.1/include/c++/4.8.1/bits/basic_string.h:2815:0,
                 from /opt/gnu/packages/gcc-4.8.1/include/c++/4.8.1/string:52,
                 from /opt/gnu/packages/gcc-4.8.1/include/c++/4.8.1/stdexcept:39,
                 from /opt/gnu/packages/gcc-4.8.1/include/c++/4.8.1/array:38,
                 from /opt/gnu/packages/gcc-4.8.1/include/c++/4.8.1/tuple:39,
                 from /opt/gnu/packages/gcc-4.8.1/include/c++/4.8.1/mutex:38,
                 from /home/eric/workspace/elib/src/detail/rw_lock_impl.h:4,
                 from /home/eric/workspace/elib/src/rw_lock.cpp:2:
/opt/gnu/packages/gcc-4.8.1/include/c++/4.8.1/ext/string_conversions.h:83:5: note: template<class _String, class _CharT> _String __gnu_cxx::__to_xstring(int (*)(_CharT*, int, const _CharT*, __va_list_tag*), int, const _CharT*, ...)
     __to_xstring(int (*__convf) (_CharT*, std::size_t, const _CharT*,
     ^
/opt/gnu/packages/gcc-4.8.1/include/c++/4.8.1/ext/string_conversions.h:83:5: note:   template argument deduction/substitution failed:
In file included from /opt/gnu/packages/gcc-4.8.1/include/c++/4.8.1/string:52:0,
                 from /opt/gnu/packages/gcc-4.8.1/include/c++/4.8.1/stdexcept:39,
                 from /opt/gnu/packages/gcc-4.8.1/include/c++/4.8.1/array:38,
                 from /opt/gnu/packages/gcc-4.8.1/include/c++/4.8.1/tuple:39,
                 from /opt/gnu/packages/gcc-4.8.1/include/c++/4.8.1/mutex:38,
                 from /home/eric/workspace/elib/src/detail/rw_lock_impl.h:4,
                 from /home/eric/workspace/elib/src/rw_lock.cpp:2:
/opt/gnu/packages/gcc-4.8.1/include/c++/4.8.1/bits/basic_string.h:2912:20: note:   mismatched types ‘int’ and ‘size_t {aka long unsigned int}’
         "%f", __val);
                    ^
/opt/gnu/packages/gcc-4.8.1/include/c++/4.8.1/bits/basic_string.h: In function ‘std::string std::to_string(long double)’:
/opt/gnu/packages/gcc-4.8.1/include/c++/4.8.1/bits/basic_string.h:2921:21: error: no matching function for call to ‘__to_xstring(int (*)(char*, size_t, const char*, __va_list_tag*)throw (), const int&, const char [4], long double&)’
         "%Lf", __val);
                     ^
/opt/gnu/packages/gcc-4.8.1/include/c++/4.8.1/bits/basic_string.h:2921:21: note: candidate is:
In file included from /opt/gnu/packages/gcc-4.8.1/include/c++/4.8.1/bits/basic_string.h:2815:0,
                 from /opt/gnu/packages/gcc-4.8.1/include/c++/4.8.1/string:52,
                 from /opt/gnu/packages/gcc-4.8.1/include/c++/4.8.1/stdexcept:39,
                 from /opt/gnu/packages/gcc-4.8.1/include/c++/4.8.1/array:38,
                 from /opt/gnu/packages/gcc-4.8.1/include/c++/4.8.1/tuple:39,
                 from /opt/gnu/packages/gcc-4.8.1/include/c++/4.8.1/mutex:38,
                 from /home/eric/workspace/elib/src/detail/rw_lock_impl.h:4,
                 from /home/eric/workspace/elib/src/rw_lock.cpp:2:
/opt/gnu/packages/gcc-4.8.1/include/c++/4.8.1/ext/string_conversions.h:83:5: note: template<class _String, class _CharT> _String __gnu_cxx::__to_xstring(int (*)(_CharT*, int, const _CharT*, __va_list_tag*), int, const _CharT*, ...)
     __to_xstring(int (*__convf) (_CharT*, std::size_t, const _CharT*,
     ^
/opt/gnu/packages/gcc-4.8.1/include/c++/4.8.1/ext/string_conversions.h:83:5: note:   template argument deduction/substitution failed:
In file included from /opt/gnu/packages/gcc-4.8.1/include/c++/4.8.1/string:52:0,
                 from /opt/gnu/packages/gcc-4.8.1/include/c++/4.8.1/stdexcept:39,
                 from /opt/gnu/packages/gcc-4.8.1/include/c++/4.8.1/array:38,
                 from /opt/gnu/packages/gcc-4.8.1/include/c++/4.8.1/tuple:39,
                 from /opt/gnu/packages/gcc-4.8.1/include/c++/4.8.1/mutex:38,
                 from /home/eric/workspace/elib/src/detail/rw_lock_impl.h:4,
                 from /home/eric/workspace/elib/src/rw_lock.cpp:2:
/opt/gnu/packages/gcc-4.8.1/include/c++/4.8.1/bits/basic_string.h:2921:21: note:   mismatched types ‘int’ and ‘size_t {aka long unsigned int}’
         "%Lf", __val);
                     ^
In file included from /opt/gnu/packages/gcc-4.8.1/include/c++/4.8.1/string:52:0,
                 from /opt/gnu/packages/gcc-4.8.1/include/c++/4.8.1/stdexcept:39,
                 from /opt/gnu/packages/gcc-4.8.1/include/c++/4.8.1/array:38,
                 from /opt/gnu/packages/gcc-4.8.1/include/c++/4.8.1/tuple:39,
                 from /opt/gnu/packages/gcc-4.8.1/include/c++/4.8.1/mutex:38,
                 from /home/eric/workspace/elib/src/detail/rw_lock_impl.h:4,
                 from /home/eric/workspace/elib/src/rw_lock.cpp:2:
/opt/gnu/packages/gcc-4.8.1/include/c++/4.8.1/bits/basic_string.h: In instantiation of ‘class std::basic_string<wchar_t>’:
/opt/gnu/packages/gcc-4.8.1/include/c++/4.8.1/bits/basic_string.h:2927:68:   required from here
/opt/gnu/packages/gcc-4.8.1/include/c++/4.8.1/bits/basic_string.h:122:61: error: no type named ‘difference_type’ in ‘std::basic_string<wchar_t>::_CharT_alloc_type {aka class std::allocator<wchar_t>}’
       typedef typename _CharT_alloc_type::difference_type   difference_type;
                                                             ^
In file included from /opt/gnu/packages/gcc-4.8.1/include/c++/4.8.1/string:52:0,
                 from /opt/gnu/packages/gcc-4.8.1/include/c++/4.8.1/stdexcept:39,
                 from /opt/gnu/packages/gcc-4.8.1/include/c++/4.8.1/array:38,
                 from /opt/gnu/packages/gcc-4.8.1/include/c++/4.8.1/tuple:39,
                 from /opt/gnu/packages/gcc-4.8.1/include/c++/4.8.1/mutex:38,
                 from /home/eric/workspace/elib/src/detail/rw_lock_impl.h:4,
                 from /home/eric/workspace/elib/src/rw_lock.cpp:2:
/opt/gnu/packages/gcc-4.8.1/include/c++/4.8.1/bits/basic_string.h: In function ‘int std::stoi(const wstring&, size_t*, int)’:
/opt/gnu/packages/gcc-4.8.1/include/c++/4.8.1/bits/basic_string.h:2928:19: error: no matching function for call to ‘__stoa(long int (*)(const wchar_t*, wchar_t**, int)throw (), const char [5], const wchar_t*, size_t*&, int&)’
      __idx, __base); }
                   ^
/opt/gnu/packages/gcc-4.8.1/include/c++/4.8.1/bits/basic_string.h:2928:19: note: candidate is:
In file included from /opt/gnu/packages/gcc-4.8.1/include/c++/4.8.1/bits/basic_string.h:2815:0,
                 from /opt/gnu/packages/gcc-4.8.1/include/c++/4.8.1/string:52,
                 from /opt/gnu/packages/gcc-4.8.1/include/c++/4.8.1/stdexcept:39,
                 from /opt/gnu/packages/gcc-4.8.1/include/c++/4.8.1/array:38,
                 from /opt/gnu/packages/gcc-4.8.1/include/c++/4.8.1/tuple:39,
                 from /opt/gnu/packages/gcc-4.8.1/include/c++/4.8.1/mutex:38,
                 from /home/eric/workspace/elib/src/detail/rw_lock_impl.h:4,
                 from /home/eric/workspace/elib/src/rw_lock.cpp:2:
/opt/gnu/packages/gcc-4.8.1/include/c++/4.8.1/ext/string_conversions.h:54:5: note: template<class _TRet, class _Ret, class _CharT, class ... _Base> _Ret __gnu_cxx::__stoa(_TRet (*)(const _CharT*, _CharT**, _Base ...), const char*, const _CharT*, int*, _Base ...)
     __stoa(_TRet (*__convf) (const _CharT*, _CharT**, _Base...),
     ^
/opt/gnu/packages/gcc-4.8.1/include/c++/4.8.1/ext/string_conversions.h:54:5: note:   template argument deduction/substitution failed:
In file included from /opt/gnu/packages/gcc-4.8.1/include/c++/4.8.1/string:52:0,
                 from /opt/gnu/packages/gcc-4.8.1/include/c++/4.8.1/stdexcept:39,
                 from /opt/gnu/packages/gcc-4.8.1/include/c++/4.8.1/array:38,
                 from /opt/gnu/packages/gcc-4.8.1/include/c++/4.8.1/tuple:39,
                 from /opt/gnu/packages/gcc-4.8.1/include/c++/4.8.1/mutex:38,
                 from /home/eric/workspace/elib/src/detail/rw_lock_impl.h:4,
                 from /home/eric/workspace/elib/src/rw_lock.cpp:2:
/opt/gnu/packages/gcc-4.8.1/include/c++/4.8.1/bits/basic_string.h:2928:19: note:   cannot convert ‘__idx’ (type ‘size_t* {aka long unsigned int*}’) to type ‘int*’
      __idx, __base); }
                   ^
/opt/gnu/packages/gcc-4.8.1/include/c++/4.8.1/bits/basic_string.h: In function ‘long int std::stol(const wstring&, size_t*, int)’:
/opt/gnu/packages/gcc-4.8.1/include/c++/4.8.1/bits/basic_string.h:2933:22: error: no matching function for call to ‘__stoa(long int (*)(const wchar_t*, wchar_t**, int)throw (), const char [5], const wchar_t*, size_t*&, int&)’
         __idx, __base); }
                      ^
/opt/gnu/packages/gcc-4.8.1/include/c++/4.8.1/bits/basic_string.h:2933:22: note: candidate is:
In file included from /opt/gnu/packages/gcc-4.8.1/include/c++/4.8.1/bits/basic_string.h:2815:0,
                 from /opt/gnu/packages/gcc-4.8.1/include/c++/4.8.1/string:52,
                 from /opt/gnu/packages/gcc-4.8.1/include/c++/4.8.1/stdexcept:39,
                 from /opt/gnu/packages/gcc-4.8.1/include/c++/4.8.1/array:38,
                 from /opt/gnu/packages/gcc-4.8.1/include/c++/4.8.1/tuple:39,
                 from /opt/gnu/packages/gcc-4.8.1/include/c++/4.8.1/mutex:38,
                 from /home/eric/workspace/elib/src/detail/rw_lock_impl.h:4,
                 from /home/eric/workspace/elib/src/rw_lock.cpp:2:
/opt/gnu/packages/gcc-4.8.1/include/c++/4.8.1/ext/string_conversions.h:54:5: note: template<class _TRet, class _Ret, class _CharT, class ... _Base> _Ret __gnu_cxx::__stoa(_TRet (*)(const _CharT*, _CharT**, _Base ...), const char*, const _CharT*, int*, _Base ...)
     __stoa(_TRet (*__convf) (const _CharT*, _CharT**, _Base...),
     ^
/opt/gnu/packages/gcc-4.8.1/include/c++/4.8.1/ext/string_conversions.h:54:5: note:   template argument deduction/substitution failed:
In file included from /opt/gnu/packages/gcc-4.8.1/include/c++/4.8.1/string:52:0,
                 from /opt/gnu/packages/gcc-4.8.1/include/c++/4.8.1/stdexcept:39,
                 from /opt/gnu/packages/gcc-4.8.1/include/c++/4.8.1/array:38,
                 from /opt/gnu/packages/gcc-4.8.1/include/c++/4.8.1/tuple:39,
                 from /opt/gnu/packages/gcc-4.8.1/include/c++/4.8.1/mutex:38,
                 from /home/eric/workspace/elib/src/detail/rw_lock_impl.h:4,
                 from /home/eric/workspace/elib/src/rw_lock.cpp:2:
/opt/gnu/packages/gcc-4.8.1/include/c++/4.8.1/bits/basic_string.h:2933:22: note:   cannot convert ‘__idx’ (type ‘size_t* {aka long unsigned int*}’) to type ‘int*’
         __idx, __base); }
                      ^
/opt/gnu/packages/gcc-4.8.1/include/c++/4.8.1/bits/basic_string.h: In function ‘long unsigned int std::stoul(const wstring&, size_t*, int)’:
/opt/gnu/packages/gcc-4.8.1/include/c++/4.8.1/bits/basic_string.h:2938:22: error: no matching function for call to ‘__stoa(long unsigned int (*)(const wchar_t*, wchar_t**, int)throw (), const char [6], const wchar_t*, size_t*&, int&)’
         __idx, __base); }
                      ^
/opt/gnu/packages/gcc-4.8.1/include/c++/4.8.1/bits/basic_string.h:2938:22: note: candidate is:
In file included from /opt/gnu/packages/gcc-4.8.1/include/c++/4.8.1/bits/basic_string.h:2815:0,
                 from /opt/gnu/packages/gcc-4.8.1/include/c++/4.8.1/string:52,
                 from /opt/gnu/packages/gcc-4.8.1/include/c++/4.8.1/stdexcept:39,
                 from /opt/gnu/packages/gcc-4.8.1/include/c++/4.8.1/array:38,
                 from /opt/gnu/packages/gcc-4.8.1/include/c++/4.8.1/tuple:39,
                 from /opt/gnu/packages/gcc-4.8.1/include/c++/4.8.1/mutex:38,
                 from /home/eric/workspace/elib/src/detail/rw_lock_impl.h:4,
                 from /home/eric/workspace/elib/src/rw_lock.cpp:2:
/opt/gnu/packages/gcc-4.8.1/include/c++/4.8.1/ext/string_conversions.h:54:5: note: template<class _TRet, class _Ret, class _CharT, class ... _Base> _Ret __gnu_cxx::__stoa(_TRet (*)(const _CharT*, _CharT**, _Base ...), const char*, const _CharT*, int*, _Base ...)
     __stoa(_TRet (*__convf) (const _CharT*, _CharT**, _Base...),
     ^
/opt/gnu/packages/gcc-4.8.1/include/c++/4.8.1/ext/string_conversions.h:54:5: note:   template argument deduction/substitution failed:
In file included from /opt/gnu/packages/gcc-4.8.1/include/c++/4.8.1/string:52:0,
                 from /opt/gnu/packages/gcc-4.8.1/include/c++/4.8.1/stdexcept:39,
                 from /opt/gnu/packages/gcc-4.8.1/include/c++/4.8.1/array:38,
                 from /opt/gnu/packages/gcc-4.8.1/include/c++/4.8.1/tuple:39,
                 from /opt/gnu/packages/gcc-4.8.1/include/c++/4.8.1/mutex:38,
                 from /home/eric/workspace/elib/src/detail/rw_lock_impl.h:4,
                 from /home/eric/workspace/elib/src/rw_lock.cpp:2:
/opt/gnu/packages/gcc-4.8.1/include/c++/4.8.1/bits/basic_string.h:2938:22: note:   cannot convert ‘__idx’ (type ‘size_t* {aka long unsigned int*}’) to type ‘int*’
         __idx, __base); }
                      ^
/opt/gnu/packages/gcc-4.8.1/include/c++/4.8.1/bits/basic_string.h: In function ‘long long int std::stoll(const wstring&, size_t*, int)’:
/opt/gnu/packages/gcc-4.8.1/include/c++/4.8.1/bits/basic_string.h:2943:22: error: no matching function for call to ‘__stoa(long long int (*)(const wchar_t*, wchar_t**, int)throw (), const char [6], const wchar_t*, size_t*&, int&)’
         __idx, __base); }
                      ^
/opt/gnu/packages/gcc-4.8.1/include/c++/4.8.1/bits/basic_string.h:2943:22: note: candidate is:
In file included from /opt/gnu/packages/gcc-4.8.1/include/c++/4.8.1/bits/basic_string.h:2815:0,
                 from /opt/gnu/packages/gcc-4.8.1/include/c++/4.8.1/string:52,
                 from /opt/gnu/packages/gcc-4.8.1/include/c++/4.8.1/stdexcept:39,
                 from /opt/gnu/packages/gcc-4.8.1/include/c++/4.8.1/array:38,
                 from /opt/gnu/packages/gcc-4.8.1/include/c++/4.8.1/tuple:39,
                 from /opt/gnu/packages/gcc-4.8.1/include/c++/4.8.1/mutex:38,
                 from /home/eric/workspace/elib/src/detail/rw_lock_impl.h:4,
                 from /home/eric/workspace/elib/src/rw_lock.cpp:2:
/opt/gnu/packages/gcc-4.8.1/include/c++/4.8.1/ext/string_conversions.h:54:5: note: template<class _TRet, class _Ret, class _CharT, class ... _Base> _Ret __gnu_cxx::__stoa(_TRet (*)(const _CharT*, _CharT**, _Base ...), const char*, const _CharT*, int*, _Base ...)
     __stoa(_TRet (*__convf) (const _CharT*, _CharT**, _Base...),
     ^
/opt/gnu/packages/gcc-4.8.1/include/c++/4.8.1/ext/string_conversions.h:54:5: note:   template argument deduction/substitution failed:
In file included from /opt/gnu/packages/gcc-4.8.1/include/c++/4.8.1/string:52:0,
                 from /opt/gnu/packages/gcc-4.8.1/include/c++/4.8.1/stdexcept:39,
                 from /opt/gnu/packages/gcc-4.8.1/include/c++/4.8.1/array:38,
                 from /opt/gnu/packages/gcc-4.8.1/include/c++/4.8.1/tuple:39,
                 from /opt/gnu/packages/gcc-4.8.1/include/c++/4.8.1/mutex:38,
                 from /home/eric/workspace/elib/src/detail/rw_lock_impl.h:4,
                 from /home/eric/workspace/elib/src/rw_lock.cpp:2:
/opt/gnu/packages/gcc-4.8.1/include/c++/4.8.1/bits/basic_string.h:2943:22: note:   cannot convert ‘__idx’ (type ‘size_t* {aka long unsigned int*}’) to type ‘int*’
         __idx, __base); }
                      ^
/opt/gnu/packages/gcc-4.8.1/include/c++/4.8.1/bits/basic_string.h: In function ‘long long unsigned int std::stoull(const wstring&, size_t*, int)’:
/opt/gnu/packages/gcc-4.8.1/include/c++/4.8.1/bits/basic_string.h:2948:22: error: no matching function for call to ‘__stoa(long long unsigned int (*)(const wchar_t*, wchar_t**, int)throw (), const char [7], const wchar_t*, size_t*&, int&)’
         __idx, __base); }
                      ^
/opt/gnu/packages/gcc-4.8.1/include/c++/4.8.1/bits/basic_string.h:2948:22: note: candidate is:
In file included from /opt/gnu/packages/gcc-4.8.1/include/c++/4.8.1/bits/basic_string.h:2815:0,
                 from /opt/gnu/packages/gcc-4.8.1/include/c++/4.8.1/string:52,
                 from /opt/gnu/packages/gcc-4.8.1/include/c++/4.8.1/stdexcept:39,
                 from /opt/gnu/packages/gcc-4.8.1/include/c++/4.8.1/array:38,
                 from /opt/gnu/packages/gcc-4.8.1/include/c++/4.8.1/tuple:39,
                 from /opt/gnu/packages/gcc-4.8.1/include/c++/4.8.1/mutex:38,
                 from /home/eric/workspace/elib/src/detail/rw_lock_impl.h:4,
                 from /home/eric/workspace/elib/src/rw_lock.cpp:2:
/opt/gnu/packages/gcc-4.8.1/include/c++/4.8.1/ext/string_conversions.h:54:5: note: template<class _TRet, class _Ret, class _CharT, class ... _Base> _Ret __gnu_cxx::__stoa(_TRet (*)(const _CharT*, _CharT**, _Base ...), const char*, const _CharT*, int*, _Base ...)
     __stoa(_TRet (*__convf) (const _CharT*, _CharT**, _Base...),
     ^
/opt/gnu/packages/gcc-4.8.1/include/c++/4.8.1/ext/string_conversions.h:54:5: note:   template argument deduction/substitution failed:
In file included from /opt/gnu/packages/gcc-4.8.1/include/c++/4.8.1/string:52:0,
                 from /opt/gnu/packages/gcc-4.8.1/include/c++/4.8.1/stdexcept:39,
                 from /opt/gnu/packages/gcc-4.8.1/include/c++/4.8.1/array:38,
                 from /opt/gnu/packages/gcc-4.8.1/include/c++/4.8.1/tuple:39,
                 from /opt/gnu/packages/gcc-4.8.1/include/c++/4.8.1/mutex:38,
                 from /home/eric/workspace/elib/src/detail/rw_lock_impl.h:4,
                 from /home/eric/workspace/elib/src/rw_lock.cpp:2:
/opt/gnu/packages/gcc-4.8.1/include/c++/4.8.1/bits/basic_string.h:2948:22: note:   cannot convert ‘__idx’ (type ‘size_t* {aka long unsigned int*}’) to type ‘int*’
         __idx, __base); }
                      ^
/opt/gnu/packages/gcc-4.8.1/include/c++/4.8.1/bits/basic_string.h: In function ‘float std::stof(const wstring&, size_t*)’:
/opt/gnu/packages/gcc-4.8.1/include/c++/4.8.1/bits/basic_string.h:2953:72: error: no matching function for call to ‘__stoa(float (*)(const wchar_t*, wchar_t**)throw (), const char [5], const wchar_t*, size_t*&)’
   { return __gnu_cxx::__stoa(&std::wcstof, "stof", __str.c_str(), __idx); }
                                                                        ^
/opt/gnu/packages/gcc-4.8.1/include/c++/4.8.1/bits/basic_string.h:2953:72: note: candidate is:
In file included from /opt/gnu/packages/gcc-4.8.1/include/c++/4.8.1/bits/basic_string.h:2815:0,
                 from /opt/gnu/packages/gcc-4.8.1/include/c++/4.8.1/string:52,
                 from /opt/gnu/packages/gcc-4.8.1/include/c++/4.8.1/stdexcept:39,
                 from /opt/gnu/packages/gcc-4.8.1/include/c++/4.8.1/array:38,
                 from /opt/gnu/packages/gcc-4.8.1/include/c++/4.8.1/tuple:39,
                 from /opt/gnu/packages/gcc-4.8.1/include/c++/4.8.1/mutex:38,
                 from /home/eric/workspace/elib/src/detail/rw_lock_impl.h:4,
                 from /home/eric/workspace/elib/src/rw_lock.cpp:2:
/opt/gnu/packages/gcc-4.8.1/include/c++/4.8.1/ext/string_conversions.h:54:5: note: template<class _TRet, class _Ret, class _CharT, class ... _Base> _Ret __gnu_cxx::__stoa(_TRet (*)(const _CharT*, _CharT**, _Base ...), const char*, const _CharT*, int*, _Base ...)
     __stoa(_TRet (*__convf) (const _CharT*, _CharT**, _Base...),
     ^
/opt/gnu/packages/gcc-4.8.1/include/c++/4.8.1/ext/string_conversions.h:54:5: note:   template argument deduction/substitution failed:
In file included from /opt/gnu/packages/gcc-4.8.1/include/c++/4.8.1/string:52:0,
                 from /opt/gnu/packages/gcc-4.8.1/include/c++/4.8.1/stdexcept:39,
                 from /opt/gnu/packages/gcc-4.8.1/include/c++/4.8.1/array:38,
                 from /opt/gnu/packages/gcc-4.8.1/include/c++/4.8.1/tuple:39,
                 from /opt/gnu/packages/gcc-4.8.1/include/c++/4.8.1/mutex:38,
                 from /home/eric/workspace/elib/src/detail/rw_lock_impl.h:4,
                 from /home/eric/workspace/elib/src/rw_lock.cpp:2:
/opt/gnu/packages/gcc-4.8.1/include/c++/4.8.1/bits/basic_string.h:2953:72: note:   cannot convert ‘__idx’ (type ‘size_t* {aka long unsigned int*}’) to type ‘int*’
   { return __gnu_cxx::__stoa(&std::wcstof, "stof", __str.c_str(), __idx); }
                                                                        ^
/opt/gnu/packages/gcc-4.8.1/include/c++/4.8.1/bits/basic_string.h: In function ‘double std::stod(const wstring&, size_t*)’:
/opt/gnu/packages/gcc-4.8.1/include/c++/4.8.1/bits/basic_string.h:2957:72: error: no matching function for call to ‘__stoa(double (*)(const wchar_t*, wchar_t**)throw (), const char [5], const wchar_t*, size_t*&)’
   { return __gnu_cxx::__stoa(&std::wcstod, "stod", __str.c_str(), __idx); }
                                                                        ^
/opt/gnu/packages/gcc-4.8.1/include/c++/4.8.1/bits/basic_string.h:2957:72: note: candidate is:
In file included from /opt/gnu/packages/gcc-4.8.1/include/c++/4.8.1/bits/basic_string.h:2815:0,
                 from /opt/gnu/packages/gcc-4.8.1/include/c++/4.8.1/string:52,
                 from /opt/gnu/packages/gcc-4.8.1/include/c++/4.8.1/stdexcept:39,
                 from /opt/gnu/packages/gcc-4.8.1/include/c++/4.8.1/array:38,
                 from /opt/gnu/packages/gcc-4.8.1/include/c++/4.8.1/tuple:39,
                 from /opt/gnu/packages/gcc-4.8.1/include/c++/4.8.1/mutex:38,
                 from /home/eric/workspace/elib/src/detail/rw_lock_impl.h:4,
                 from /home/eric/workspace/elib/src/rw_lock.cpp:2:
/opt/gnu/packages/gcc-4.8.1/include/c++/4.8.1/ext/string_conversions.h:54:5: note: template<class _TRet, class _Ret, class _CharT, class ... _Base> _Ret __gnu_cxx::__stoa(_TRet (*)(const _CharT*, _CharT**, _Base ...), const char*, const _CharT*, int*, _Base ...)
     __stoa(_TRet (*__convf) (const _CharT*, _CharT**, _Base...),
     ^
/opt/gnu/packages/gcc-4.8.1/include/c++/4.8.1/ext/string_conversions.h:54:5: note:   template argument deduction/substitution failed:
In file included from /opt/gnu/packages/gcc-4.8.1/include/c++/4.8.1/string:52:0,
                 from /opt/gnu/packages/gcc-4.8.1/include/c++/4.8.1/stdexcept:39,
                 from /opt/gnu/packages/gcc-4.8.1/include/c++/4.8.1/array:38,
                 from /opt/gnu/packages/gcc-4.8.1/include/c++/4.8.1/tuple:39,
                 from /opt/gnu/packages/gcc-4.8.1/include/c++/4.8.1/mutex:38,
                 from /home/eric/workspace/elib/src/detail/rw_lock_impl.h:4,
                 from /home/eric/workspace/elib/src/rw_lock.cpp:2:
/opt/gnu/packages/gcc-4.8.1/include/c++/4.8.1/bits/basic_string.h:2957:72: note:   cannot convert ‘__idx’ (type ‘size_t* {aka long unsigned int*}’) to type ‘int*’
   { return __gnu_cxx::__stoa(&std::wcstod, "stod", __str.c_str(), __idx); }
                                                                        ^
/opt/gnu/packages/gcc-4.8.1/include/c++/4.8.1/bits/basic_string.h: In function ‘long double std::stold(const wstring&, size_t*)’:
/opt/gnu/packages/gcc-4.8.1/include/c++/4.8.1/bits/basic_string.h:2961:74: error: no matching function for call to ‘__stoa(long double (*)(const wchar_t*, wchar_t**)throw (), const char [6], const wchar_t*, size_t*&)’
   { return __gnu_cxx::__stoa(&std::wcstold, "stold", __str.c_str(), __idx); }
                                                                          ^
/opt/gnu/packages/gcc-4.8.1/include/c++/4.8.1/bits/basic_string.h:2961:74: note: candidate is:
In file included from /opt/gnu/packages/gcc-4.8.1/include/c++/4.8.1/bits/basic_string.h:2815:0,
                 from /opt/gnu/packages/gcc-4.8.1/include/c++/4.8.1/string:52,
                 from /opt/gnu/packages/gcc-4.8.1/include/c++/4.8.1/stdexcept:39,
                 from /opt/gnu/packages/gcc-4.8.1/include/c++/4.8.1/array:38,
                 from /opt/gnu/packages/gcc-4.8.1/include/c++/4.8.1/tuple:39,
                 from /opt/gnu/packages/gcc-4.8.1/include/c++/4.8.1/mutex:38,
                 from /home/eric/workspace/elib/src/detail/rw_lock_impl.h:4,
                 from /home/eric/workspace/elib/src/rw_lock.cpp:2:
/opt/gnu/packages/gcc-4.8.1/include/c++/4.8.1/ext/string_conversions.h:54:5: note: template<class _TRet, class _Ret, class _CharT, class ... _Base> _Ret __gnu_cxx::__stoa(_TRet (*)(const _CharT*, _CharT**, _Base ...), const char*, const _CharT*, int*, _Base ...)
     __stoa(_TRet (*__convf) (const _CharT*, _CharT**, _Base...),
     ^
/opt/gnu/packages/gcc-4.8.1/include/c++/4.8.1/ext/string_conversions.h:54:5: note:   template argument deduction/substitution failed:
In file included from /opt/gnu/packages/gcc-4.8.1/include/c++/4.8.1/string:52:0,
                 from /opt/gnu/packages/gcc-4.8.1/include/c++/4.8.1/stdexcept:39,
                 from /opt/gnu/packages/gcc-4.8.1/include/c++/4.8.1/array:38,
                 from /opt/gnu/packages/gcc-4.8.1/include/c++/4.8.1/tuple:39,
                 from /opt/gnu/packages/gcc-4.8.1/include/c++/4.8.1/mutex:38,
                 from /home/eric/workspace/elib/src/detail/rw_lock_impl.h:4,
                 from /home/eric/workspace/elib/src/rw_lock.cpp:2:
/opt/gnu/packages/gcc-4.8.1/include/c++/4.8.1/bits/basic_string.h:2961:74: note:   cannot convert ‘__idx’ (type ‘size_t* {aka long unsigned int*}’) to type ‘int*’
   { return __gnu_cxx::__stoa(&std::wcstold, "stold", __str.c_str(), __idx); }
                                                                          ^
/opt/gnu/packages/gcc-4.8.1/include/c++/4.8.1/bits/basic_string.h: In function ‘std::wstring std::to_wstring(int)’:
/opt/gnu/packages/gcc-4.8.1/include/c++/4.8.1/bits/basic_string.h:2967:22: error: no matching function for call to ‘__to_xstring(int (*)(wchar_t*, size_t, const wchar_t*, __va_list_tag*)throw (), long unsigned int, const wchar_t [3], int&)’
          L"%d", __val); }
                      ^
/opt/gnu/packages/gcc-4.8.1/include/c++/4.8.1/bits/basic_string.h:2967:22: note: candidate is:
In file included from /opt/gnu/packages/gcc-4.8.1/include/c++/4.8.1/bits/basic_string.h:2815:0,
                 from /opt/gnu/packages/gcc-4.8.1/include/c++/4.8.1/string:52,
                 from /opt/gnu/packages/gcc-4.8.1/include/c++/4.8.1/stdexcept:39,
                 from /opt/gnu/packages/gcc-4.8.1/include/c++/4.8.1/array:38,
                 from /opt/gnu/packages/gcc-4.8.1/include/c++/4.8.1/tuple:39,
                 from /opt/gnu/packages/gcc-4.8.1/include/c++/4.8.1/mutex:38,
                 from /home/eric/workspace/elib/src/detail/rw_lock_impl.h:4,
                 from /home/eric/workspace/elib/src/rw_lock.cpp:2:
/opt/gnu/packages/gcc-4.8.1/include/c++/4.8.1/ext/string_conversions.h:83:5: note: template<class _String, class _CharT> _String __gnu_cxx::__to_xstring(int (*)(_CharT*, int, const _CharT*, __va_list_tag*), int, const _CharT*, ...)
     __to_xstring(int (*__convf) (_CharT*, std::size_t, const _CharT*,
     ^
/opt/gnu/packages/gcc-4.8.1/include/c++/4.8.1/ext/string_conversions.h:83:5: note:   template argument deduction/substitution failed:
In file included from /opt/gnu/packages/gcc-4.8.1/include/c++/4.8.1/string:52:0,
                 from /opt/gnu/packages/gcc-4.8.1/include/c++/4.8.1/stdexcept:39,
                 from /opt/gnu/packages/gcc-4.8.1/include/c++/4.8.1/array:38,
                 from /opt/gnu/packages/gcc-4.8.1/include/c++/4.8.1/tuple:39,
                 from /opt/gnu/packages/gcc-4.8.1/include/c++/4.8.1/mutex:38,
                 from /home/eric/workspace/elib/src/detail/rw_lock_impl.h:4,
                 from /home/eric/workspace/elib/src/rw_lock.cpp:2:
/opt/gnu/packages/gcc-4.8.1/include/c++/4.8.1/bits/basic_string.h:2967:22: note:   mismatched types ‘int’ and ‘size_t {aka long unsigned int}’
          L"%d", __val); }
                      ^
/opt/gnu/packages/gcc-4.8.1/include/c++/4.8.1/bits/basic_string.h: In function ‘std::wstring std::to_wstring(unsigned int)’:
/opt/gnu/packages/gcc-4.8.1/include/c++/4.8.1/bits/basic_string.h:2973:22: error: no matching function for call to ‘__to_xstring(int (*)(wchar_t*, size_t, const wchar_t*, __va_list_tag*)throw (), long unsigned int, const wchar_t [3], unsigned int&)’
          L"%u", __val); }
                      ^
/opt/gnu/packages/gcc-4.8.1/include/c++/4.8.1/bits/basic_string.h:2973:22: note: candidate is:
In file included from /opt/gnu/packages/gcc-4.8.1/include/c++/4.8.1/bits/basic_string.h:2815:0,
                 from /opt/gnu/packages/gcc-4.8.1/include/c++/4.8.1/string:52,
                 from /opt/gnu/packages/gcc-4.8.1/include/c++/4.8.1/stdexcept:39,
                 from /opt/gnu/packages/gcc-4.8.1/include/c++/4.8.1/array:38,
                 from /opt/gnu/packages/gcc-4.8.1/include/c++/4.8.1/tuple:39,
                 from /opt/gnu/packages/gcc-4.8.1/include/c++/4.8.1/mutex:38,
                 from /home/eric/workspace/elib/src/detail/rw_lock_impl.h:4,
                 from /home/eric/workspace/elib/src/rw_lock.cpp:2:
/opt/gnu/packages/gcc-4.8.1/include/c++/4.8.1/ext/string_conversions.h:83:5: note: template<class _String, class _CharT> _String __gnu_cxx::__to_xstring(int (*)(_CharT*, int, const _CharT*, __va_list_tag*), int, const _CharT*, ...)
     __to_xstring(int (*__convf) (_CharT*, std::size_t, const _CharT*,
     ^
/opt/gnu/packages/gcc-4.8.1/include/c++/4.8.1/ext/string_conversions.h:83:5: note:   template argument deduction/substitution failed:
In file included from /opt/gnu/packages/gcc-4.8.1/include/c++/4.8.1/string:52:0,
                 from /opt/gnu/packages/gcc-4.8.1/include/c++/4.8.1/stdexcept:39,
                 from /opt/gnu/packages/gcc-4.8.1/include/c++/4.8.1/array:38,
                 from /opt/gnu/packages/gcc-4.8.1/include/c++/4.8.1/tuple:39,
                 from /opt/gnu/packages/gcc-4.8.1/include/c++/4.8.1/mutex:38,
                 from /home/eric/workspace/elib/src/detail/rw_lock_impl.h:4,
                 from /home/eric/workspace/elib/src/rw_lock.cpp:2:
/opt/gnu/packages/gcc-4.8.1/include/c++/4.8.1/bits/basic_string.h:2973:22: note:   mismatched types ‘int’ and ‘size_t {aka long unsigned int}’
          L"%u", __val); }
                      ^
/opt/gnu/packages/gcc-4.8.1/include/c++/4.8.1/bits/basic_string.h: In function ‘std::wstring std::to_wstring(long int)’:
/opt/gnu/packages/gcc-4.8.1/include/c++/4.8.1/bits/basic_string.h:2978:23: error: no matching function for call to ‘__to_xstring(int (*)(wchar_t*, size_t, const wchar_t*, __va_list_tag*)throw (), long unsigned int, const wchar_t [4], long int&)’
          L"%ld", __val); }
                       ^
/opt/gnu/packages/gcc-4.8.1/include/c++/4.8.1/bits/basic_string.h:2978:23: note: candidate is:
In file included from /opt/gnu/packages/gcc-4.8.1/include/c++/4.8.1/bits/basic_string.h:2815:0,
                 from /opt/gnu/packages/gcc-4.8.1/include/c++/4.8.1/string:52,
                 from /opt/gnu/packages/gcc-4.8.1/include/c++/4.8.1/stdexcept:39,
                 from /opt/gnu/packages/gcc-4.8.1/include/c++/4.8.1/array:38,
                 from /opt/gnu/packages/gcc-4.8.1/include/c++/4.8.1/tuple:39,
                 from /opt/gnu/packages/gcc-4.8.1/include/c++/4.8.1/mutex:38,
                 from /home/eric/workspace/elib/src/detail/rw_lock_impl.h:4,
                 from /home/eric/workspace/elib/src/rw_lock.cpp:2:
/opt/gnu/packages/gcc-4.8.1/include/c++/4.8.1/ext/string_conversions.h:83:5: note: template<class _String, class _CharT> _String __gnu_cxx::__to_xstring(int (*)(_CharT*, int, const _CharT*, __va_list_tag*), int, const _CharT*, ...)
     __to_xstring(int (*__convf) (_CharT*, std::size_t, const _CharT*,
     ^
/opt/gnu/packages/gcc-4.8.1/include/c++/4.8.1/ext/string_conversions.h:83:5: note:   template argument deduction/substitution failed:
In file included from /opt/gnu/packages/gcc-4.8.1/include/c++/4.8.1/string:52:0,
                 from /opt/gnu/packages/gcc-4.8.1/include/c++/4.8.1/stdexcept:39,
                 from /opt/gnu/packages/gcc-4.8.1/include/c++/4.8.1/array:38,
                 from /opt/gnu/packages/gcc-4.8.1/include/c++/4.8.1/tuple:39,
                 from /opt/gnu/packages/gcc-4.8.1/include/c++/4.8.1/mutex:38,
                 from /home/eric/workspace/elib/src/detail/rw_lock_impl.h:4,
                 from /home/eric/workspace/elib/src/rw_lock.cpp:2:
/opt/gnu/packages/gcc-4.8.1/include/c++/4.8.1/bits/basic_string.h:2978:23: note:   mismatched types ‘int’ and ‘size_t {aka long unsigned int}’
          L"%ld", __val); }
                       ^
/opt/gnu/packages/gcc-4.8.1/include/c++/4.8.1/bits/basic_string.h: In function ‘std::wstring std::to_wstring(long unsigned int)’:
/opt/gnu/packages/gcc-4.8.1/include/c++/4.8.1/bits/basic_string.h:2984:23: error: no matching function for call to ‘__to_xstring(int (*)(wchar_t*, size_t, const wchar_t*, __va_list_tag*)throw (), long unsigned int, const wchar_t [4], long unsigned int&)’
          L"%lu", __val); }
                       ^
/opt/gnu/packages/gcc-4.8.1/include/c++/4.8.1/bits/basic_string.h:2984:23: note: candidate is:
In file included from /opt/gnu/packages/gcc-4.8.1/include/c++/4.8.1/bits/basic_string.h:2815:0,
                 from /opt/gnu/packages/gcc-4.8.1/include/c++/4.8.1/string:52,
                 from /opt/gnu/packages/gcc-4.8.1/include/c++/4.8.1/stdexcept:39,
                 from /opt/gnu/packages/gcc-4.8.1/include/c++/4.8.1/array:38,
                 from /opt/gnu/packages/gcc-4.8.1/include/c++/4.8.1/tuple:39,
                 from /opt/gnu/packages/gcc-4.8.1/include/c++/4.8.1/mutex:38,
                 from /home/eric/workspace/elib/src/detail/rw_lock_impl.h:4,
                 from /home/eric/workspace/elib/src/rw_lock.cpp:2:
/opt/gnu/packages/gcc-4.8.1/include/c++/4.8.1/ext/string_conversions.h:83:5: note: template<class _String, class _CharT> _String __gnu_cxx::__to_xstring(int (*)(_CharT*, int, const _CharT*, __va_list_tag*), int, const _CharT*, ...)
     __to_xstring(int (*__convf) (_CharT*, std::size_t, const _CharT*,
     ^
/opt/gnu/packages/gcc-4.8.1/include/c++/4.8.1/ext/string_conversions.h:83:5: note:   template argument deduction/substitution failed:
In file included from /opt/gnu/packages/gcc-4.8.1/include/c++/4.8.1/string:52:0,
                 from /opt/gnu/packages/gcc-4.8.1/include/c++/4.8.1/stdexcept:39,
                 from /opt/gnu/packages/gcc-4.8.1/include/c++/4.8.1/array:38,
                 from /opt/gnu/packages/gcc-4.8.1/include/c++/4.8.1/tuple:39,
                 from /opt/gnu/packages/gcc-4.8.1/include/c++/4.8.1/mutex:38,
                 from /home/eric/workspace/elib/src/detail/rw_lock_impl.h:4,
                 from /home/eric/workspace/elib/src/rw_lock.cpp:2:
/opt/gnu/packages/gcc-4.8.1/include/c++/4.8.1/bits/basic_string.h:2984:23: note:   mismatched types ‘int’ and ‘size_t {aka long unsigned int}’
          L"%lu", __val); }
                       ^
/opt/gnu/packages/gcc-4.8.1/include/c++/4.8.1/bits/basic_string.h: In function ‘std::wstring std::to_wstring(long long int)’:
/opt/gnu/packages/gcc-4.8.1/include/c++/4.8.1/bits/basic_string.h:2990:24: error: no matching function for call to ‘__to_xstring(int (*)(wchar_t*, size_t, const wchar_t*, __va_list_tag*)throw (), long unsigned int, const wchar_t [5], long long int&)’
          L"%lld", __val); }
                        ^
/opt/gnu/packages/gcc-4.8.1/include/c++/4.8.1/bits/basic_string.h:2990:24: note: candidate is:
In file included from /opt/gnu/packages/gcc-4.8.1/include/c++/4.8.1/bits/basic_string.h:2815:0,
                 from /opt/gnu/packages/gcc-4.8.1/include/c++/4.8.1/string:52,
                 from /opt/gnu/packages/gcc-4.8.1/include/c++/4.8.1/stdexcept:39,
                 from /opt/gnu/packages/gcc-4.8.1/include/c++/4.8.1/array:38,
                 from /opt/gnu/packages/gcc-4.8.1/include/c++/4.8.1/tuple:39,
                 from /opt/gnu/packages/gcc-4.8.1/include/c++/4.8.1/mutex:38,
                 from /home/eric/workspace/elib/src/detail/rw_lock_impl.h:4,
                 from /home/eric/workspace/elib/src/rw_lock.cpp:2:
/opt/gnu/packages/gcc-4.8.1/include/c++/4.8.1/ext/string_conversions.h:83:5: note: template<class _String, class _CharT> _String __gnu_cxx::__to_xstring(int (*)(_CharT*, int, const _CharT*, __va_list_tag*), int, const _CharT*, ...)
     __to_xstring(int (*__convf) (_CharT*, std::size_t, const _CharT*,
     ^
/opt/gnu/packages/gcc-4.8.1/include/c++/4.8.1/ext/string_conversions.h:83:5: note:   template argument deduction/substitution failed:
In file included from /opt/gnu/packages/gcc-4.8.1/include/c++/4.8.1/string:52:0,
                 from /opt/gnu/packages/gcc-4.8.1/include/c++/4.8.1/stdexcept:39,
                 from /opt/gnu/packages/gcc-4.8.1/include/c++/4.8.1/array:38,
                 from /opt/gnu/packages/gcc-4.8.1/include/c++/4.8.1/tuple:39,
                 from /opt/gnu/packages/gcc-4.8.1/include/c++/4.8.1/mutex:38,
                 from /home/eric/workspace/elib/src/detail/rw_lock_impl.h:4,
                 from /home/eric/workspace/elib/src/rw_lock.cpp:2:
/opt/gnu/packages/gcc-4.8.1/include/c++/4.8.1/bits/basic_string.h:2990:24: note:   mismatched types ‘int’ and ‘size_t {aka long unsigned int}’
          L"%lld", __val); }
                        ^
/opt/gnu/packages/gcc-4.8.1/include/c++/4.8.1/bits/basic_string.h: In function ‘std::wstring std::to_wstring(long long unsigned int)’:
/opt/gnu/packages/gcc-4.8.1/include/c++/4.8.1/bits/basic_string.h:2996:24: error: no matching function for call to ‘__to_xstring(int (*)(wchar_t*, size_t, const wchar_t*, __va_list_tag*)throw (), long unsigned int, const wchar_t [5], long long unsigned int&)’
          L"%llu", __val); }
                        ^
/opt/gnu/packages/gcc-4.8.1/include/c++/4.8.1/bits/basic_string.h:2996:24: note: candidate is:
In file included from /opt/gnu/packages/gcc-4.8.1/include/c++/4.8.1/bits/basic_string.h:2815:0,
                 from /opt/gnu/packages/gcc-4.8.1/include/c++/4.8.1/string:52,
                 from /opt/gnu/packages/gcc-4.8.1/include/c++/4.8.1/stdexcept:39,
                 from /opt/gnu/packages/gcc-4.8.1/include/c++/4.8.1/array:38,
                 from /opt/gnu/packages/gcc-4.8.1/include/c++/4.8.1/tuple:39,
                 from /opt/gnu/packages/gcc-4.8.1/include/c++/4.8.1/mutex:38,
                 from /home/eric/workspace/elib/src/detail/rw_lock_impl.h:4,
                 from /home/eric/workspace/elib/src/rw_lock.cpp:2:
/opt/gnu/packages/gcc-4.8.1/include/c++/4.8.1/ext/string_conversions.h:83:5: note: template<class _String, class _CharT> _String __gnu_cxx::__to_xstring(int (*)(_CharT*, int, const _CharT*, __va_list_tag*), int, const _CharT*, ...)
     __to_xstring(int (*__convf) (_CharT*, std::size_t, const _CharT*,
     ^
/opt/gnu/packages/gcc-4.8.1/include/c++/4.8.1/ext/string_conversions.h:83:5: note:   template argument deduction/substitution failed:
In file included from /opt/gnu/packages/gcc-4.8.1/include/c++/4.8.1/string:52:0,
                 from /opt/gnu/packages/gcc-4.8.1/include/c++/4.8.1/stdexcept:39,
                 from /opt/gnu/packages/gcc-4.8.1/include/c++/4.8.1/array:38,
                 from /opt/gnu/packages/gcc-4.8.1/include/c++/4.8.1/tuple:39,
                 from /opt/gnu/packages/gcc-4.8.1/include/c++/4.8.1/mutex:38,
                 from /home/eric/workspace/elib/src/detail/rw_lock_impl.h:4,
                 from /home/eric/workspace/elib/src/rw_lock.cpp:2:
/opt/gnu/packages/gcc-4.8.1/include/c++/4.8.1/bits/basic_string.h:2996:24: note:   mismatched types ‘int’ and ‘size_t {aka long unsigned int}’
          L"%llu", __val); }
                        ^
/opt/gnu/packages/gcc-4.8.1/include/c++/4.8.1/bits/basic_string.h: In function ‘std::wstring std::to_wstring(float)’:
/opt/gnu/packages/gcc-4.8.1/include/c++/4.8.1/bits/basic_string.h:3004:22: error: no matching function for call to ‘__to_xstring(int (*)(wchar_t*, size_t, const wchar_t*, __va_list_tag*)throw (), const int&, const wchar_t [3], float&)’
          L"%f", __val);
                      ^
/opt/gnu/packages/gcc-4.8.1/include/c++/4.8.1/bits/basic_string.h:3004:22: note: candidate is:
In file included from /opt/gnu/packages/gcc-4.8.1/include/c++/4.8.1/bits/basic_string.h:2815:0,
                 from /opt/gnu/packages/gcc-4.8.1/include/c++/4.8.1/string:52,
                 from /opt/gnu/packages/gcc-4.8.1/include/c++/4.8.1/stdexcept:39,
                 from /opt/gnu/packages/gcc-4.8.1/include/c++/4.8.1/array:38,
                 from /opt/gnu/packages/gcc-4.8.1/include/c++/4.8.1/tuple:39,
                 from /opt/gnu/packages/gcc-4.8.1/include/c++/4.8.1/mutex:38,
                 from /home/eric/workspace/elib/src/detail/rw_lock_impl.h:4,
                 from /home/eric/workspace/elib/src/rw_lock.cpp:2:
/opt/gnu/packages/gcc-4.8.1/include/c++/4.8.1/ext/string_conversions.h:83:5: note: template<class _String, class _CharT> _String __gnu_cxx::__to_xstring(int (*)(_CharT*, int, const _CharT*, __va_list_tag*), int, const _CharT*, ...)
     __to_xstring(int (*__convf) (_CharT*, std::size_t, const _CharT*,
     ^
/opt/gnu/packages/gcc-4.8.1/include/c++/4.8.1/ext/string_conversions.h:83:5: note:   template argument deduction/substitution failed:
In file included from /opt/gnu/packages/gcc-4.8.1/include/c++/4.8.1/string:52:0,
                 from /opt/gnu/packages/gcc-4.8.1/include/c++/4.8.1/stdexcept:39,
                 from /opt/gnu/packages/gcc-4.8.1/include/c++/4.8.1/array:38,
                 from /opt/gnu/packages/gcc-4.8.1/include/c++/4.8.1/tuple:39,
                 from /opt/gnu/packages/gcc-4.8.1/include/c++/4.8.1/mutex:38,
                 from /home/eric/workspace/elib/src/detail/rw_lock_impl.h:4,
                 from /home/eric/workspace/elib/src/rw_lock.cpp:2:
/opt/gnu/packages/gcc-4.8.1/include/c++/4.8.1/bits/basic_string.h:3004:22: note:   mismatched types ‘int’ and ‘size_t {aka long unsigned int}’
          L"%f", __val);
                      ^
/opt/gnu/packages/gcc-4.8.1/include/c++/4.8.1/bits/basic_string.h: In function ‘std::wstring std::to_wstring(double)’:
/opt/gnu/packages/gcc-4.8.1/include/c++/4.8.1/bits/basic_string.h:3013:22: error: no matching function for call to ‘__to_xstring(int (*)(wchar_t*, size_t, const wchar_t*, __va_list_tag*)throw (), const int&, const wchar_t [3], double&)’
          L"%f", __val);
                      ^
/opt/gnu/packages/gcc-4.8.1/include/c++/4.8.1/bits/basic_string.h:3013:22: note: candidate is:
In file included from /opt/gnu/packages/gcc-4.8.1/include/c++/4.8.1/bits/basic_string.h:2815:0,
                 from /opt/gnu/packages/gcc-4.8.1/include/c++/4.8.1/string:52,
                 from /opt/gnu/packages/gcc-4.8.1/include/c++/4.8.1/stdexcept:39,
                 from /opt/gnu/packages/gcc-4.8.1/include/c++/4.8.1/array:38,
                 from /opt/gnu/packages/gcc-4.8.1/include/c++/4.8.1/tuple:39,
                 from /opt/gnu/packages/gcc-4.8.1/include/c++/4.8.1/mutex:38,
                 from /home/eric/workspace/elib/src/detail/rw_lock_impl.h:4,
                 from /home/eric/workspace/elib/src/rw_lock.cpp:2:
/opt/gnu/packages/gcc-4.8.1/include/c++/4.8.1/ext/string_conversions.h:83:5: note: template<class _String, class _CharT> _String __gnu_cxx::__to_xstring(int (*)(_CharT*, int, const _CharT*, __va_list_tag*), int, const _CharT*, ...)
     __to_xstring(int (*__convf) (_CharT*, std::size_t, const _CharT*,
     ^
/opt/gnu/packages/gcc-4.8.1/include/c++/4.8.1/ext/string_conversions.h:83:5: note:   template argument deduction/substitution failed:
In file included from /opt/gnu/packages/gcc-4.8.1/include/c++/4.8.1/string:52:0,
                 from /opt/gnu/packages/gcc-4.8.1/include/c++/4.8.1/stdexcept:39,
                 from /opt/gnu/packages/gcc-4.8.1/include/c++/4.8.1/array:38,
                 from /opt/gnu/packages/gcc-4.8.1/include/c++/4.8.1/tuple:39,
                 from /opt/gnu/packages/gcc-4.8.1/include/c++/4.8.1/mutex:38,
                 from /home/eric/workspace/elib/src/detail/rw_lock_impl.h:4,
                 from /home/eric/workspace/elib/src/rw_lock.cpp:2:
/opt/gnu/packages/gcc-4.8.1/include/c++/4.8.1/bits/basic_string.h:3013:22: note:   mismatched types ‘int’ and ‘size_t {aka long unsigned int}’
          L"%f", __val);
                      ^
/opt/gnu/packages/gcc-4.8.1/include/c++/4.8.1/bits/basic_string.h: In function ‘std::wstring std::to_wstring(long double)’:
/opt/gnu/packages/gcc-4.8.1/include/c++/4.8.1/bits/basic_string.h:3022:23: error: no matching function for call to ‘__to_xstring(int (*)(wchar_t*, size_t, const wchar_t*, __va_list_tag*)throw (), const int&, const wchar_t [4], long double&)’
          L"%Lf", __val);
                       ^
/opt/gnu/packages/gcc-4.8.1/include/c++/4.8.1/bits/basic_string.h:3022:23: note: candidate is:
In file included from /opt/gnu/packages/gcc-4.8.1/include/c++/4.8.1/bits/basic_string.h:2815:0,
                 from /opt/gnu/packages/gcc-4.8.1/include/c++/4.8.1/string:52,
                 from /opt/gnu/packages/gcc-4.8.1/include/c++/4.8.1/stdexcept:39,
                 from /opt/gnu/packages/gcc-4.8.1/include/c++/4.8.1/array:38,
                 from /opt/gnu/packages/gcc-4.8.1/include/c++/4.8.1/tuple:39,
                 from /opt/gnu/packages/gcc-4.8.1/include/c++/4.8.1/mutex:38,
                 from /home/eric/workspace/elib/src/detail/rw_lock_impl.h:4,
                 from /home/eric/workspace/elib/src/rw_lock.cpp:2:
/opt/gnu/packages/gcc-4.8.1/include/c++/4.8.1/ext/string_conversions.h:83:5: note: template<class _String, class _CharT> _String __gnu_cxx::__to_xstring(int (*)(_CharT*, int, const _CharT*, __va_list_tag*), int, const _CharT*, ...)
     __to_xstring(int (*__convf) (_CharT*, std::size_t, const _CharT*,
     ^
/opt/gnu/packages/gcc-4.8.1/include/c++/4.8.1/ext/string_conversions.h:83:5: note:   template argument deduction/substitution failed:
In file included from /opt/gnu/packages/gcc-4.8.1/include/c++/4.8.1/string:52:0,
                 from /opt/gnu/packages/gcc-4.8.1/include/c++/4.8.1/stdexcept:39,
                 from /opt/gnu/packages/gcc-4.8.1/include/c++/4.8.1/array:38,
                 from /opt/gnu/packages/gcc-4.8.1/include/c++/4.8.1/tuple:39,
                 from /opt/gnu/packages/gcc-4.8.1/include/c++/4.8.1/mutex:38,
                 from /home/eric/workspace/elib/src/detail/rw_lock_impl.h:4,
                 from /home/eric/workspace/elib/src/rw_lock.cpp:2:
/opt/gnu/packages/gcc-4.8.1/include/c++/4.8.1/bits/basic_string.h:3022:23: note:   mismatched types ‘int’ and ‘size_t {aka long unsigned int}’
          L"%Lf", __val);
                       ^
In file included from /opt/gnu/packages/gcc-4.8.1/include/c++/4.8.1/string:52:0,
                 from /opt/gnu/packages/gcc-4.8.1/include/c++/4.8.1/stdexcept:39,
                 from /opt/gnu/packages/gcc-4.8.1/include/c++/4.8.1/array:38,
                 from /opt/gnu/packages/gcc-4.8.1/include/c++/4.8.1/tuple:39,
                 from /opt/gnu/packages/gcc-4.8.1/include/c++/4.8.1/mutex:38,
                 from /home/eric/workspace/elib/src/detail/rw_lock_impl.h:4,
                 from /home/eric/workspace/elib/src/rw_lock.cpp:2:
/opt/gnu/packages/gcc-4.8.1/include/c++/4.8.1/bits/basic_string.h: In instantiation of ‘class std::basic_string<char16_t>’:
/opt/gnu/packages/gcc-4.8.1/include/c++/4.8.1/bits/basic_string.h:3082:41:   required from here
/opt/gnu/packages/gcc-4.8.1/include/c++/4.8.1/bits/basic_string.h:122:61: error: no type named ‘difference_type’ in ‘std::basic_string<char16_t>::_CharT_alloc_type {aka class std::allocator<char16_t>}’
       typedef typename _CharT_alloc_type::difference_type   difference_type;
                                                             ^
/opt/gnu/packages/gcc-4.8.1/include/c++/4.8.1/bits/basic_string.h: In instantiation of ‘class std::basic_string<char32_t>’:
/opt/gnu/packages/gcc-4.8.1/include/c++/4.8.1/bits/basic_string.h:3097:41:   required from here
/opt/gnu/packages/gcc-4.8.1/include/c++/4.8.1/bits/basic_string.h:122:61: error: no type named ‘difference_type’ in ‘std::basic_string<char32_t>::_CharT_alloc_type {aka class std::allocator<char32_t>}’
In file included from /opt/gnu/packages/gcc-4.8.1/include/c++/4.8.1/string:53:0,
                 from /opt/gnu/packages/gcc-4.8.1/include/c++/4.8.1/stdexcept:39,
                 from /opt/gnu/packages/gcc-4.8.1/include/c++/4.8.1/array:38,
                 from /opt/gnu/packages/gcc-4.8.1/include/c++/4.8.1/tuple:39,
                 from /opt/gnu/packages/gcc-4.8.1/include/c++/4.8.1/mutex:38,
                 from /home/eric/workspace/elib/src/detail/rw_lock_impl.h:4,
                 from /home/eric/workspace/elib/src/rw_lock.cpp:2:
/opt/gnu/packages/gcc-4.8.1/include/c++/4.8.1/bits/basic_string.tcc: In function ‘std::basic_istream<_CharT, _Traits>& std::operator>>(std::basic_istream<_CharT, _Traits>&, std::basic_string<_CharT, _Traits, _Alloc>&)’:
/opt/gnu/packages/gcc-4.8.1/include/c++/4.8.1/bits/basic_string.tcc:1018:14: error: ‘streamsize’ does not name a type
        const streamsize __w = __in.width();
              ^
/opt/gnu/packages/gcc-4.8.1/include/c++/4.8.1/bits/basic_string.tcc:1019:32: error: ‘__w’ was not declared in this scope
        const __size_type __n = __w > 0 ? static_cast<__size_type>(__w)
                                ^
In file included from /opt/gnu/packages/gcc-4.8.1/include/c++/4.8.1/tuple:39:0,
                 from /opt/gnu/packages/gcc-4.8.1/include/c++/4.8.1/mutex:38,
                 from /home/eric/workspace/elib/src/detail/rw_lock_impl.h:4,
                 from /home/eric/workspace/elib/src/rw_lock.cpp:2:
/opt/gnu/packages/gcc-4.8.1/include/c++/4.8.1/array: At global scope:
/opt/gnu/packages/gcc-4.8.1/include/c++/4.8.1/array:46:31: error: ‘std::size_t’ has not been declared
   template<typename _Tp, std::size_t _Nm>
                               ^
/opt/gnu/packages/gcc-4.8.1/include/c++/4.8.1/array:52:37: error: ‘std::size_t’ has not been declared
       _S_ref(const _Type& __t, std::size_t __n) noexcept
                                     ^
/opt/gnu/packages/gcc-4.8.1/include/c++/4.8.1/array:62:32: error: ‘std::size_t’ has not been declared
      _S_ref(const _Type&, std::size_t) noexcept
                                ^
/opt/gnu/packages/gcc-4.8.1/include/c++/4.8.1/array:80:31: error: ‘std::size_t’ has not been declared
   template<typename _Tp, std::size_t _Nm>
                               ^
/opt/gnu/packages/gcc-4.8.1/include/c++/4.8.1/array:90:15: error: ‘size_t’ in namespace ‘std’ does not name a type
       typedef std::size_t                           size_type;
               ^
/opt/gnu/packages/gcc-4.8.1/include/c++/4.8.1/array:91:15: error: ‘ptrdiff_t’ in namespace ‘std’ does not name a type
       typedef std::ptrdiff_t                          difference_type;
               ^
/opt/gnu/packages/gcc-4.8.1/include/c++/4.8.1/array:161:17: error: ‘size_type’ does not name a type
       constexpr size_type 
                 ^
/opt/gnu/packages/gcc-4.8.1/include/c++/4.8.1/array:164:17: error: ‘size_type’ does not name a type
       constexpr size_type 
                 ^
/opt/gnu/packages/gcc-4.8.1/include/c++/4.8.1/array:172:18: error: ‘size_type’ has not been declared
       operator[](size_type __n)
                  ^
/opt/gnu/packages/gcc-4.8.1/include/c++/4.8.1/array:176:18: error: ‘size_type’ has not been declared
       operator[](size_type __n) const noexcept
                  ^
/opt/gnu/packages/gcc-4.8.1/include/c++/4.8.1/array:180:10: error: ‘size_type’ has not been declared
       at(size_type __n)
          ^
/opt/gnu/packages/gcc-4.8.1/include/c++/4.8.1/array:188:10: error: ‘size_type’ has not been declared
       at(size_type __n) const
          ^
/opt/gnu/packages/gcc-4.8.1/include/c++/4.8.1/array: In member function ‘void std::array<_Tp, _Nm>::fill(const value_type&)’:
/opt/gnu/packages/gcc-4.8.1/include/c++/4.8.1/array:104:35: error: there are no arguments to ‘size’ that depend on a template parameter, so a declaration of ‘size’ must be available [-fpermissive]
       { std::fill_n(begin(), size(), __u); }
                                   ^
/opt/gnu/packages/gcc-4.8.1/include/c++/4.8.1/array: In member function ‘constexpr bool std::array<_Tp, _Nm>::empty() const’:
/opt/gnu/packages/gcc-4.8.1/include/c++/4.8.1/array:168:44: error: there are no arguments to ‘size’ that depend on a template parameter, so a declaration of ‘size’ must be available [-fpermissive]
       empty() const noexcept { return size() == 0; }
                                            ^
/opt/gnu/packages/gcc-4.8.1/include/c++/4.8.1/array: At global scope:
/opt/gnu/packages/gcc-4.8.1/include/c++/4.8.1/array:226:31: error: ‘std::size_t’ has not been declared
   template<typename _Tp, std::size_t _Nm>
                               ^
/opt/gnu/packages/gcc-4.8.1/include/c++/4.8.1/array:231:31: error: ‘std::size_t’ has not been declared
   template<typename _Tp, std::size_t _Nm>
                               ^
/opt/gnu/packages/gcc-4.8.1/include/c++/4.8.1/array:236:31: error: ‘std::size_t’ has not been declared
   template<typename _Tp, std::size_t _Nm>
                               ^
/opt/gnu/packages/gcc-4.8.1/include/c++/4.8.1/array:244:31: error: ‘std::size_t’ has not been declared
   template<typename _Tp, std::size_t _Nm>
                               ^
/opt/gnu/packages/gcc-4.8.1/include/c++/4.8.1/array:249:31: error: ‘std::size_t’ has not been declared
   template<typename _Tp, std::size_t _Nm>
                               ^
/opt/gnu/packages/gcc-4.8.1/include/c++/4.8.1/array:254:31: error: ‘std::size_t’ has not been declared
   template<typename _Tp, std::size_t _Nm>
                               ^
/opt/gnu/packages/gcc-4.8.1/include/c++/4.8.1/array:260:31: error: ‘std::size_t’ has not been declared
   template<typename _Tp, std::size_t _Nm>
                               ^
/opt/gnu/packages/gcc-4.8.1/include/c++/4.8.1/array:266:17: error: ‘std::size_t’ has not been declared
   template<std::size_t _Int, typename _Tp, std::size_t _Nm>
                 ^
/opt/gnu/packages/gcc-4.8.1/include/c++/4.8.1/array:266:49: error: ‘std::size_t’ has not been declared
   template<std::size_t _Int, typename _Tp, std::size_t _Nm>
                                                 ^
/opt/gnu/packages/gcc-4.8.1/include/c++/4.8.1/array:275:17: error: ‘std::size_t’ has not been declared
   template<std::size_t _Int, typename _Tp, std::size_t _Nm>
                 ^
/opt/gnu/packages/gcc-4.8.1/include/c++/4.8.1/array:275:49: error: ‘std::size_t’ has not been declared
   template<std::size_t _Int, typename _Tp, std::size_t _Nm>
                                                 ^
/opt/gnu/packages/gcc-4.8.1/include/c++/4.8.1/array:283:17: error: ‘std::size_t’ has not been declared
   template<std::size_t _Int, typename _Tp, std::size_t _Nm>
                 ^
/opt/gnu/packages/gcc-4.8.1/include/c++/4.8.1/array:283:49: error: ‘std::size_t’ has not been declared
   template<std::size_t _Int, typename _Tp, std::size_t _Nm>
                                                 ^
/opt/gnu/packages/gcc-4.8.1/include/c++/4.8.1/array:305:31: error: ‘std::size_t’ has not been declared
   template<typename _Tp, std::size_t _Nm>
                               ^
/opt/gnu/packages/gcc-4.8.1/include/c++/4.8.1/array:307:32: error: ‘size_t’ is not a member of ‘std’
     : public integral_constant<std::size_t, _Nm> { };
                                ^
/opt/gnu/packages/gcc-4.8.1/include/c++/4.8.1/array:307:32: note: suggested alternative:
In file included from /usr/include/wchar.h:51:0,
                 from /opt/gnu/packages/gcc-4.8.1/include/c++/4.8.1/cwchar:44,
                 from /opt/gnu/packages/gcc-4.8.1/include/c++/4.8.1/bits/postypes.h:40,
                 from /opt/gnu/packages/gcc-4.8.1/include/c++/4.8.1/bits/char_traits.h:40,
                 from /opt/gnu/packages/gcc-4.8.1/include/c++/4.8.1/string:40,
                 from /opt/gnu/packages/gcc-4.8.1/include/c++/4.8.1/stdexcept:39,
                 from /opt/gnu/packages/gcc-4.8.1/include/c++/4.8.1/array:38,
                 from /opt/gnu/packages/gcc-4.8.1/include/c++/4.8.1/tuple:39,
                 from /opt/gnu/packages/gcc-4.8.1/include/c++/4.8.1/mutex:38,
                 from /home/eric/workspace/elib/src/detail/rw_lock_impl.h:4,
                 from /home/eric/workspace/elib/src/rw_lock.cpp:2:
/opt/gnu/packages/gcc-4.8.1/lib/gcc/x86_64-unknown-linux-gnu/4.8.1/include/stddef.h:212:23: note:   ‘size_t’
 typedef __SIZE_TYPE__ size_t;
                       ^
In file included from /opt/gnu/packages/gcc-4.8.1/include/c++/4.8.1/tuple:39:0,
                 from /opt/gnu/packages/gcc-4.8.1/include/c++/4.8.1/mutex:38,
                 from /home/eric/workspace/elib/src/detail/rw_lock_impl.h:4,
                 from /home/eric/workspace/elib/src/rw_lock.cpp:2:
/opt/gnu/packages/gcc-4.8.1/include/c++/4.8.1/array:307:32: error: ‘size_t’ is not a member of ‘std’
     : public integral_constant<std::size_t, _Nm> { };
                                ^
/opt/gnu/packages/gcc-4.8.1/include/c++/4.8.1/array:307:32: note: suggested alternative:
In file included from /usr/include/wchar.h:51:0,
                 from /opt/gnu/packages/gcc-4.8.1/include/c++/4.8.1/cwchar:44,
                 from /opt/gnu/packages/gcc-4.8.1/include/c++/4.8.1/bits/postypes.h:40,
                 from /opt/gnu/packages/gcc-4.8.1/include/c++/4.8.1/bits/char_traits.h:40,
                 from /opt/gnu/packages/gcc-4.8.1/include/c++/4.8.1/string:40,
                 from /opt/gnu/packages/gcc-4.8.1/include/c++/4.8.1/stdexcept:39,
                 from /opt/gnu/packages/gcc-4.8.1/include/c++/4.8.1/array:38,
                 from /opt/gnu/packages/gcc-4.8.1/include/c++/4.8.1/tuple:39,
                 from /opt/gnu/packages/gcc-4.8.1/include/c++/4.8.1/mutex:38,
                 from /home/eric/workspace/elib/src/detail/rw_lock_impl.h:4,
                 from /home/eric/workspace/elib/src/rw_lock.cpp:2:
/opt/gnu/packages/gcc-4.8.1/lib/gcc/x86_64-unknown-linux-gnu/4.8.1/include/stddef.h:212:23: note:   ‘size_t’
 typedef __SIZE_TYPE__ size_t;
                       ^
In file included from /opt/gnu/packages/gcc-4.8.1/include/c++/4.8.1/tuple:39:0,
                 from /opt/gnu/packages/gcc-4.8.1/include/c++/4.8.1/mutex:38,
                 from /home/eric/workspace/elib/src/detail/rw_lock_impl.h:4,
                 from /home/eric/workspace/elib/src/rw_lock.cpp:2:
/opt/gnu/packages/gcc-4.8.1/include/c++/4.8.1/array:307:48: error: template argument 1 is invalid
     : public integral_constant<std::size_t, _Nm> { };
                                                ^
/opt/gnu/packages/gcc-4.8.1/include/c++/4.8.1/array:307:48: note: invalid template non-type parameter
/opt/gnu/packages/gcc-4.8.1/include/c++/4.8.1/array:310:17: error: ‘std::size_t’ has not been declared
   template<std::size_t _Int, typename _Tp>
                 ^
/opt/gnu/packages/gcc-4.8.1/include/c++/4.8.1/array:313:17: error: ‘std::size_t’ has not been declared
   template<std::size_t _Int, typename _Tp, std::size_t _Nm>
                 ^
/opt/gnu/packages/gcc-4.8.1/include/c++/4.8.1/array:313:49: error: ‘std::size_t’ has not been declared
   template<std::size_t _Int, typename _Tp, std::size_t _Nm>
                                                 ^
In file included from /opt/gnu/packages/gcc-4.8.1/include/c++/4.8.1/mutex:38:0,
                 from /home/eric/workspace/elib/src/detail/rw_lock_impl.h:4,
                 from /home/eric/workspace/elib/src/rw_lock.cpp:2:
/opt/gnu/packages/gcc-4.8.1/include/c++/4.8.1/tuple:78:17: error: ‘std::size_t’ has not been declared
   template<std::size_t _Idx, typename _Head, bool _IsEmptyNotFinal>
                 ^
/opt/gnu/packages/gcc-4.8.1/include/c++/4.8.1/tuple:81:17: error: ‘std::size_t’ has not been declared
   template<std::size_t _Idx, typename _Head>
                 ^
/opt/gnu/packages/gcc-4.8.1/include/c++/4.8.1/tuple:127:17: error: ‘std::size_t’ has not been declared
   template<std::size_t _Idx, typename _Head>
                 ^
/opt/gnu/packages/gcc-4.8.1/include/c++/4.8.1/tuple:183:17: error: ‘std::size_t’ has not been declared
   template<std::size_t _Idx, typename... _Elements>
                 ^
/opt/gnu/packages/gcc-4.8.1/include/c++/4.8.1/tuple:190:17: error: ‘std::size_t’ has not been declared
   template<std::size_t _Idx>
                 ^
/opt/gnu/packages/gcc-4.8.1/include/c++/4.8.1/tuple:193:21: error: ‘std::size_t’ has not been declared
       template<std::size_t, typename...> friend class _Tuple_impl;
                     ^
/opt/gnu/packages/gcc-4.8.1/include/c++/4.8.1/tuple:228:17: error: ‘std::size_t’ has not been declared
   template<std::size_t _Idx, typename _Head, typename... _Tail>
                 ^
/opt/gnu/packages/gcc-4.8.1/include/c++/4.8.1/tuple:233:21: error: ‘std::size_t’ has not been declared
       template<std::size_t, typename...> friend class _Tuple_impl;
                     ^
/opt/gnu/packages/gcc-4.8.1/include/c++/4.8.1/tuple:672:17: error: ‘std::size_t’ has not been declared
   template<std::size_t __i, typename _Tp>
                 ^
/opt/gnu/packages/gcc-4.8.1/include/c++/4.8.1/tuple:679:17: error: ‘std::size_t’ has not been declared
   template<std::size_t __i, typename _Head, typename... _Tail>
                 ^
/opt/gnu/packages/gcc-4.8.1/include/c++/4.8.1/tuple:692:17: error: ‘std::size_t’ has not been declared
   template<std::size_t __i, typename _Tp>
                 ^
/opt/gnu/packages/gcc-4.8.1/include/c++/4.8.1/tuple:699:17: error: ‘std::size_t’ has not been declared
   template<std::size_t __i, typename _Tp>
                 ^
/opt/gnu/packages/gcc-4.8.1/include/c++/4.8.1/tuple:706:17: error: ‘std::size_t’ has not been declared
   template<std::size_t __i, typename _Tp>
                 ^
/opt/gnu/packages/gcc-4.8.1/include/c++/4.8.1/tuple:738:32: error: ‘size_t’ is not a member of ‘std’
     : public integral_constant<std::size_t, sizeof...(_Elements)> { };
                                ^
/opt/gnu/packages/gcc-4.8.1/include/c++/4.8.1/tuple:738:32: note: suggested alternative:
In file included from /usr/include/wchar.h:51:0,
                 from /opt/gnu/packages/gcc-4.8.1/include/c++/4.8.1/cwchar:44,
                 from /opt/gnu/packages/gcc-4.8.1/include/c++/4.8.1/bits/postypes.h:40,
                 from /opt/gnu/packages/gcc-4.8.1/include/c++/4.8.1/bits/char_traits.h:40,
                 from /opt/gnu/packages/gcc-4.8.1/include/c++/4.8.1/string:40,
                 from /opt/gnu/packages/gcc-4.8.1/include/c++/4.8.1/stdexcept:39,
                 from /opt/gnu/packages/gcc-4.8.1/include/c++/4.8.1/array:38,
                 from /opt/gnu/packages/gcc-4.8.1/include/c++/4.8.1/tuple:39,
                 from /opt/gnu/packages/gcc-4.8.1/include/c++/4.8.1/mutex:38,
                 from /home/eric/workspace/elib/src/detail/rw_lock_impl.h:4,
                 from /home/eric/workspace/elib/src/rw_lock.cpp:2:
/opt/gnu/packages/gcc-4.8.1/lib/gcc/x86_64-unknown-linux-gnu/4.8.1/include/stddef.h:212:23: note:   ‘size_t’
 typedef __SIZE_TYPE__ size_t;
                       ^
In file included from /opt/gnu/packages/gcc-4.8.1/include/c++/4.8.1/mutex:38:0,
                 from /home/eric/workspace/elib/src/detail/rw_lock_impl.h:4,
                 from /home/eric/workspace/elib/src/rw_lock.cpp:2:
/opt/gnu/packages/gcc-4.8.1/include/c++/4.8.1/tuple:738:32: error: ‘size_t’ is not a member of ‘std’
     : public integral_constant<std::size_t, sizeof...(_Elements)> { };
                                ^
/opt/gnu/packages/gcc-4.8.1/include/c++/4.8.1/tuple:738:32: note: suggested alternative:
In file included from /usr/include/wchar.h:51:0,
                 from /opt/gnu/packages/gcc-4.8.1/include/c++/4.8.1/cwchar:44,
                 from /opt/gnu/packages/gcc-4.8.1/include/c++/4.8.1/bits/postypes.h:40,
                 from /opt/gnu/packages/gcc-4.8.1/include/c++/4.8.1/bits/char_traits.h:40,
                 from /opt/gnu/packages/gcc-4.8.1/include/c++/4.8.1/string:40,
                 from /opt/gnu/packages/gcc-4.8.1/include/c++/4.8.1/stdexcept:39,
                 from /opt/gnu/packages/gcc-4.8.1/include/c++/4.8.1/array:38,
                 from /opt/gnu/packages/gcc-4.8.1/include/c++/4.8.1/tuple:39,
                 from /opt/gnu/packages/gcc-4.8.1/include/c++/4.8.1/mutex:38,
                 from /home/eric/workspace/elib/src/detail/rw_lock_impl.h:4,
                 from /home/eric/workspace/elib/src/rw_lock.cpp:2:
/opt/gnu/packages/gcc-4.8.1/lib/gcc/x86_64-unknown-linux-gnu/4.8.1/include/stddef.h:212:23: note:   ‘size_t’
 typedef __SIZE_TYPE__ size_t;
                       ^
In file included from /opt/gnu/packages/gcc-4.8.1/include/c++/4.8.1/mutex:38:0,
                 from /home/eric/workspace/elib/src/detail/rw_lock_impl.h:4,
                 from /home/eric/workspace/elib/src/rw_lock.cpp:2:
/opt/gnu/packages/gcc-4.8.1/include/c++/4.8.1/tuple:738:65: error: template argument 1 is invalid
     : public integral_constant<std::size_t, sizeof...(_Elements)> { };
                                                                 ^
/opt/gnu/packages/gcc-4.8.1/include/c++/4.8.1/tuple:738:65: note: invalid template non-type parameter
/opt/gnu/packages/gcc-4.8.1/include/c++/4.8.1/tuple:740:17: error: ‘std::size_t’ has not been declared
   template<std::size_t __i, typename _Head, typename... _Tail>
                 ^
/opt/gnu/packages/gcc-4.8.1/include/c++/4.8.1/tuple:745:17: error: ‘std::size_t’ has not been declared
   template<std::size_t __i, typename _Head, typename... _Tail>
                 ^
/opt/gnu/packages/gcc-4.8.1/include/c++/4.8.1/tuple:753:17: error: ‘std::size_t’ has not been declared
   template<std::size_t __i, typename... _Elements>
                 ^
/opt/gnu/packages/gcc-4.8.1/include/c++/4.8.1/tuple:760:17: error: ‘std::size_t’ has not been declared
   template<std::size_t __i, typename... _Elements>
                 ^
/opt/gnu/packages/gcc-4.8.1/include/c++/4.8.1/tuple:767:17: error: ‘std::size_t’ has not been declared
   template<std::size_t __i, typename... _Elements>
                 ^
/opt/gnu/packages/gcc-4.8.1/include/c++/4.8.1/tuple:776:17: error: ‘std::size_t’ has not been declared
   template<std::size_t __check_equal_size, std::size_t __i, std::size_t __j,
                 ^
/opt/gnu/packages/gcc-4.8.1/include/c++/4.8.1/tuple:776:49: error: ‘std::size_t’ has not been declared
   template<std::size_t __check_equal_size, std::size_t __i, std::size_t __j,
                                                 ^
/opt/gnu/packages/gcc-4.8.1/include/c++/4.8.1/tuple:776:66: error: ‘std::size_t’ has not been declared
   template<std::size_t __check_equal_size, std::size_t __i, std::size_t __j,
                                                                  ^
/opt/gnu/packages/gcc-4.8.1/include/c++/4.8.1/tuple:780:17: error: ‘std::size_t’ has not been declared
   template<std::size_t __i, std::size_t __j, typename _Tp, typename _Up>
                 ^
/opt/gnu/packages/gcc-4.8.1/include/c++/4.8.1/tuple:780:34: error: ‘std::size_t’ has not been declared
   template<std::size_t __i, std::size_t __j, typename _Tp, typename _Up>
                                  ^
/opt/gnu/packages/gcc-4.8.1/include/c++/4.8.1/tuple:799:17: error: ‘std::size_t’ has not been declared
   template<std::size_t __i, typename _Tp, typename _Up>
                 ^
/opt/gnu/packages/gcc-4.8.1/include/c++/4.8.1/tuple:882:31: error: ‘std::size_t’ has not been declared
   template<typename _Tp, std::size_t _Nm>
                               ^
/opt/gnu/packages/gcc-4.8.1/include/c++/4.8.1/tuple:895:17: error: ‘std::size_t’ has not been declared
   template<std::size_t... _Indexes>
                 ^
/opt/gnu/packages/gcc-4.8.1/include/c++/4.8.1/tuple:902:17: error: ‘std::size_t’ has not been declared
   template<std::size_t _Num>
                 ^
/opt/gnu/packages/gcc-4.8.1/include/c++/4.8.1/tuple:914:17: error: ‘std::size_t’ has not been declared
   template<std::size_t, typename, typename, std::size_t>
                 ^
/opt/gnu/packages/gcc-4.8.1/include/c++/4.8.1/tuple:914:50: error: ‘std::size_t’ has not been declared
   template<std::size_t, typename, typename, std::size_t>
                                                  ^
/opt/gnu/packages/gcc-4.8.1/include/c++/4.8.1/tuple:917:17: error: ‘std::size_t’ has not been declared
   template<std::size_t _Idx, typename _Tuple, typename... _Tp,
                 ^
/opt/gnu/packages/gcc-4.8.1/include/c++/4.8.1/tuple:918:17: error: ‘std::size_t’ has not been declared
            std::size_t _Nm>
                 ^
/opt/gnu/packages/gcc-4.8.1/include/c++/4.8.1/tuple:926:17: error: ‘std::size_t’ has not been declared
   template<std::size_t _Nm, typename _Tuple, typename... _Tp>
                 ^
/opt/gnu/packages/gcc-4.8.1/include/c++/4.8.1/tuple:1000:32: error: ‘std::size_t’ has not been declared
   template<typename _Ret, std::size_t... _Is, typename _Tp, typename... _Tpls>
                                ^
/opt/gnu/packages/gcc-4.8.1/include/c++/4.8.1/tuple:1081:39: error: ‘std::size_t’ has not been declared
     template<typename... _Args1, std::size_t... _Indexes1,
                                       ^
/opt/gnu/packages/gcc-4.8.1/include/c++/4.8.1/tuple:1082:39: error: ‘std::size_t’ has not been declared
              typename... _Args2, std::size_t... _Indexes2>
                                       ^
In file included from /opt/gnu/packages/gcc-4.8.1/include/c++/4.8.1/mutex:42:0,
                 from /home/eric/workspace/elib/src/detail/rw_lock_impl.h:4,
                 from /home/eric/workspace/elib/src/rw_lock.cpp:2:
/opt/gnu/packages/gcc-4.8.1/include/c++/4.8.1/functional:1064:17: error: ‘std::size_t’ has not been declared
   template<std::size_t __i, typename _Tuple, bool _IsSafe>
                 ^
/opt/gnu/packages/gcc-4.8.1/include/c++/4.8.1/functional:1073:17: error: ‘std::size_t’ has not been declared
   template<std::size_t __i, typename _Tuple>
                 ^
/opt/gnu/packages/gcc-4.8.1/include/c++/4.8.1/functional:1083:16: error: ‘std::size_t’ has not been declared
  template<std::size_t __i, typename _Tuple>
                ^
/opt/gnu/packages/gcc-4.8.1/include/c++/4.8.1/functional:1149:57: error: ‘std::size_t’ has not been declared
       template<typename _CVArg, typename... _Args, std::size_t... _Indexes>
                                                         ^
/opt/gnu/packages/gcc-4.8.1/include/c++/4.8.1/functional:1262:17: error: ‘std::size_t’ has not been declared
   template<std::size_t _Ind, typename... _Tp>
                 ^
/opt/gnu/packages/gcc-4.8.1/include/c++/4.8.1/functional:1269:17: error: ‘std::size_t’ has not been declared
   template<std::size_t _Ind, typename... _Tp>
                 ^
/opt/gnu/packages/gcc-4.8.1/include/c++/4.8.1/functional:1291:58: error: ‘std::size_t’ has not been declared
       template<typename _Result, typename... _Args, std::size_t... _Indexes>
                                                          ^
/opt/gnu/packages/gcc-4.8.1/include/c++/4.8.1/functional:1300:58: error: ‘std::size_t’ has not been declared
       template<typename _Result, typename... _Args, std::size_t... _Indexes>
                                                          ^
/opt/gnu/packages/gcc-4.8.1/include/c++/4.8.1/functional:1309:58: error: ‘std::size_t’ has not been declared
       template<typename _Result, typename... _Args, std::size_t... _Indexes>
                                                          ^
/opt/gnu/packages/gcc-4.8.1/include/c++/4.8.1/functional:1319:58: error: ‘std::size_t’ has not been declared
       template<typename _Result, typename... _Args, std::size_t... _Indexes>
                                                          ^
/opt/gnu/packages/gcc-4.8.1/include/c++/4.8.1/functional:1422:55: error: ‘std::size_t’ has not been declared
       template<typename _Res, typename... _Args, std::size_t... _Indexes>
                                                       ^
/opt/gnu/packages/gcc-4.8.1/include/c++/4.8.1/functional:1432:55: error: ‘std::size_t’ has not been declared
       template<typename _Res, typename... _Args, std::size_t... _Indexes>
                                                       ^
/opt/gnu/packages/gcc-4.8.1/include/c++/4.8.1/functional:1442:55: error: ‘std::size_t’ has not been declared
       template<typename _Res, typename... _Args, std::size_t... _Indexes>
                                                       ^
/opt/gnu/packages/gcc-4.8.1/include/c++/4.8.1/functional:1452:55: error: ‘std::size_t’ has not been declared
       template<typename _Res, typename... _Args, std::size_t... _Indexes>
                                                       ^
/opt/gnu/packages/gcc-4.8.1/include/c++/4.8.1/functional:1462:55: error: ‘std::size_t’ has not been declared
       template<typename _Res, typename... _Args, std::size_t... _Indexes>
                                                       ^
/opt/gnu/packages/gcc-4.8.1/include/c++/4.8.1/functional:1472:55: error: ‘std::size_t’ has not been declared
       template<typename _Res, typename... _Args, std::size_t... _Indexes>
                                                       ^
/opt/gnu/packages/gcc-4.8.1/include/c++/4.8.1/functional:1482:55: error: ‘std::size_t’ has not been declared
       template<typename _Res, typename... _Args, std::size_t... _Indexes>
                                                       ^
/opt/gnu/packages/gcc-4.8.1/include/c++/4.8.1/functional:1492:55: error: ‘std::size_t’ has not been declared
       template<typename _Res, typename... _Args, std::size_t... _Indexes>
                                                       ^
/opt/gnu/packages/gcc-4.8.1/include/c++/4.8.1/functional:1725:21: error: ‘std::size_t’ has not been declared
       template<std::size_t... _Indices>
                     ^
/opt/gnu/packages/gcc-4.8.1/include/c++/4.8.1/functional:1872:18: error: ‘size_t’ in namespace ‘std’ does not name a type
     static const std::size_t _M_max_size = sizeof(_Nocopy_types);
                  ^
/opt/gnu/packages/gcc-4.8.1/include/c++/4.8.1/functional:1873:18: error: ‘size_t’ in namespace ‘std’ does not name a type
     static const std::size_t _M_max_align = __alignof__(_Nocopy_types);
                  ^
/opt/gnu/packages/gcc-4.8.1/include/c++/4.8.1/functional:1881:26: error: ‘_M_max_size’ was not declared in this scope
   && sizeof(_Functor) <= _M_max_size
                          ^
/opt/gnu/packages/gcc-4.8.1/include/c++/4.8.1/functional:1882:31: error: ‘_M_max_align’ was not declared in this scope
   && __alignof__(_Functor) <= _M_max_align
                               ^
/opt/gnu/packages/gcc-4.8.1/include/c++/4.8.1/functional:1883:7: error: ‘_M_max_align’ was not declared in this scope
   && (_M_max_align % __alignof__(_Functor) == 0));
       ^
/opt/gnu/packages/gcc-4.8.1/include/c++/4.8.1/functional:2210:25: error: expected ‘;’ at end of member declaration
       function(nullptr_t) noexcept
                         ^
/opt/gnu/packages/gcc-4.8.1/include/c++/4.8.1/functional:2210:27: error: expected unqualified-id before ‘noexcept’
       function(nullptr_t) noexcept
                           ^
/opt/gnu/packages/gcc-4.8.1/include/c++/4.8.1/functional:2302:26: error: declaration of ‘operator=’ as non-function
       operator=(nullptr_t)
                          ^
/opt/gnu/packages/gcc-4.8.1/include/c++/4.8.1/functional:2302:15: error: expected ‘;’ at end of member declaration
       operator=(nullptr_t)
               ^
/opt/gnu/packages/gcc-4.8.1/include/c++/4.8.1/functional:2311:7: error: expected ‘;’ at end of member declaration
       }
       ^
/opt/gnu/packages/gcc-4.8.1/include/c++/4.8.1/functional:2311:7: error: redeclaration of ‘int std::function<_Res(_ArgTypes ...)>::nullptr_t’
/opt/gnu/packages/gcc-4.8.1/include/c++/4.8.1/functional:2210:25: note: previous declaration ‘std::function<_Res(_ArgTypes ...)> std::function<_Res(_ArgTypes ...)>::nullptr_t’
       function(nullptr_t) noexcept
                         ^
/opt/gnu/packages/gcc-4.8.1/include/c++/4.8.1/functional:2304:2: error: expected primary-expression before ‘if’
  if (_M_manager)
  ^
/opt/gnu/packages/gcc-4.8.1/include/c++/4.8.1/functional:2304:2: error: expected ‘}’ before ‘if’
/opt/gnu/packages/gcc-4.8.1/include/c++/4.8.1/functional:2304:2: error: expected ‘;’ before ‘if’
/opt/gnu/packages/gcc-4.8.1/include/c++/4.8.1/functional:2534:53: error: ‘nullptr_t’ has not been declared
     operator==(const function<_Res(_Args...)>& __f, nullptr_t) noexcept
                                                     ^
/opt/gnu/packages/gcc-4.8.1/include/c++/4.8.1/functional:2540:16: error: declaration of ‘operator==’ as non-function
     operator==(nullptr_t, const function<_Res(_Args...)>& __f) noexcept
                ^
/opt/gnu/packages/gcc-4.8.1/include/c++/4.8.1/functional:2540:16: error: ‘nullptr_t’ was not declared in this scope
/opt/gnu/packages/gcc-4.8.1/include/c++/4.8.1/functional:2540:27: error: expected primary-expression before ‘const’
     operator==(nullptr_t, const function<_Res(_Args...)>& __f) noexcept
                           ^
/opt/gnu/packages/gcc-4.8.1/include/c++/4.8.1/functional:2552:53: error: ‘nullptr_t’ has not been declared
     operator!=(const function<_Res(_Args...)>& __f, nullptr_t) noexcept
                                                     ^
/opt/gnu/packages/gcc-4.8.1/include/c++/4.8.1/functional:2558:16: error: declaration of ‘operator!=’ as non-function
     operator!=(nullptr_t, const function<_Res(_Args...)>& __f) noexcept
                ^
/opt/gnu/packages/gcc-4.8.1/include/c++/4.8.1/functional:2558:16: error: ‘nullptr_t’ was not declared in this scope
/opt/gnu/packages/gcc-4.8.1/include/c++/4.8.1/functional:2558:27: error: expected primary-expression before ‘const’
     operator!=(nullptr_t, const function<_Res(_Args...)>& __f) noexcept
                           ^
In file included from /opt/gnu/packages/gcc-4.8.1/include/c++/4.8.1/list:63:0,
                 from /home/eric/workspace/elib/src/detail/rw_lock_impl.h:6,
                 from /home/eric/workspace/elib/src/rw_lock.cpp:2:
/opt/gnu/packages/gcc-4.8.1/include/c++/4.8.1/bits/stl_list.h:130:15: error: ‘ptrdiff_t’ does not name a type
       typedef ptrdiff_t                          difference_type;
               ^
/opt/gnu/packages/gcc-4.8.1/include/c++/4.8.1/bits/stl_list.h:206:15: error: ‘ptrdiff_t’ does not name a type
       typedef ptrdiff_t                          difference_type;
               ^
/opt/gnu/packages/gcc-4.8.1/include/c++/4.8.1/bits/stl_list.h:460:15: error: ‘ptrdiff_t’ does not name a type
       typedef ptrdiff_t                                  difference_type;
               ^
/home/eric/workspace/elib/src/rw_lock.cpp:6:1: error: ‘rw_lock’ does not name a type
 rw_lock::rw_lock()
 ^
/home/eric/workspace/elib/src/rw_lock.cpp:11:1: error: ‘rw_lock’ does not name a type
 rw_lock::~rw_lock()
 ^
/home/eric/workspace/elib/src/rw_lock.cpp:17:1: error: ‘rw_lock’ has not been declared
 rw_lock::read_lock()
 ^
/home/eric/workspace/elib/src/rw_lock.cpp: In function ‘void elib::read_lock()’:
/home/eric/workspace/elib/src/rw_lock.cpp:19:5: error: ‘m_impl’ was not declared in this scope
     m_impl->read_lock();
     ^
/home/eric/workspace/elib/src/rw_lock.cpp: At global scope:
/home/eric/workspace/elib/src/rw_lock.cpp:23:1: error: ‘rw_lock’ has not been declared
 rw_lock::read_unlock()
 ^
/home/eric/workspace/elib/src/rw_lock.cpp: In function ‘void elib::read_unlock()’:
/home/eric/workspace/elib/src/rw_lock.cpp:25:5: error: ‘m_impl’ was not declared in this scope
     m_impl->read_unlock();
     ^
/home/eric/workspace/elib/src/rw_lock.cpp: At global scope:
/home/eric/workspace/elib/src/rw_lock.cpp:29:1: error: ‘rw_lock’ has not been declared
 rw_lock::try_read_lock()
 ^
/home/eric/workspace/elib/src/rw_lock.cpp: In function ‘bool elib::try_read_lock()’:
/home/eric/workspace/elib/src/rw_lock.cpp:31:12: error: ‘m_impl’ was not declared in this scope
     return m_impl->try_read_lock();
            ^
/home/eric/workspace/elib/src/rw_lock.cpp: At global scope:
/home/eric/workspace/elib/src/rw_lock.cpp:35:1: error: ‘rw_lock’ has not been declared
 rw_lock::write_lock()
 ^
/home/eric/workspace/elib/src/rw_lock.cpp: In function ‘void elib::write_lock()’:
/home/eric/workspace/elib/src/rw_lock.cpp:37:5: error: ‘m_impl’ was not declared in this scope
     m_impl->write_lock();
     ^
/home/eric/workspace/elib/src/rw_lock.cpp: At global scope:
/home/eric/workspace/elib/src/rw_lock.cpp:41:1: error: ‘rw_lock’ has not been declared
 rw_lock::write_unlock()
 ^
/home/eric/workspace/elib/src/rw_lock.cpp: In function ‘void elib::write_unlock()’:
/home/eric/workspace/elib/src/rw_lock.cpp:43:5: error: ‘m_impl’ was not declared in this scope
     m_impl->write_unlock();
     ^
/home/eric/workspace/elib/src/rw_lock.cpp: At global scope:
/home/eric/workspace/elib/src/rw_lock.cpp:47:1: error: ‘rw_lock’ has not been declared
 rw_lock::try_write_lock()
 ^
/home/eric/workspace/elib/src/rw_lock.cpp: In function ‘bool elib::try_write_lock()’:
/home/eric/workspace/elib/src/rw_lock.cpp:49:12: error: ‘m_impl’ was not declared in this scope
     return m_impl->try_write_lock();
            ^
/home/eric/workspace/elib/src/rw_lock.cpp: At global scope:
/home/eric/workspace/elib/src/rw_lock.cpp:52:1: error: ‘rw_read_lock’ does not name a type
 rw_read_lock
 ^
/home/eric/workspace/elib/src/rw_lock.cpp:58:1: error: ‘rw_write_lock’ does not name a type
 rw_write_lock
 ^
/home/eric/workspace/elib/src/rw_lock.cpp:70:1: error: ‘rw_read_lock’ does not name a type
 rw_read_lock::rw_read_lock(rw_lock &lock)
 ^
/home/eric/workspace/elib/src/rw_lock.cpp:76:1: error: ‘rw_read_lock’ has not been declared
 rw_read_lock::lock()
 ^
/home/eric/workspace/elib/src/rw_lock.cpp: In function ‘void elib::lock()’:
/home/eric/workspace/elib/src/rw_lock.cpp:78:5: error: ‘m_lock’ was not declared in this scope
     m_lock.read_lock();
     ^
/home/eric/workspace/elib/src/rw_lock.cpp: At global scope:
/home/eric/workspace/elib/src/rw_lock.cpp:82:1: error: ‘rw_read_lock’ has not been declared
 rw_read_lock::unlock()
 ^
/home/eric/workspace/elib/src/rw_lock.cpp: In function ‘void elib::unlock()’:
/home/eric/workspace/elib/src/rw_lock.cpp:84:5: error: ‘m_lock’ was not declared in this scope
     m_lock.read_unlock();
     ^
/home/eric/workspace/elib/src/rw_lock.cpp: At global scope:
/home/eric/workspace/elib/src/rw_lock.cpp:88:1: error: ‘rw_read_lock’ has not been declared
 rw_read_lock::try_lock()
 ^
/home/eric/workspace/elib/src/rw_lock.cpp: In function ‘bool elib::try_lock()’:
/home/eric/workspace/elib/src/rw_lock.cpp:90:12: error: ‘m_lock’ was not declared in this scope
     return m_lock.try_read_lock();
            ^
/home/eric/workspace/elib/src/rw_lock.cpp: At global scope:
/home/eric/workspace/elib/src/rw_lock.cpp:99:1: error: ‘rw_write_lock’ does not name a type
 rw_write_lock::rw_write_lock(rw_lock &lock)
 ^
/home/eric/workspace/elib/src/rw_lock.cpp:105:1: error: ‘rw_write_lock’ has not been declared
 rw_write_lock::lock()
 ^
/home/eric/workspace/elib/src/rw_lock.cpp: In function ‘void elib::lock()’:
/home/eric/workspace/elib/src/rw_lock.cpp:105:1: error: redefinition of ‘void elib::lock()’
/home/eric/workspace/elib/src/rw_lock.cpp:76:1: error: ‘void elib::lock()’ previously defined here
 rw_read_lock::lock()
 ^
/home/eric/workspace/elib/src/rw_lock.cpp:107:5: error: ‘m_lock’ was not declared in this scope
     m_lock.write_lock();
     ^
/home/eric/workspace/elib/src/rw_lock.cpp: At global scope:
/home/eric/workspace/elib/src/rw_lock.cpp:111:1: error: ‘rw_write_lock’ has not been declared
 rw_write_lock::unlock()
 ^
/home/eric/workspace/elib/src/rw_lock.cpp: In function ‘void elib::unlock()’:
/home/eric/workspace/elib/src/rw_lock.cpp:111:1: error: redefinition of ‘void elib::unlock()’
/home/eric/workspace/elib/src/rw_lock.cpp:82:1: error: ‘void elib::unlock()’ previously defined here
 rw_read_lock::unlock()
 ^
/home/eric/workspace/elib/src/rw_lock.cpp:113:5: error: ‘m_lock’ was not declared in this scope
     m_lock.write_unlock();
     ^
/home/eric/workspace/elib/src/rw_lock.cpp: At global scope:
/home/eric/workspace/elib/src/rw_lock.cpp:117:1: error: ‘rw_write_lock’ has not been declared
 rw_write_lock::try_lock()
 ^
/home/eric/workspace/elib/src/rw_lock.cpp: In function ‘bool elib::try_lock()’:
/home/eric/workspace/elib/src/rw_lock.cpp:117:1: error: redefinition of ‘bool elib::try_lock()’
/home/eric/workspace/elib/src/rw_lock.cpp:88:1: error: ‘bool elib::try_lock()’ previously defined here
 rw_read_lock::try_lock()
 ^
/home/eric/workspace/elib/src/rw_lock.cpp:119:12: error: ‘m_lock’ was not declared in this scope
     return m_lock.try_write_lock();
            ^
In file included from /opt/gnu/packages/gcc-4.8.1/include/c++/4.8.1/bits/stl_algobase.h:67:0,
                 from /opt/gnu/packages/gcc-4.8.1/include/c++/4.8.1/bits/char_traits.h:39,
                 from /opt/gnu/packages/gcc-4.8.1/include/c++/4.8.1/string:40,
                 from /opt/gnu/packages/gcc-4.8.1/include/c++/4.8.1/stdexcept:39,
                 from /opt/gnu/packages/gcc-4.8.1/include/c++/4.8.1/array:38,
                 from /opt/gnu/packages/gcc-4.8.1/include/c++/4.8.1/tuple:39,
                 from /opt/gnu/packages/gcc-4.8.1/include/c++/4.8.1/mutex:38,
                 from /home/eric/workspace/elib/src/detail/rw_lock_impl.h:4,
                 from /home/eric/workspace/elib/src/rw_lock.cpp:2:
/opt/gnu/packages/gcc-4.8.1/include/c++/4.8.1/bits/stl_iterator.h: In instantiation of ‘class __gnu_cxx::__normal_iterator<char*, std::basic_string<char> >’:
/opt/gnu/packages/gcc-4.8.1/include/c++/4.8.1/bits/basic_string.h:2448:55:   required from ‘std::basic_string<_CharT, _Traits, _Alloc> std::operator+(std::basic_string<_CharT, _Traits, _Alloc>&&, std::basic_string<_CharT, _Traits, _Alloc>&&) [with _CharT = char; _Traits = std::char_traits<char>; _Alloc = std::allocator<char>]’
/opt/gnu/packages/gcc-4.8.1/include/c++/4.8.1/system_error:319:50:   required from here
/opt/gnu/packages/gcc-4.8.1/include/c++/4.8.1/bits/stl_iterator.h:719:56: error: no type named ‘difference_type’ in ‘struct std::iterator_traits<char*>’
       typedef typename __traits_type::difference_type  difference_type;
                                                        ^
In file included from /opt/gnu/packages/gcc-4.8.1/include/c++/4.8.1/bits/stl_algobase.h:65:0,
                 from /opt/gnu/packages/gcc-4.8.1/include/c++/4.8.1/bits/char_traits.h:39,
                 from /opt/gnu/packages/gcc-4.8.1/include/c++/4.8.1/string:40,
                 from /opt/gnu/packages/gcc-4.8.1/include/c++/4.8.1/stdexcept:39,
                 from /opt/gnu/packages/gcc-4.8.1/include/c++/4.8.1/array:38,
                 from /opt/gnu/packages/gcc-4.8.1/include/c++/4.8.1/tuple:39,
                 from /opt/gnu/packages/gcc-4.8.1/include/c++/4.8.1/mutex:38,
                 from /home/eric/workspace/elib/src/detail/rw_lock_impl.h:4,
                 from /home/eric/workspace/elib/src/rw_lock.cpp:2:
/opt/gnu/packages/gcc-4.8.1/include/c++/4.8.1/bits/stl_iterator_base_types.h: In instantiation of ‘struct std::__iterator_traits<std::_List_const_iterator<elib::detail::rw_lock_impl::request_group>, true>’:
/opt/gnu/packages/gcc-4.8.1/include/c++/4.8.1/bits/stl_iterator_base_types.h:159:12:   required from ‘struct std::iterator_traits<std::_List_const_iterator<elib::detail::rw_lock_impl::request_group> >’
/opt/gnu/packages/gcc-4.8.1/include/c++/4.8.1/bits/stl_iterator_base_funcs.h:114:5:   required by substitution of ‘template<class _InputIterator> typename std::iterator_traits<_Iterator>::difference_type std::distance(_InputIterator, _InputIterator) [with _InputIterator = std::_List_const_iterator<elib::detail::rw_lock_impl::request_group>]’
/opt/gnu/packages/gcc-4.8.1/include/c++/4.8.1/bits/stl_list.h:874:44:   required from ‘std::list<_Tp, _Alloc>::size_type std::list<_Tp, _Alloc>::size() const [with _Tp = elib::detail::rw_lock_impl::request_group; _Alloc = std::allocator<elib::detail::rw_lock_impl::request_group>; std::list<_Tp, _Alloc>::size_type = long unsigned int]’
/home/eric/workspace/elib/src/detail/rw_lock_impl.h:184:53:   required from here
/opt/gnu/packages/gcc-4.8.1/include/c++/4.8.1/bits/stl_iterator_base_types.h:153:53: error: no type named ‘difference_type’ in ‘struct std::_List_const_iterator<elib::detail::rw_lock_impl::request_group>’
       typedef typename _Iterator::difference_type   difference_type;
                                                     ^
In file included from /opt/gnu/packages/gcc-4.8.1/include/c++/4.8.1/list:63:0,
                 from /home/eric/workspace/elib/src/detail/rw_lock_impl.h:6,
                 from /home/eric/workspace/elib/src/rw_lock.cpp:2:
/opt/gnu/packages/gcc-4.8.1/include/c++/4.8.1/bits/stl_list.h: In instantiation of ‘std::list<_Tp, _Alloc>::size_type std::list<_Tp, _Alloc>::size() const [with _Tp = elib::detail::rw_lock_impl::request_group; _Alloc = std::allocator<elib::detail::rw_lock_impl::request_group>; std::list<_Tp, _Alloc>::size_type = long unsigned int]’:
/home/eric/workspace/elib/src/detail/rw_lock_impl.h:184:53:   required from here
/opt/gnu/packages/gcc-4.8.1/include/c++/4.8.1/bits/stl_list.h:874:44: error: no matching function for call to ‘distance(std::list<elib::detail::rw_lock_impl::request_group>::const_iterator, std::list<elib::detail::rw_lock_impl::request_group>::const_iterator)’
       { return std::distance(begin(), end()); }
                                            ^
/opt/gnu/packages/gcc-4.8.1/include/c++/4.8.1/bits/stl_list.h:874:44: note: candidate is:
In file included from /opt/gnu/packages/gcc-4.8.1/include/c++/4.8.1/bits/stl_algobase.h:66:0,
                 from /opt/gnu/packages/gcc-4.8.1/include/c++/4.8.1/bits/char_traits.h:39,
                 from /opt/gnu/packages/gcc-4.8.1/include/c++/4.8.1/string:40,
                 from /opt/gnu/packages/gcc-4.8.1/include/c++/4.8.1/stdexcept:39,
                 from /opt/gnu/packages/gcc-4.8.1/include/c++/4.8.1/array:38,
                 from /opt/gnu/packages/gcc-4.8.1/include/c++/4.8.1/tuple:39,
                 from /opt/gnu/packages/gcc-4.8.1/include/c++/4.8.1/mutex:38,
                 from /home/eric/workspace/elib/src/detail/rw_lock_impl.h:4,
                 from /home/eric/workspace/elib/src/rw_lock.cpp:2:
/opt/gnu/packages/gcc-4.8.1/include/c++/4.8.1/bits/stl_iterator_base_funcs.h:114:5: note: template<class _InputIterator> typename std::iterator_traits<_Iterator>::difference_type std::distance(_InputIterator, _InputIterator)
     distance(_InputIterator __first, _InputIterator __last)
     ^
/opt/gnu/packages/gcc-4.8.1/include/c++/4.8.1/bits/stl_iterator_base_funcs.h:114:5: note:   substitution of deduced template arguments resulted in errors seen above
In file included from /opt/gnu/packages/gcc-4.8.1/include/c++/4.8.1/x86_64-unknown-linux-gnu/bits/c++allocator.h:33:0,
                 from /opt/gnu/packages/gcc-4.8.1/include/c++/4.8.1/bits/allocator.h:46,
                 from /opt/gnu/packages/gcc-4.8.1/include/c++/4.8.1/string:41,
                 from /opt/gnu/packages/gcc-4.8.1/include/c++/4.8.1/stdexcept:39,
                 from /opt/gnu/packages/gcc-4.8.1/include/c++/4.8.1/array:38,
                 from /opt/gnu/packages/gcc-4.8.1/include/c++/4.8.1/tuple:39,
                 from /opt/gnu/packages/gcc-4.8.1/include/c++/4.8.1/mutex:38,
                 from /home/eric/workspace/elib/src/detail/rw_lock_impl.h:4,
                 from /home/eric/workspace/elib/src/rw_lock.cpp:2:
/opt/gnu/packages/gcc-4.8.1/include/c++/4.8.1/ext/new_allocator.h: In instantiation of ‘void __gnu_cxx::new_allocator<_Tp>::construct(_Up*, _Args&& ...) [with _Up = std::_List_node<elib::detail::rw_lock_impl::request_group>; _Args = {elib::detail::rw_lock_impl::lock_type_e&}; _Tp = std::_List_node<elib::detail::rw_lock_impl::request_group>]’:
/opt/gnu/packages/gcc-4.8.1/include/c++/4.8.1/bits/stl_list.h:505:8:   required from ‘std::list<_Tp, _Alloc>::_Node* std::list<_Tp, _Alloc>::_M_create_node(_Args&& ...) [with _Args = {elib::detail::rw_lock_impl::lock_type_e&}; _Tp = elib::detail::rw_lock_impl::request_group; _Alloc = std::allocator<elib::detail::rw_lock_impl::request_group>; std::list<_Tp, _Alloc>::_Node = std::_List_node<elib::detail::rw_lock_impl::request_group>]’
/opt/gnu/packages/gcc-4.8.1/include/c++/4.8.1/bits/stl_list.h:1561:63:   required from ‘void std::list<_Tp, _Alloc>::_M_insert(std::list<_Tp, _Alloc>::iterator, _Args&& ...) [with _Args = {elib::detail::rw_lock_impl::lock_type_e&}; _Tp = elib::detail::rw_lock_impl::request_group; _Alloc = std::allocator<elib::detail::rw_lock_impl::request_group>; std::list<_Tp, _Alloc>::iterator = std::_List_iterator<elib::detail::rw_lock_impl::request_group>]’
/opt/gnu/packages/gcc-4.8.1/include/c++/4.8.1/bits/stl_list.h:1026:11:   required from ‘void std::list<_Tp, _Alloc>::emplace_back(_Args&& ...) [with _Args = {elib::detail::rw_lock_impl::lock_type_e&}; _Tp = elib::detail::rw_lock_impl::request_group; _Alloc = std::allocator<elib::detail::rw_lock_impl::request_group>]’
/home/eric/workspace/elib/src/detail/rw_lock_impl.h:195:32:   required from here
/opt/gnu/packages/gcc-4.8.1/include/c++/4.8.1/ext/new_allocator.h:120:4: error: no matching function for call to ‘operator new(sizetype, void*)’
  { ::new((void *)__p) _Up(std::forward<_Args>(__args)...); }
    ^
/opt/gnu/packages/gcc-4.8.1/include/c++/4.8.1/ext/new_allocator.h:120:4: note: candidate is:
<built-in>:0:0: note: void* operator new(long unsigned int)
<built-in>:0:0: note:   candidate expects 1 argument, 2 provided
/home/eric/workspace/elib/src/rw_lock.cpp: In function ‘bool elib::try_read_lock()’:
/home/eric/workspace/elib/src/rw_lock.cpp:32:1: warning: control reaches end of non-void function [-Wreturn-type]
 }
 ^
/home/eric/workspace/elib/src/rw_lock.cpp: In function ‘bool elib::try_write_lock()’:
/home/eric/workspace/elib/src/rw_lock.cpp:50:1: warning: control reaches end of non-void function [-Wreturn-type]
 }
 ^
/home/eric/workspace/elib/src/rw_lock.cpp: In function ‘bool elib::try_lock()’:
/home/eric/workspace/elib/src/rw_lock.cpp:91:1: warning: control reaches end of non-void function [-Wreturn-type]
 }
 ^
/home/eric/workspace/elib/src/rw_lock.cpp: In function ‘bool elib::try_lock()’:
/home/eric/workspace/elib/src/rw_lock.cpp:120:1: warning: control reaches end of non-void function [-Wreturn-type]
 }
 ^
make[3]: *** [src/CMakeFiles/ObjLib.dir/rw_lock.cpp.o] Error 1
make[2]: *** [src/CMakeFiles/ObjLib.dir/all] Error 2
make[1]: *** [all] Error 2
make: *** [all] Error 2
